#
# A fatal error has been detected by the Java Runtime Environment:
#
#  SIGBUS (0x7) at pc=0x00007f056df92a84, pid=10343, tid=0x00007f051eeec700
#
# JRE version: Java(TM) SE Runtime Environment (8.0_111-b14) (build 1.8.0_111-b14)
# Java VM: Java HotSpot(TM) 64-Bit Server VM (25.111-b14 mixed mode linux-amd64 compressed oops)
# Problematic frame:
# C  [ld-linux-x86-64.so.2+0x1da84]
#
# Failed to write core dump. Core dumps have been disabled. To enable core dumping, try "ulimit -c unlimited" before starting Java again
#
# If you would like to submit a bug report, please visit:
#   http://bugreport.java.com/bugreport/crash.jsp
# The crash happened outside the Java Virtual Machine in native code.
# See problematic frame for where to report the bug.
#

---------------  T H R E A D  ---------------

Current thread (0x00007f05684ff800):  JavaThread "Test worker" [_thread_in_native, id=10775, stack(0x00007f051edec000,0x00007f051eeed000)]

siginfo: si_signo: 7 (SIGBUS), si_code: 2 (BUS_ADRERR), si_addr: 0x00007f051d5e5978

Registers:
RAX=0x00007f051d5e5978, RBX=0x0000000000000003, RCX=0x00007f051d5e59b8, RDX=0x0000000000000590
RSP=0x00007f051eee75e8, RBP=0x00007f051eee7830, RSI=0x0000000000000000, RDI=0x00007f051d5e5978
R8 =0x00007f051d5e5f08, R9 =0x00000000000ac000, R10=0x00007f051eee7620, R11=0x00007f051d5e5f08
R12=0x00007f05184c7960, R13=0x00007f051eee7918, R14=0x0000000000000002, R15=0x0000000000000803
RIP=0x00007f056df92a84, EFLAGS=0x0000000000010206, CSGSFS=0x0000000000000033, ERR=0x0000000000000006
  TRAPNO=0x000000000000000e

Top of Stack: (sp=0x00007f051eee75e8)
0x00007f051eee75e8:   00007f056df7bf98 0000000000000000
0x00007f051eee75f8:   00000000000ac000 00000000000ab904
0x00007f051eee7608:   00000000000ab904 0000000000000000
0x00007f051eee7618:   00007f0500000005 00000000002ac000
0x00007f051eee7628:   00000000002b0000 00000000002af978
0x00007f051eee7638:   00000000002aff08 00000000000ac000
0x00007f051eee7648:   0000000000000003 00007f05184c7960
0x00007f051eee7658:   00007f05184c7960 0000000000000000
0x00007f051eee7668:   00007f056d5f85d4 0000000000000000
0x00007f051eee7678:   0000000000000028 0000000000000002
0x00007f051eee7688:   00007f056df80cc8 00007f05184bd3e0
0x00007f051eee7698:   0000000000000028 000000029000002f
0x00007f051eee76a8:   0000000000000028 00007f05684d7f30
0x00007f051eee76b8:   0000000000000000 00007f051eee7830
0x00007f051eee76c8:   0000000000000000 0000000090000001
0x00007f051eee76d8:   0000000000000066 0000000000000803
0x00007f051eee76e8:   00007f056df7b33d 00007f051eee7880
0x00007f051eee76f8:   000000031eee7900 00007f051d5e5f08
0x00007f051eee7708:   00000000002aff08 00007f051eee7620
0x00007f051eee7718:   00007f051eee76f0 00007f051eee75f0
0x00007f051eee7728:   0000000000000000 00007f051eee78d0
0x00007f051eee7738:   00000000000a26bb 0000000000000006
0x00007f051eee7748:   00007f051d5e5f08 00000066011e3820
0x00007f051eee7758:   00007f056e19c140 00007f05184bd3e0
0x00007f051eee7768:   00007f05184a3560 0000000000000803
0x00007f051eee7778:   00000000000a26bb 0000000000000001
0x00007f051eee7788:   000003e8000081b4 00000000000003e8
0x00007f051eee7798:   0000000000000000 0000000000020891
0x00007f051eee77a8:   0000000000001000 0000000000000108
0x00007f051eee77b8:   00000000587de352 000000002fd8665d
0x00007f051eee77c8:   00000000587de352 000000002f21624c
0x00007f051eee77d8:   00000000587de352 000000002f21624c 

Instructions: (pc=0x00007f056df92a84)
0x00007f056df92a64:   f3 c3 66 2e 0f 1f 84 00 00 00 00 00 f3 0f 7f 47
0x00007f056df92a74:   10 f3 0f 7f 44 17 e0 c3 0f 1f 40 00 48 8d 4f 40
0x00007f056df92a84:   f3 0f 7f 07 48 83 e1 c0 f3 0f 7f 44 17 f0 f3 0f
0x00007f056df92a94:   7f 47 10 f3 0f 7f 44 17 e0 f3 0f 7f 47 20 f3 0f 

Register to memory mapping:

RAX=0x00007f051d5e5978 is an unknown value
RBX=0x0000000000000003 is an unknown value
RCX=0x00007f051d5e59b8 is an unknown value
RDX=0x0000000000000590 is an unknown value
RSP=0x00007f051eee75e8 is pointing into the stack for thread: 0x00007f05684ff800
RBP=0x00007f051eee7830 is pointing into the stack for thread: 0x00007f05684ff800
RSI=0x0000000000000000 is an unknown value
RDI=0x00007f051d5e5978 is an unknown value
R8 =0x00007f051d5e5f08 is an unknown value
R9 =0x00000000000ac000 is an unknown value
R10=0x00007f051eee7620 is pointing into the stack for thread: 0x00007f05684ff800
R11=0x00007f051d5e5f08 is an unknown value
R12=0x00007f05184c7960 is an unknown value
R13=0x00007f051eee7918 is pointing into the stack for thread: 0x00007f05684ff800
R14=0x0000000000000002 is an unknown value
R15=0x0000000000000803 is an unknown value


Stack: [0x00007f051edec000,0x00007f051eeed000],  sp=0x00007f051eee75e8,  free space=1005k
Native frames: (J=compiled Java code, j=interpreted, Vv=VM code, C=native code)
C  [ld-linux-x86-64.so.2+0x1da84]
C  [ld-linux-x86-64.so.2+0x8a57]

Java frames: (J=compiled Java code, j=interpreted, Vv=VM code)
j  java.lang.ClassLoader$NativeLibrary.load(Ljava/lang/String;Z)V+0
j  java.lang.ClassLoader.loadLibrary0(Ljava/lang/Class;Ljava/io/File;)Z+328
j  java.lang.ClassLoader.loadLibrary(Ljava/lang/Class;Ljava/lang/String;Z)V+48
j  java.lang.Runtime.load0(Ljava/lang/Class;Ljava/lang/String;)V+57
j  java.lang.System.load(Ljava/lang/String;)V+7
j  com.almworks.sqlite4java.Internal.tryLoadFromPath(Ljava/lang/String;Ljava/lang/String;[Ljava/lang/Throwable;)Z+98
j  com.almworks.sqlite4java.Internal.loadLibraryX()Ljava/lang/Throwable;+319
j  com.almworks.sqlite4java.SQLite.loadLibrary()V+6
j  com.almworks.sqlite4java.SQLite.getSQLiteVersion()Ljava/lang/String;+0
j  org.robolectric.shadows.util.SQLiteLibraryLoader.loadFromDirectory(Ljava/io/File;)V+42
j  org.robolectric.shadows.util.SQLiteLibraryLoader.extractAndLoad(Ljava/io/InputStream;Ljava/io/File;)V+124
j  org.robolectric.shadows.util.SQLiteLibraryLoader.doLoad()V+42
j  org.robolectric.shadows.util.SQLiteLibraryLoader.load()V+19
j  org.robolectric.shadows.ShadowSQLiteConnection.<clinit>()V+19
v  ~StubRoutines::call_stub
j  org.robolectric.Shadows.reset()V+63
j  org.robolectric.Robolectric.reset()V+43
j  org.robolectric.internal.ParallelUniverse.resetStaticState(Lorg/robolectric/annotation/Config;)V+0
j  org.robolectric.RobolectricTestRunner$2.evaluate()V+138
j  org.robolectric.RobolectricTestRunner.runChild(Lorg/junit/runners/model/FrameworkMethod;Lorg/junit/runner/notification/RunNotifier;)V+119
j  org.robolectric.RobolectricTestRunner.runChild(Ljava/lang/Object;Lorg/junit/runner/notification/RunNotifier;)V+6
j  org.junit.runners.ParentRunner$3.run()V+12
j  org.junit.runners.ParentRunner$1.schedule(Ljava/lang/Runnable;)V+1
j  org.junit.runners.ParentRunner.runChildren(Lorg/junit/runner/notification/RunNotifier;)V+44
j  org.junit.runners.ParentRunner.access$000(Lorg/junit/runners/ParentRunner;Lorg/junit/runner/notification/RunNotifier;)V+2
j  org.junit.runners.ParentRunner$2.evaluate()V+8
j  org.robolectric.RobolectricTestRunner$1.evaluate()V+4
j  org.junit.runners.ParentRunner.run(Lorg/junit/runner/notification/RunNotifier;)V+20
j  org.gradle.api.internal.tasks.testing.junit.JUnitTestClassExecuter.runTestClass(Ljava/lang/String;)V+260
j  org.gradle.api.internal.tasks.testing.junit.JUnitTestClassExecuter.execute(Ljava/lang/String;)V+14
j  org.gradle.api.internal.tasks.testing.junit.JUnitTestClassProcessor.processTestClass(Lorg/gradle/api/internal/tasks/testing/TestClassRunInfo;)V+26
j  org.gradle.api.internal.tasks.testing.SuiteTestClassProcessor.processTestClass(Lorg/gradle/api/internal/tasks/testing/TestClassRunInfo;)V+5
v  ~StubRoutines::call_stub
j  sun.reflect.NativeMethodAccessorImpl.invoke0(Ljava/lang/reflect/Method;Ljava/lang/Object;[Ljava/lang/Object;)Ljava/lang/Object;+0
j  sun.reflect.NativeMethodAccessorImpl.invoke(Ljava/lang/Object;[Ljava/lang/Object;)Ljava/lang/Object;+100
j  sun.reflect.DelegatingMethodAccessorImpl.invoke(Ljava/lang/Object;[Ljava/lang/Object;)Ljava/lang/Object;+6
j  java.lang.reflect.Method.invoke(Ljava/lang/Object;[Ljava/lang/Object;)Ljava/lang/Object;+56
j  org.gradle.internal.dispatch.ReflectionDispatch.dispatch(Lorg/gradle/internal/dispatch/MethodInvocation;)V+19
j  org.gradle.internal.dispatch.ReflectionDispatch.dispatch(Ljava/lang/Object;)V+5
j  org.gradle.internal.dispatch.ContextClassLoaderDispatch.dispatch(Ljava/lang/Object;)V+22
j  org.gradle.internal.dispatch.ProxyDispatchAdapter$DispatchingInvocationHandler.invoke(Ljava/lang/Object;Ljava/lang/reflect/Method;[Ljava/lang/Object;)Ljava/lang/Object;+178
j  com.sun.proxy.$Proxy2.processTestClass(Lorg/gradle/api/internal/tasks/testing/TestClassRunInfo;)V+16
j  org.gradle.api.internal.tasks.testing.worker.TestWorker.processTestClass(Lorg/gradle/api/internal/tasks/testing/TestClassRunInfo;)V+13
v  ~StubRoutines::call_stub
j  sun.reflect.NativeMethodAccessorImpl.invoke0(Ljava/lang/reflect/Method;Ljava/lang/Object;[Ljava/lang/Object;)Ljava/lang/Object;+0
j  sun.reflect.NativeMethodAccessorImpl.invoke(Ljava/lang/Object;[Ljava/lang/Object;)Ljava/lang/Object;+100
j  sun.reflect.DelegatingMethodAccessorImpl.invoke(Ljava/lang/Object;[Ljava/lang/Object;)Ljava/lang/Object;+6
j  java.lang.reflect.Method.invoke(Ljava/lang/Object;[Ljava/lang/Object;)Ljava/lang/Object;+56
j  org.gradle.internal.dispatch.ReflectionDispatch.dispatch(Lorg/gradle/internal/dispatch/MethodInvocation;)V+19
j  org.gradle.internal.dispatch.ReflectionDispatch.dispatch(Ljava/lang/Object;)V+5
j  org.gradle.internal.remote.internal.hub.MessageHub$Handler.run()V+174
j  org.gradle.internal.concurrent.ExecutorPolicy$CatchAndRecordFailures.onExecute(Ljava/lang/Runnable;)V+1
j  org.gradle.internal.concurrent.StoppableExecutorImpl$1.run()V+25
j  java.util.concurrent.ThreadPoolExecutor.runWorker(Ljava/util/concurrent/ThreadPoolExecutor$Worker;)V+95
j  java.util.concurrent.ThreadPoolExecutor$Worker.run()V+5
j  java.lang.Thread.run()V+11
v  ~StubRoutines::call_stub

---------------  P R O C E S S  ---------------

Java Threads: ( => current thread )
  0x00007f0518188800 JavaThread "pool-1-thread-5" [_thread_blocked, id=10811, stack(0x00007f051e2ac000,0x00007f051e3ad000)]
  0x00007f0518187000 JavaThread "pool-1-thread-4" [_thread_blocked, id=10809, stack(0x00007f051e3ad000,0x00007f051e4ae000)]
  0x00007f05181aa000 JavaThread "pool-1-thread-3" [_thread_blocked, id=10808, stack(0x00007f051e4ae000,0x00007f051e5af000)]
  0x00007f05181a9000 JavaThread "pool-1-thread-2" [_thread_blocked, id=10807, stack(0x00007f051e9af000,0x00007f051eab0000)]
  0x00007f05181a8800 JavaThread "pool-1-thread-1" [_thread_blocked, id=10805, stack(0x00007f051eab0000,0x00007f051ebb1000)]
  0x00007f05180d2800 JavaThread "process reaper" daemon [_thread_blocked, id=10790, stack(0x00007f051ebb1000,0x00007f051ebea000)]
  0x00007f056852a800 JavaThread "/0:0:0:0:0:0:0:1:39258 to /0:0:0:0:0:0:0:1:42189 workers Thread 3" [_thread_in_native, id=10783, stack(0x00007f051ebea000,0x00007f051eceb000)]
  0x00007f0568529800 JavaThread "/0:0:0:0:0:0:0:1:39258 to /0:0:0:0:0:0:0:1:42189 workers Thread 2" [_thread_blocked, id=10782, stack(0x00007f051eceb000,0x00007f051edec000)]
=>0x00007f05684ff800 JavaThread "Test worker" [_thread_in_native, id=10775, stack(0x00007f051edec000,0x00007f051eeed000)]
  0x00007f05680f3000 JavaThread "Service Thread" daemon [_thread_blocked, id=10409, stack(0x00007f0554274000,0x00007f0554375000)]
  0x00007f05680f0000 JavaThread "C1 CompilerThread2" daemon [_thread_blocked, id=10407, stack(0x00007f0554375000,0x00007f0554476000)]
  0x00007f05680ed800 JavaThread "C2 CompilerThread1" daemon [_thread_in_native, id=10405, stack(0x00007f0554476000,0x00007f0554577000)]
  0x00007f05680ec000 JavaThread "C2 CompilerThread0" daemon [_thread_in_native, id=10404, stack(0x00007f0554577000,0x00007f0554678000)]
  0x00007f05680ea800 JavaThread "Signal Dispatcher" daemon [_thread_blocked, id=10403, stack(0x00007f0554678000,0x00007f0554779000)]
  0x00007f0568084000 JavaThread "Finalizer" daemon [_thread_blocked, id=10389, stack(0x00007f0554a52000,0x00007f0554b53000)]
  0x00007f056807f800 JavaThread "Reference Handler" daemon [_thread_blocked, id=10386, stack(0x00007f0554b53000,0x00007f0554c54000)]
  0x00007f056800a000 JavaThread "main" [_thread_blocked, id=10349, stack(0x00007f056e075000,0x00007f056e176000)]

Other Threads:
  0x00007f0568078000 VMThread [stack: 0x00007f0554c54000,0x00007f0554d55000] [id=10381]
  0x00007f05680f6000 WatcherThread [stack: 0x00007f0554173000,0x00007f0554274000] [id=10411]

VM state:not at safepoint (normal execution)

VM Mutex/Monitor currently owned by a thread: None

Heap:
 PSYoungGen      total 64000K, used 42999K [0x00000000f5580000, 0x00000000f9680000, 0x0000000100000000)
  eden space 61440K, 65% used [0x00000000f5580000,0x00000000f7cff280,0x00000000f9180000)
  from space 2560K, 99% used [0x00000000f9400000,0x00000000f967ed00,0x00000000f9680000)
  to   space 2560K, 0% used [0x00000000f9180000,0x00000000f9180000,0x00000000f9400000)
 ParOldGen       total 40960K, used 9684K [0x00000000e0000000, 0x00000000e2800000, 0x00000000f5580000)
  object space 40960K, 23% used [0x00000000e0000000,0x00000000e0975300,0x00000000e2800000)
 Metaspace       used 16246K, capacity 16554K, committed 16896K, reserved 1064960K
  class space    used 1819K, capacity 1961K, committed 2048K, reserved 1048576K

Card table byte_map: [0x00007f0557caa000,0x00007f0557dab000] byte_map_base: 0x00007f05575aa000

Marking Bits: (ParMarkBitMap*) 0x00007f056d548220
 Begin Bits: [0x00007f05568a6000, 0x00007f05570a6000)
 End Bits:   [0x00007f05570a6000, 0x00007f05578a6000)

Polling page: 0x00007f056e197000

CodeCache: size=245760Kb used=6370Kb max_used=6378Kb free=239389Kb
 bounds [0x00007f055816b000, 0x00007f05587ab000, 0x00007f056716b000]
 total_blobs=2120 nmethods=1748 adapters=285
 compilation: enabled

Compilation events (10 events):
Event: 9.002 Thread 0x00007f05680f0000 1784   !   3       org.robolectric.shadows.util.SQLiteLibraryLoader::md5sum (116 bytes)
Event: 9.004 Thread 0x00007f05680f0000 nmethod 1784 0x00007f055879da10 code [0x00007f055879dd00, 0x00007f055879f088]
Event: 9.041 Thread 0x00007f05680ec000 nmethod 1724 0x00007f05587a3c90 code [0x00007f05587a4020, 0x00007f05587a7140]
Event: 9.041 Thread 0x00007f05680ec000 1748       4       org.objectweb.asm.Frame::a (576 bytes)
Event: 9.254 Thread 0x00007f05680f0000 1786       2       java.lang.reflect.Constructor::newInstance (87 bytes)
Event: 9.255 Thread 0x00007f05680f0000 nmethod 1786 0x00007f05587a3590 code [0x00007f05587a3760, 0x00007f05587a3aa8]
Event: 9.300 Thread 0x00007f05680f0000 1787       2       java.io.BufferedInputStream::getInIfOpen (21 bytes)
Event: 9.300 Thread 0x00007f05680f0000 nmethod 1787 0x00007f05587a3150 code [0x00007f05587a32c0, 0x00007f05587a34c8]
Event: 9.484 Thread 0x00007f05680f0000 1788       2       java.io.BufferedInputStream::fill (233 bytes)
Event: 9.485 Thread 0x00007f05680f0000 nmethod 1788 0x00007f05587a23d0 code [0x00007f05587a25c0, 0x00007f05587a2db8]

GC Heap History (8 events):
Event: 2.098 GC heap before
{Heap before GC invocations=1 (full 0):
 PSYoungGen      total 17920K, used 15360K [0x00000000f5580000, 0x00000000f6980000, 0x0000000100000000)
  eden space 15360K, 100% used [0x00000000f5580000,0x00000000f6480000,0x00000000f6480000)
  from space 2560K, 0% used [0x00000000f6700000,0x00000000f6700000,0x00000000f6980000)
  to   space 2560K, 0% used [0x00000000f6480000,0x00000000f6480000,0x00000000f6700000)
 ParOldGen       total 40960K, used 0K [0x00000000e0000000, 0x00000000e2800000, 0x00000000f5580000)
  object space 40960K, 0% used [0x00000000e0000000,0x00000000e0000000,0x00000000e2800000)
 Metaspace       used 7768K, capacity 8002K, committed 8320K, reserved 1056768K
  class space    used 993K, capacity 1065K, committed 1152K, reserved 1048576K
Event: 2.124 GC heap after
Heap after GC invocations=1 (full 0):
 PSYoungGen      total 17920K, used 2529K [0x00000000f5580000, 0x00000000f7880000, 0x0000000100000000)
  eden space 15360K, 0% used [0x00000000f5580000,0x00000000f5580000,0x00000000f6480000)
  from space 2560K, 98% used [0x00000000f6480000,0x00000000f66f8550,0x00000000f6700000)
  to   space 2560K, 0% used [0x00000000f7600000,0x00000000f7600000,0x00000000f7880000)
 ParOldGen       total 40960K, used 900K [0x00000000e0000000, 0x00000000e2800000, 0x00000000f5580000)
  object space 40960K, 2% used [0x00000000e0000000,0x00000000e00e10e0,0x00000000e2800000)
 Metaspace       used 7768K, capacity 8002K, committed 8320K, reserved 1056768K
  class space    used 993K, capacity 1065K, committed 1152K, reserved 1048576K
}
Event: 3.352 GC heap before
{Heap before GC invocations=2 (full 0):
 PSYoungGen      total 17920K, used 17889K [0x00000000f5580000, 0x00000000f7880000, 0x0000000100000000)
  eden space 15360K, 100% used [0x00000000f5580000,0x00000000f6480000,0x00000000f6480000)
  from space 2560K, 98% used [0x00000000f6480000,0x00000000f66f8550,0x00000000f6700000)
  to   space 2560K, 0% used [0x00000000f7600000,0x00000000f7600000,0x00000000f7880000)
 ParOldGen       total 40960K, used 900K [0x00000000e0000000, 0x00000000e2800000, 0x00000000f5580000)
  object space 40960K, 2% used [0x00000000e0000000,0x00000000e00e10e0,0x00000000e2800000)
 Metaspace       used 10754K, capacity 10932K, committed 11008K, reserved 1058816K
  class space    used 1369K, capacity 1462K, committed 1536K, reserved 1048576K
Event: 3.379 GC heap after
Heap after GC invocations=2 (full 0):
 PSYoungGen      total 33280K, used 2547K [0x00000000f5580000, 0x00000000f7880000, 0x0000000100000000)
  eden space 30720K, 0% used [0x00000000f5580000,0x00000000f5580000,0x00000000f7380000)
  from space 2560K, 99% used [0x00000000f7600000,0x00000000f787cd20,0x00000000f7880000)
  to   space 2560K, 0% used [0x00000000f7380000,0x00000000f7380000,0x00000000f7600000)
 ParOldGen       total 40960K, used 2963K [0x00000000e0000000, 0x00000000e2800000, 0x00000000f5580000)
  object space 40960K, 7% used [0x00000000e0000000,0x00000000e02e4cc0,0x00000000e2800000)
 Metaspace       used 10754K, capacity 10932K, committed 11008K, reserved 1058816K
  class space    used 1369K, capacity 1462K, committed 1536K, reserved 1048576K
}
Event: 6.263 GC heap before
{Heap before GC invocations=3 (full 0):
 PSYoungGen      total 33280K, used 33267K [0x00000000f5580000, 0x00000000f7880000, 0x0000000100000000)
  eden space 30720K, 100% used [0x00000000f5580000,0x00000000f7380000,0x00000000f7380000)
  from space 2560K, 99% used [0x00000000f7600000,0x00000000f787cd20,0x00000000f7880000)
  to   space 2560K, 0% used [0x00000000f7380000,0x00000000f7380000,0x00000000f7600000)
 ParOldGen       total 40960K, used 2963K [0x00000000e0000000, 0x00000000e2800000, 0x00000000f5580000)
  object space 40960K, 7% used [0x00000000e0000000,0x00000000e02e4cc0,0x00000000e2800000)
 Metaspace       used 13676K, capacity 14024K, committed 14208K, reserved 1060864K
  class space    used 1664K, capacity 1800K, committed 1920K, reserved 1048576K
Event: 6.305 GC heap after
Heap after GC invocations=3 (full 0):
 PSYoungGen      total 33280K, used 2555K [0x00000000f5580000, 0x00000000f9680000, 0x0000000100000000)
  eden space 30720K, 0% used [0x00000000f5580000,0x00000000f5580000,0x00000000f7380000)
  from space 2560K, 99% used [0x00000000f7380000,0x00000000f75fece0,0x00000000f7600000)
  to   space 2560K, 0% used [0x00000000f9400000,0x00000000f9400000,0x00000000f9680000)
 ParOldGen       total 40960K, used 7089K [0x00000000e0000000, 0x00000000e2800000, 0x00000000f5580000)
  object space 40960K, 17% used [0x00000000e0000000,0x00000000e06ec6d0,0x00000000e2800000)
 Metaspace       used 13676K, capacity 14024K, committed 14208K, reserved 1060864K
  class space    used 1664K, capacity 1800K, committed 1920K, reserved 1048576K
}
Event: 7.851 GC heap before
{Heap before GC invocations=4 (full 0):
 PSYoungGen      total 33280K, used 33275K [0x00000000f5580000, 0x00000000f9680000, 0x0000000100000000)
  eden space 30720K, 100% used [0x00000000f5580000,0x00000000f7380000,0x00000000f7380000)
  from space 2560K, 99% used [0x00000000f7380000,0x00000000f75fece0,0x00000000f7600000)
  to   space 2560K, 0% used [0x00000000f9400000,0x00000000f9400000,0x00000000f9680000)
 ParOldGen       total 40960K, used 7089K [0x00000000e0000000, 0x00000000e2800000, 0x00000000f5580000)
  object space 40960K, 17% used [0x00000000e0000000,0x00000000e06ec6d0,0x00000000e2800000)
 Metaspace       used 15087K, capacity 15370K, committed 15488K, reserved 1062912K
  class space    used 1767K, capacity 1865K, committed 1920K, reserved 1048576K
Event: 7.867 GC heap after
Heap after GC invocations=4 (full 0):
 PSYoungGen      total 64000K, used 2555K [0x00000000f5580000, 0x00000000f9680000, 0x0000000100000000)
  eden space 61440K, 0% used [0x00000000f5580000,0x00000000f5580000,0x00000000f9180000)
  from space 2560K, 99% used [0x00000000f9400000,0x00000000f967ed00,0x00000000f9680000)
  to   space 2560K, 0% used [0x00000000f9180000,0x00000000f9180000,0x00000000f9400000)
 ParOldGen       total 40960K, used 9684K [0x00000000e0000000, 0x00000000e2800000, 0x00000000f5580000)
  object space 40960K, 23% used [0x00000000e0000000,0x00000000e0975300,0x00000000e2800000)
 Metaspace       used 15087K, capacity 15370K, committed 15488K, reserved 1062912K
  class space    used 1767K, capacity 1865K, committed 1920K, reserved 1048576K
}

Deoptimization events (10 events):
Event: 6.417 Thread 0x00007f05684ff800 Uncommon trap: reason=unstable_if action=reinterpret pc=0x00007f055839a58c method=sun.misc.MetaIndex.mayContain(Ljava/lang/String;)Z @ 38
Event: 6.425 Thread 0x00007f05684ff800 Uncommon trap: reason=unstable_if action=reinterpret pc=0x00007f05584c0728 method=sun.net.www.ParseUtil.encodePath(Ljava/lang/String;Z)Ljava/lang/String; @ 109
Event: 6.842 Thread 0x00007f05684ff800 Uncommon trap: reason=unstable_if action=reinterpret pc=0x00007f055864e184 method=org.objectweb.asm.Frame.a(Lorg/objectweb/asm/ClassWriter;I[II)Z @ 19
Event: 7.930 Thread 0x00007f05684ff800 Uncommon trap: reason=unstable_if action=reinterpret pc=0x00007f05586b5568 method=org.objectweb.asm.Type.getArgumentsAndReturnSizes(Ljava/lang/String;)I @ 130
Event: 7.930 Thread 0x00007f05684ff800 Uncommon trap: reason=unstable_if action=reinterpret pc=0x00007f05586ad2a8 method=org.objectweb.asm.MethodWriter.visitVarInsn(II)V @ 128
Event: 7.930 Thread 0x00007f05684ff800 Uncommon trap: reason=unstable_if action=reinterpret pc=0x00007f055874c934 method=org.objectweb.asm.Type.getArgumentsAndReturnSizes(Ljava/lang/String;)I @ 130
Event: 8.119 Thread 0x00007f05684ff800 Uncommon trap: reason=unstable_if action=reinterpret pc=0x00007f055876b2a8 method=org.objectweb.asm.Frame.a(Lorg/objectweb/asm/ClassWriter;Lorg/objectweb/asm/Frame;I)Z @ 378
Event: 8.255 Thread 0x00007f05684ff800 Uncommon trap: reason=unstable_if action=reinterpret pc=0x00007f055873ebb0 method=org.objectweb.asm.Frame.a(Lorg/objectweb/asm/ClassWriter;I[II)Z @ 60
Event: 8.710 Thread 0x00007f05684ff800 Uncommon trap: reason=unstable_if action=reinterpret pc=0x00007f055877f464 method=org.objectweb.asm.Type.getArgumentsAndReturnSizes(Ljava/lang/String;)I @ 100
Event: 8.741 Thread 0x00007f05684ff800 Uncommon trap: reason=unstable_if action=reinterpret pc=0x00007f0558694ac0 method=org.objectweb.asm.Item.a(Lorg/objectweb/asm/Item;)Z @ 345

Internal exceptions (10 events):
Event: 1.293 Thread 0x00007f056800a000 Exception <a 'java/lang/NoSuchFieldError': method resolution failed> (0x00000000f5e33910) thrown at [/HUDSON3/workspace/8-2-build-linux-amd64/jdk8u111/7883/hotspot/src/share/vm/prims/methodHandles.cpp, line 1146]
Event: 1.321 Thread 0x00007f056800a000 Exception <a 'java/lang/NoSuchFieldError': method resolution failed> (0x00000000f5e40cb0) thrown at [/HUDSON3/workspace/8-2-build-linux-amd64/jdk8u111/7883/hotspot/src/share/vm/prims/methodHandles.cpp, line 1146]
Event: 1.462 Thread 0x00007f056800a000 Exception <a 'java/lang/NoSuchMethodError': <clinit>> (0x00000000f5f44880) thrown at [/HUDSON3/workspace/8-2-build-linux-amd64/jdk8u111/7883/hotspot/src/share/vm/prims/jni.cpp, line 1613]
Event: 1.464 Thread 0x00007f056800a000 Exception <a 'java/lang/NoSuchMethodError': <clinit>> (0x00000000f5f4e358) thrown at [/HUDSON3/workspace/8-2-build-linux-amd64/jdk8u111/7883/hotspot/src/share/vm/prims/jni.cpp, line 1613]
Event: 1.562 Thread 0x00007f056800a000 Exception <a 'java/lang/ArrayIndexOutOfBoundsException'> (0x00000000f6054a30) thrown at [/HUDSON3/workspace/8-2-build-linux-amd64/jdk8u111/7883/hotspot/src/share/vm/runtime/sharedRuntime.cpp, line 605]
Event: 1.562 Thread 0x00007f056800a000 Exception <a 'java/lang/ArrayIndexOutOfBoundsException'> (0x00000000f6055680) thrown at [/HUDSON3/workspace/8-2-build-linux-amd64/jdk8u111/7883/hotspot/src/share/vm/runtime/sharedRuntime.cpp, line 605]
Event: 4.798 Thread 0x00007f05684ff800 Exception <a 'java/lang/NoSuchMethodError': <clinit>> (0x00000000f645bb40) thrown at [/HUDSON3/workspace/8-2-build-linux-amd64/jdk8u111/7883/hotspot/src/share/vm/prims/jni.cpp, line 1613]
Event: 6.490 Thread 0x00007f05684ff800 Exception <a 'java/io/FileNotFoundException'> (0x00000000f5666668) thrown at [/HUDSON3/workspace/8-2-build-linux-amd64/jdk8u111/7883/hotspot/src/share/vm/prims/jni.cpp, line 709]
Event: 6.490 Thread 0x00007f05684ff800 Exception <a 'java/io/FileNotFoundException'> (0x00000000f56671d8) thrown at [/HUDSON3/workspace/8-2-build-linux-amd64/jdk8u111/7883/hotspot/src/share/vm/prims/jni.cpp, line 709]
Event: 9.596 Thread 0x00007f05684ff800 Exception <a 'java/lang/UnsatisfiedLinkError': com.almworks.sqlite4java._SQLiteSwiggedJNI.sqlite3_libversion()Ljava/lang/String;> (0x00000000f7bf8828) thrown at [/HUDSON3/workspace/8-2-build-linux-amd64/jdk8u111/7883/hotspot/src/share/vm/prims/nativeLooku

Events (10 events):
Event: 9.593 loading class com/almworks/sqlite4java/_SQLiteSwigged
Event: 9.593 loading class com/almworks/sqlite4java/_SQLiteSwigged done
Event: 9.594 loading class com/almworks/sqlite4java/_SQLiteSwiggedJNI
Event: 9.594 loading class com/almworks/sqlite4java/_SQLiteSwiggedJNI done
Event: 9.595 loading class java/lang/UnsatisfiedLinkError
Event: 9.595 loading class java/lang/UnsatisfiedLinkError done
Event: 9.611 loading class java/net/URLDecoder
Event: 9.611 loading class java/net/URLDecoder done
Event: 9.612 loading class java/net/URLEncoder
Event: 9.612 loading class java/net/URLEncoder done


Dynamic libraries:
00400000-00401000 r-xp 00000000 08:03 2638047                            /usr/lib/jvm/java-8-oracle/bin/java
00600000-00601000 rw-p 00000000 08:03 2638047                            /usr/lib/jvm/java-8-oracle/bin/java
02423000-02444000 rw-p 00000000 00:00 0                                  [heap]
e0000000-e2800000 rw-p 00000000 00:00 0 
e2800000-f5580000 ---p 00000000 00:00 0 
f5580000-f9680000 rw-p 00000000 00:00 0 
f9680000-100000000 ---p 00000000 00:00 0 
100000000-100200000 rw-p 00000000 00:00 0 
100200000-140000000 ---p 00000000 00:00 0 
7f04f8000000-7f04f8021000 rw-p 00000000 00:00 0 
7f04f8021000-7f04fc000000 ---p 00000000 00:00 0 
7f04fc000000-7f04fc021000 rw-p 00000000 00:00 0 
7f04fc021000-7f0500000000 ---p 00000000 00:00 0 
7f0500000000-7f0500021000 rw-p 00000000 00:00 0 
7f0500021000-7f0504000000 ---p 00000000 00:00 0 
7f0504000000-7f0504021000 rw-p 00000000 00:00 0 
7f0504021000-7f0508000000 ---p 00000000 00:00 0 
7f0508000000-7f0508021000 rw-p 00000000 00:00 0 
7f0508021000-7f050c000000 ---p 00000000 00:00 0 
7f050c000000-7f050c021000 rw-p 00000000 00:00 0 
7f050c021000-7f0510000000 ---p 00000000 00:00 0 
7f0510000000-7f0510021000 rw-p 00000000 00:00 0 
7f0510021000-7f0514000000 ---p 00000000 00:00 0 
7f0514000000-7f051406a000 rw-p 00000000 00:00 0 
7f051406a000-7f0518000000 ---p 00000000 00:00 0 
7f0518000000-7f05184e7000 rw-p 00000000 00:00 0 
7f05184e7000-7f051c000000 ---p 00000000 00:00 0 
7f051d336000-7f051d3e2000 r-xp 00000000 08:03 665275                     /tmp/robolectric-libs/libsqlite4java.so
7f051d3e2000-7f051d5e2000 ---p 000ac000 08:03 665275                     /tmp/robolectric-libs/libsqlite4java.so
7f051d5e2000-7f051d5e6000 rw-p 000ac000 08:03 665275                     /tmp/robolectric-libs/libsqlite4java.so
7f051d5e6000-7f051d666000 rw-p 00000000 00:00 0 
7f051d666000-7f051d7e6000 ---p 00000000 00:00 0 
7f051d7e6000-7f051d9ba000 rw-p 00000000 00:00 0 
7f051d9ba000-7f051d9cd000 r--s 00345000 08:03 2638355                    /usr/lib/jvm/java-8-oracle/jre/lib/resources.jar
7f051d9cd000-7f051d9d4000 r-xp 00000000 08:03 2638146                    /usr/lib/jvm/java-8-oracle/jre/lib/amd64/libawt_headless.so
7f051d9d4000-7f051dbd3000 ---p 00007000 08:03 2638146                    /usr/lib/jvm/java-8-oracle/jre/lib/amd64/libawt_headless.so
7f051dbd3000-7f051dbd4000 rw-p 00006000 08:03 2638146                    /usr/lib/jvm/java-8-oracle/jre/lib/amd64/libawt_headless.so
7f051dbd4000-7f051dc76000 r-xp 00000000 08:03 2638191                    /usr/lib/jvm/java-8-oracle/jre/lib/amd64/libawt.so
7f051dc76000-7f051de76000 ---p 000a2000 08:03 2638191                    /usr/lib/jvm/java-8-oracle/jre/lib/amd64/libawt.so
7f051de76000-7f051de82000 rw-p 000a2000 08:03 2638191                    /usr/lib/jvm/java-8-oracle/jre/lib/amd64/libawt.so
7f051de82000-7f051e0a6000 rw-p 00000000 00:00 0 
7f051e0a6000-7f051e0c2000 r--s 00393000 08:03 2638214                    /usr/lib/jvm/java-8-oracle/jre/lib/ext/cldrdata.jar
7f051e0c2000-7f051e2ac000 r--s 026f8000 08:04 3411498                    /home/borche/.m2/repository/org/robolectric/android-all/5.0.0_r2-robolectric-1/android-all-5.0.0_r2-robolectric-1.jar
7f051e2ac000-7f051e2af000 ---p 00000000 00:00 0 
7f051e2af000-7f051e3ad000 rw-p 00000000 00:00 0 
7f051e3ad000-7f051e3b0000 ---p 00000000 00:00 0 
7f051e3b0000-7f051e4ae000 rw-p 00000000 00:00 0 
7f051e4ae000-7f051e4b1000 ---p 00000000 00:00 0 
7f051e4b1000-7f051e7af000 rw-p 00000000 00:00 0 
7f051e7af000-7f051e9af000 rw-p 00000000 00:00 0 
7f051e9af000-7f051e9b2000 ---p 00000000 00:00 0 
7f051e9b2000-7f051eab0000 rw-p 00000000 00:00 0 
7f051eab0000-7f051eab3000 ---p 00000000 00:00 0 
7f051eab3000-7f051ebb1000 rw-p 00000000 00:00 0 
7f051ebb1000-7f051ebb4000 ---p 00000000 00:00 0 
7f051ebb4000-7f051ebea000 rw-p 00000000 00:00 0 
7f051ebea000-7f051ebed000 ---p 00000000 00:00 0 
7f051ebed000-7f051eceb000 rw-p 00000000 00:00 0 
7f051eceb000-7f051ecee000 ---p 00000000 00:00 0 
7f051ecee000-7f051edec000 rw-p 00000000 00:00 0 
7f051edec000-7f051edef000 ---p 00000000 00:00 0 
7f051edef000-7f051eeed000 rw-p 00000000 00:00 0 
7f051eeed000-7f051ef03000 r-xp 00000000 08:03 267414                     /lib/x86_64-linux-gnu/libgcc_s.so.1
7f051ef03000-7f051f102000 ---p 00016000 08:03 267414                     /lib/x86_64-linux-gnu/libgcc_s.so.1
7f051f102000-7f051f103000 rw-p 00015000 08:03 267414                     /lib/x86_64-linux-gnu/libgcc_s.so.1
7f051f103000-7f051f275000 r-xp 00000000 08:03 2623618                    /usr/lib/x86_64-linux-gnu/libstdc++.so.6.0.21
7f051f275000-7f051f475000 ---p 00172000 08:03 2623618                    /usr/lib/x86_64-linux-gnu/libstdc++.so.6.0.21
7f051f475000-7f051f47f000 r--p 00172000 08:03 2623618                    /usr/lib/x86_64-linux-gnu/libstdc++.so.6.0.21
7f051f47f000-7f051f481000 rw-p 0017c000 08:03 2623618                    /usr/lib/x86_64-linux-gnu/libstdc++.so.6.0.21
7f051f481000-7f051f485000 rw-p 00000000 00:00 0 
7f051f489000-7f051f493000 r--s 00116000 08:03 2638211                    /usr/lib/jvm/java-8-oracle/jre/lib/ext/localedata.jar
7f051f493000-7f051f494000 r--s 00015000 08:04 3411488                    /home/borche/.m2/repository/org/ccil/cowan/tagsoup/tagsoup/1.2/tagsoup-1.2.jar
7f051f494000-7f051f496000 r--s 00008000 08:04 3411491                    /home/borche/.m2/repository/org/json/json/20080701/json-20080701.jar
7f051f496000-7f051f4a2000 r--s 0027e000 08:04 3411512                    /home/borche/.m2/repository/org/robolectric/shadows-core/3.0/shadows-core-3.0-21.jar
7f051f4a2000-7f051f4a3000 r--p 00000000 00:00 0 
7f051f4a3000-7f051f4a7000 r-xp 00000000 08:04 20188376                   /home/borche/.gradle/native/19/linux-amd64/libnative-platform.so
7f051f4a7000-7f051f6a6000 ---p 00004000 08:04 20188376                   /home/borche/.gradle/native/19/linux-amd64/libnative-platform.so
7f051f6a6000-7f051f6a7000 rw-p 00003000 08:04 20188376                   /home/borche/.gradle/native/19/linux-amd64/libnative-platform.so
7f051f6a7000-7f051f6ab000 r--s 00097000 08:03 2638075                    /usr/lib/jvm/java-8-oracle/jre/lib/jsse.jar
7f051f6ab000-7f051f6bc000 r-xp 00000000 08:03 2638156                    /usr/lib/jvm/java-8-oracle/jre/lib/amd64/libnio.so
7f051f6bc000-7f051f8bb000 ---p 00011000 08:03 2638156                    /usr/lib/jvm/java-8-oracle/jre/lib/amd64/libnio.so
7f051f8bb000-7f051f8bc000 rw-p 00010000 08:03 2638156                    /usr/lib/jvm/java-8-oracle/jre/lib/amd64/libnio.so
7f051f8bc000-7f051f999000 r--s 01f70000 08:04 3933531                    /home/borche/development/Android/foorball-dream-team/build/generated/mockable-android-25.jar
7f051f999000-7f051f9a4000 r--s 00040000 08:04 22417854                   /home/borche/Android/Sdk/platforms/android-25/optional/org.apache.http.legacy.jar
7f051f9a4000-7f051f9a5000 r--s 00001000 08:04 23861058                   /home/borche/.gradle/caches/modules-2/files-2.1/javax.annotation/jsr250-api/1.0/5025422767732a1ab45d93abfea846513d742dcf/jsr250-api-1.0.jar
7f051f9a5000-7f051f9a6000 r--s 00001000 08:04 23861056                   /home/borche/.gradle/caches/modules-2/files-2.1/com.squareup.retrofit2/converter-gson/2.1.0/aa557d71ead91cbf26e0c316a0f593d168303309/converter-gson-2.1.0.jar
7f051f9a6000-7f051f9a7000 r--s 00001000 08:04 23861054                   /home/borche/.gradle/caches/modules-2/files-2.1/com.squareup.okhttp3/logging-interceptor/3.3.0/ba14d8b7789efde5ee150eacb297b7237abca39/logging-interceptor-3.3.0.jar
7f051f9a7000-7f051f9aa000 r--s 00013000 08:04 23861052                   /home/borche/.gradle/caches/modules-2/files-2.1/com.squareup.retrofit2/retrofit/2.1.0/2de7cd8b95b7021b1d597f049bcb422055119f2c/retrofit-2.1.0.jar
7f051f9aa000-7f051f9af000 r--s 00034000 08:04 23861068                   /home/borche/.gradle/caches/modules-2/files-2.1/com.google.code.gson/gson/2.7/751f548c85fa49f330cecbb1875893f971b33c4e/gson-2.7.jar
7f051f9af000-7f051f9b1000 r--s 00005000 08:04 22418166                   /home/borche/.gradle/caches/modules-2/files-2.1/org.slf4j/slf4j-api/1.7.5/6b262da268f8ad9eff941b25503a9198f0a0ac93/slf4j-api-1.7.5.jar
7f051f9b1000-7f051f9bb000 r--s 0005d000 08:04 22418164                   /home/borche/.gradle/caches/modules-2/files-2.1/ch.qos.logback/logback-core/1.0.13/dc6e6ce937347bd4d990fc89f4ceb469db53e45e/logback-core-1.0.13.jar
7f051f9bb000-7f051f9c1000 r--s 0003b000 08:04 22418159                   /home/borche/.gradle/caches/modules-2/files-2.1/ch.qos.logback/logback-classic/1.0.13/6b56ec752b42ccfa1415c0361fb54b1ed7ca3db6/logback-classic-1.0.13.jar
7f051f9c1000-7f051f9c3000 r--s 00004000 08:04 23074679                   /home/borche/Android/Sdk/extras/android/m2repository/com/android/support/support-annotations/25.0.1/support-annotations-25.0.1.jar
7f051f9c3000-7f051f9c4000 r--s 00003000 08:04 23861062                   /home/borche/.gradle/caches/modules-2/files-2.1/com.jakewharton/butterknife-annotations/8.1.0/d6854f42bfb4098d3d2358d93201307b9f1cc95d/butterknife-annotations-8.1.0.jar
7f051f9c4000-7f051f9c6000 r--s 00003000 08:04 4063842                    /home/borche/development/Android/foorball-dream-team/app/build/intermediates/exploded-aar/com.jakewharton/butterknife/8.1.0/jars/classes.jar
7f051f9c6000-7f051f9cf000 r--s 00032000 08:04 4063734                    /home/borche/development/Android/foorball-dream-team/app/build/intermediates/exploded-aar/com.android.support/support-compat/25.0.1/jars/libs/internal_impl-25.0.1.jar
7f051f9cf000-7f051f9de000 r--s 0006e000 08:04 4063732                    /home/borche/development/Android/foorball-dream-team/app/build/intermediates/exploded-aar/com.android.support/support-compat/25.0.1/jars/classes.jar
7f051f9de000-7f051f9df000 r--s 00006000 08:04 4063760                    /home/borche/development/Android/foorball-dream-team/app/build/intermediates/exploded-aar/com.android.support/support-core-utils/25.0.1/jars/libs/internal_impl-25.0.1.jar
7f051f9df000-7f051f9e2000 r--s 00010000 08:04 4063758                    /home/borche/development/Android/foorball-dream-team/app/build/intermediates/exploded-aar/com.android.support/support-core-utils/25.0.1/jars/classes.jar
7f051f9e2000-7f051f9e4000 r--s 00001000 08:04 4063746                    /home/borche/development/Android/foorball-dream-team/app/build/intermediates/exploded-aar/com.android.support/support-core-ui/25.0.1/jars/libs/internal_impl-25.0.1.jar
7f051f9e4000-7f051f9e9000 r--s 0003a000 08:04 4063744                    /home/borche/development/Android/foorball-dream-team/app/build/intermediates/exploded-aar/com.android.support/support-core-ui/25.0.1/jars/classes.jar
7f051f9e9000-7f051f9ec000 r--s 0000f000 08:04 4063797                    /home/borche/development/Android/foorball-dream-team/app/build/intermediates/exploded-aar/com.android.support/support-media-compat/25.0.1/jars/libs/internal_impl-25.0.1.jar
7f051f9ec000-7f051f9f1000 r--s 00030000 08:04 4063795                    /home/borche/development/Android/foorball-dream-team/app/build/intermediates/exploded-aar/com.android.support/support-media-compat/25.0.1/jars/classes.jar
7f051f9f1000-7f051f9f2000 r--s 00003000 08:04 4063773                    /home/borche/development/Android/foorball-dream-team/app/build/intermediates/exploded-aar/com.android.support/support-fragment/25.0.1/jars/libs/internal_impl-25.0.1.jar
7f051f9f2000-7f051f9f5000 r--s 0001e000 08:04 4063771                    /home/borche/development/Android/foorball-dream-team/app/build/intermediates/exploded-aar/com.android.support/support-fragment/25.0.1/jars/classes.jar
7f051f9f5000-7f051f9f6000 r--s 00000000 08:04 4063806                    /home/borche/development/Android/foorball-dream-team/app/build/intermediates/exploded-aar/com.android.support/support-v4/25.0.1/jars/classes.jar
7f051f9f6000-7f051f9f9000 r--s 00016000 08:04 4063827                    /home/borche/development/Android/foorball-dream-team/app/build/intermediates/exploded-aar/com.android.support/transition/25.0.1/jars/classes.jar
7f051f9f9000-7f051f9fe000 r--s 0004d000 08:04 4063711                    /home/borche/development/Android/foorball-dream-team/app/build/intermediates/exploded-aar/com.android.support/recyclerview-v7/25.0.1/jars/classes.jar
7f051f9fe000-7f051f9ff000 r--s 00009000 08:04 4063816                    /home/borche/development/Android/foorball-dream-team/app/build/intermediates/exploded-aar/com.android.support/support-vector-drawable/25.0.1/jars/classes.jar
7f051f9ff000-7f051fa00000 r--s 00002000 08:04 3410594                    /home/borche/development/Android/foorball-dream-team/app/build/intermediates/exploded-aar/com.android.support/animated-vector-drawable/25.0.1/jars/classes.jar
7f051fa00000-7f051fa0b000 r--s 0009d000 08:04 3410607                    /home/borche/development/Android/foorball-dream-team/app/build/intermediates/exploded-aar/com.android.support/appcompat-v7/25.0.1/jars/classes.jar
7f051fa0b000-7f051fa12000 r--s 0004c000 08:04 3411225                    /home/borche/development/Android/foorball-dream-team/app/build/intermediates/exploded-aar/com.android.support/design/25.0.1/jars/classes.jar
7f051fa12000-7f051fa3e000 r--s 00208000 08:04 23986197                   /home/borche/.gradle/caches/modules-2/files-2.1/com.google.guava/guava/19.0/6ce200f6b23222af3d8abb6b6459e6c44f4bb0e9/guava-19.0.jar
7f051fa3e000-7f051fa41000 r--s 0000f000 08:04 23986195                   /home/borche/.gradle/caches/modules-2/files-2.1/com.google.dagger/dagger-producers/2.5/a02d8016dddbe70c7c6c2093fae96bef5cb9fdbb/dagger-producers-2.5.jar
7f051fa41000-7f051fa42000 r--s 00000000 08:04 23861060                   /home/borche/.gradle/caches/modules-2/files-2.1/javax.inject/javax.inject/1/6975da39a7040257bd51d21a231b76c915872d38/javax.inject-1.jar
7f051fa42000-7f051fa44000 r--s 00005000 08:04 23861048                   /home/borche/.gradle/caches/modules-2/files-2.1/com.google.dagger/dagger/2.5/571f4e0451db64a7b41dbeb5f2503986fe5acdb4/dagger-2.5.jar
7f051fa44000-7f051fa9f000 r--s 007c1000 08:04 23861294                   /home/borche/.gradle/caches/modules-2/files-2.1/com.google.dagger/dagger-compiler/2.5/96b9c749db4590549166740ba989fe3580eb0a19/dagger-compiler-2.5.jar
7f051fa9f000-7f051fadd000 r--s 0025e000 08:04 23986193                   /home/borche/.gradle/caches/modules-2/files-2.1/org.bouncycastle/bcprov-jdk15on/1.50/be504b4901d75cbe129a178f5830e6c358ec214c/bcprov-jdk15on-1.50.jar
7f051fadd000-7f051fadf000 r--s 00005000 08:04 23986191                   /home/borche/.gradle/caches/modules-2/files-2.1/com.squareup.okhttp3/okhttp-ws/3.3.0/f1780f0cc6185d43c33a22238e106f01917b4268/okhttp-ws-3.3.0.jar
7f051fadf000-7f051fae1000 r--s 00010000 08:04 23861066                   /home/borche/.gradle/caches/modules-2/files-2.1/com.squareup.okio/okio/1.8.0/5ea7af56cc7c567ed9856d99efb30740e9b17ff/okio-1.8.0.jar
7f051fae1000-7f051fae6000 r--s 0004f000 08:04 23861064                   /home/borche/.gradle/caches/modules-2/files-2.1/com.squareup.okhttp3/okhttp/3.3.0/2b802460eea20f8f2ad9c08c74e0f14718e88aa9/okhttp-3.3.0.jar
7f051fae6000-7f051fae8000 r--s 0000a000 08:04 23861292                   /home/borche/.gradle/caches/modules-2/files-2.1/com.squareup.okhttp3/mockwebserver/3.3.0/8ab0c2c611717f6ffdd98356cd93a31cedda200d/mockwebserver-3.3.0.jar
7f051fae8000-7f051fde9000 rw-p 00000000 00:00 0 
7f051fde9000-7f051fdff000 r-xp 00000000 08:03 2638131                    /usr/lib/jvm/java-8-oracle/jre/lib/amd64/libnet.so
7f051fdff000-7f051ffff000 ---p 00016000 08:03 2638131                    /usr/lib/jvm/java-8-oracle/jre/lib/amd64/libnet.so
7f051ffff000-7f0520000000 rw-p 00016000 08:03 2638131                    /usr/lib/jvm/java-8-oracle/jre/lib/amd64/libnet.so
7f0520000000-7f0520021000 rw-p 00000000 00:00 0 
7f0520021000-7f0524000000 ---p 00000000 00:00 0 
7f0524000000-7f0524021000 rw-p 00000000 00:00 0 
7f0524021000-7f0528000000 ---p 00000000 00:00 0 
7f0528000000-7f0528b67000 rw-p 00000000 00:00 0 
7f0528b67000-7f052c000000 ---p 00000000 00:00 0 
7f052c000000-7f052c960000 rw-p 00000000 00:00 0 
7f052c960000-7f0530000000 ---p 00000000 00:00 0 
7f0530000000-7f0530021000 rw-p 00000000 00:00 0 
7f0530021000-7f0534000000 ---p 00000000 00:00 0 
7f0534000000-7f0534b46000 rw-p 00000000 00:00 0 
7f0534b46000-7f0538000000 ---p 00000000 00:00 0 
7f0538000000-7f0538021000 rw-p 00000000 00:00 0 
7f0538021000-7f053c000000 ---p 00000000 00:00 0 
7f053c000000-7f053c021000 rw-p 00000000 00:00 0 
7f053c021000-7f0540000000 ---p 00000000 00:00 0 
7f0540000000-7f0540021000 rw-p 00000000 00:00 0 
7f0540021000-7f0544000000 ---p 00000000 00:00 0 
7f0544000000-7f0544021000 rw-p 00000000 00:00 0 
7f0544021000-7f0548000000 ---p 00000000 00:00 0 
7f0548000000-7f0548021000 rw-p 00000000 00:00 0 
7f0548021000-7f054c000000 ---p 00000000 00:00 0 
7f054c000000-7f054c021000 rw-p 00000000 00:00 0 
7f054c021000-7f0550000000 ---p 00000000 00:00 0 
7f0550000000-7f0550021000 rw-p 00000000 00:00 0 
7f0550021000-7f0554000000 ---p 00000000 00:00 0 
7f0554000000-7f0554001000 r--s 00003000 08:04 23861290                   /home/borche/.gradle/caches/modules-2/files-2.1/org.robolectric/shadows-support-v4/3.0/9261e07d142f2b488af628e2ddc3c39524fd77b/shadows-support-v4-3.0.jar
7f0554001000-7f0554002000 r--s 00002000 08:04 23986205                   /home/borche/.gradle/caches/modules-2/files-2.1/org.apache.ant/ant-launcher/1.8.0/8b53ba16fa62fb1034da8f1de200ddc407c8381/ant-launcher-1.8.0.jar
7f0554002000-7f0554019000 r--s 00159000 08:04 23986189                   /home/borche/.gradle/caches/modules-2/files-2.1/org.apache.ant/ant/1.8.0/7b456ca6b93900f96e58cc8371f03d90a9c1c8d1/ant-1.8.0.jar
7f0554019000-7f0554032000 r--s 00129000 08:04 23986187                   /home/borche/.gradle/caches/modules-2/files-2.1/org.apache.maven/maven-ant-tasks/2.1.3/b09be554228d66d208e5fef5266844aacf443abc/maven-ant-tasks-2.1.3.jar
7f0554032000-7f0554033000 r--s 00004000 08:04 23203305                   /home/borche/.gradle/caches/modules-2/files-2.1/org.ow2.asm/asm-analysis/5.0.1/e286fbee48efacb4e7c175f7948d9d8b2ab52352/asm-analysis-5.0.1.jar
7f0554033000-7f0554034000 r--s 0000a000 08:04 22810945                   /home/borche/.gradle/caches/modules-2/files-2.1/org.ow2.asm/asm-util/5.0.1/7c8caddfbd0b2d7b844f8fcc75175b9cb9cf4724/asm-util-5.0.1.jar
7f0554034000-7f0554036000 r--s 00006000 08:04 23335044                   /home/borche/.gradle/caches/modules-2/files-2.1/org.ow2.asm/asm-tree/5.0.1/1b1e6e9d869acd704056d0a4223071a511c619e6/asm-tree-5.0.1.jar
7f0554036000-7f0554038000 r--s 00009000 08:04 22680809                   /home/borche/.gradle/caches/modules-2/files-2.1/org.ow2.asm/asm-commons/5.0.1/7b7147a390a93a14d2edfdcf3f7b0e87a0939c3e/asm-commons-5.0.1.jar
7f0554038000-7f0554039000 r--s 0000c000 08:04 22418170                   /home/borche/.gradle/caches/modules-2/files-2.1/org.ow2.asm/asm/5.0.1/2fd56467a018aafe6ec6a73ccba520be4a7e1565/asm-5.0.1.jar
7f0554039000-7f0554061000 r--s 001a3000 08:04 23986183                   /home/borche/.gradle/caches/modules-2/files-2.1/org.bouncycastle/bcprov-jdk16/1.46/ce091790943599535cbb4de8ede84535b0c1260c/bcprov-jdk16-1.46.jar
7f0554061000-7f0554064000 r--s 0001d000 08:04 23986203                   /home/borche/.gradle/caches/modules-2/files-2.1/com.almworks.sqlite4java/sqlite4java/0.282/745a7e2f35fdbe6336922e0d492c979dbbfa74fb/sqlite4java-0.282.jar
7f0554064000-7f05540bb000 r--s 008ec000 08:04 23986201                   /home/borche/.gradle/caches/modules-2/files-2.1/com.ibm.icu/icu4j/53.1/786d9055d4ca8c1aab4a7d4ac8283f973fd7e41f/icu4j-53.1.jar
7f05540bb000-7f05540c7000 r--s 0027e000 08:04 23986181                   /home/borche/.gradle/caches/modules-2/files-2.1/org.robolectric/shadows-core/3.0/9dfa881bfd1796afa28204ef1a5ed7e3de992612/shadows-core-3.0.jar
7f05540c7000-7f05540ce000 r--s 00095000 08:04 23986185                   /home/borche/.gradle/caches/modules-2/files-2.1/com.ximpleware/vtd-xml/2.11/ee5bcf62c1acf76434ee9f1c67a840bafef72a6d/vtd-xml-2.11.jar
7f05540ce000-7f05540d1000 r--s 0000c000 08:04 23986199                   /home/borche/.gradle/caches/modules-2/files-2.1/com.google.android.apps.common.testing.accessibility.framework/accessibility-test-framework/1.0/28162aae36f8ba5903adadfb570313e1f1be852e/accessibility-test-framework-1.0.jar
7f05540d1000-7f05540d3000 r--s 00008000 08:04 23986179                   /home/borche/.gradle/caches/modules-2/files-2.1/org.robolectric/robolectric-utils/3.0/4bcecd8115fe7296088bb1636e6cbd7ae8927392/robolectric-utils-3.0.jar
7f05540d3000-7f05540d7000 r--s 00021000 08:04 23861298                   /home/borche/.gradle/caches/modules-2/files-2.1/org.robolectric/robolectric-resources/3.0/1ab609054aab67cd13a434567467f4b4774f2465/robolectric-resources-3.0.jar
7f05540d7000-7f05540db000 r--s 00025000 08:04 23861288                   /home/borche/.gradle/caches/modules-2/files-2.1/org.robolectric/robolectric/3.0/f888cea3bc1a24110e315eb9827ab593610ea62f/robolectric-3.0.jar
7f05540db000-7f05540dd000 r--s 00009000 08:04 22020858                   /home/borche/.gradle/caches/modules-2/files-2.1/org.objenesis/objenesis/2.1/87c0ea803b69252868d09308b4618f766f135a96/objenesis-2.1.jar
7f05540dd000-7f05540f9000 r--s 00103000 08:04 22020850                   /home/borche/.gradle/caches/modules-2/files-2.1/org.mockito/mockito-core/1.10.19/e8546f5bef4e061d8dd73895b4e8f40e3fe6effe/mockito-core-1.10.19.jar
7f05540f9000-7f05540fb000 r--s 00009000 08:04 21103551                   /home/borche/.gradle/caches/modules-2/files-2.1/org.hamcrest/hamcrest-core/1.3/42a25dc3219429f0e5d060061f71acb49bf010a0/hamcrest-core-1.3.jar
7f05540fb000-7f0554103000 r--s 00045000 08:04 21103549                   /home/borche/.gradle/caches/modules-2/files-2.1/junit/junit/4.12/2973d150c0dc1fefe998f834810d68f278ea58ec/junit-4.12.jar
7f0554103000-7f055410b000 r--s 00045000 08:04 3411802                    /home/borche/.gradle/wrapper/dists/gradle-2.14.1-all/8bnwg5hd3w55iofp58khbp6yv/gradle-2.14.1/lib/plugins/junit-4.12.jar
7f055410b000-7f0554110000 r--s 00041000 08:04 3411702                    /home/borche/.gradle/wrapper/dists/gradle-2.14.1-all/8bnwg5hd3w55iofp58khbp6yv/gradle-2.14.1/lib/commons-lang-2.6.jar
7f0554110000-7f0554114000 r--s 00026000 08:04 3411725                    /home/borche/.gradle/wrapper/dists/gradle-2.14.1-all/8bnwg5hd3w55iofp58khbp6yv/gradle-2.14.1/lib/kryo-2.20.jar
7f0554114000-7f055413c000 r--s 001cf000 08:04 3411701                    /home/borche/.gradle/wrapper/dists/gradle-2.14.1-all/8bnwg5hd3w55iofp58khbp6yv/gradle-2.14.1/lib/guava-jdk5-17.0.jar
7f055413c000-7f0554173000 r--s 001bd000 08:04 3411695                    /home/borche/.gradle/wrapper/dists/gradle-2.14.1-all/8bnwg5hd3w55iofp58khbp6yv/gradle-2.14.1/lib/gradle-core-2.14.1.jar
7f0554173000-7f0554174000 ---p 00000000 00:00 0 
7f0554174000-7f0554274000 rw-p 00000000 00:00 0 
7f0554274000-7f0554277000 ---p 00000000 00:00 0 
7f0554277000-7f0554375000 rw-p 00000000 00:00 0 
7f0554375000-7f0554378000 ---p 00000000 00:00 0 
7f0554378000-7f0554476000 rw-p 00000000 00:00 0 
7f0554476000-7f0554479000 ---p 00000000 00:00 0 
7f0554479000-7f0554577000 rw-p 00000000 00:00 0 
7f0554577000-7f055457a000 ---p 00000000 00:00 0 
7f055457a000-7f0554678000 rw-p 00000000 00:00 0 
7f0554678000-7f055467b000 ---p 00000000 00:00 0 
7f055467b000-7f0554779000 rw-p 00000000 00:00 0 
7f0554779000-7f0554a52000 r--p 00000000 08:03 2636406                    /usr/lib/locale/locale-archive
7f0554a52000-7f0554a55000 ---p 00000000 00:00 0 
7f0554a55000-7f0554b53000 rw-p 00000000 00:00 0 
7f0554b53000-7f0554b56000 ---p 00000000 00:00 0 
7f0554b56000-7f0554c54000 rw-p 00000000 00:00 0 
7f0554c54000-7f0554c55000 ---p 00000000 00:00 0 
7f0554c55000-7f0555d58000 rw-p 00000000 00:00 0 
7f0555d58000-7f0555f30000 r--s 03d2a000 08:03 2638123                    /usr/lib/jvm/java-8-oracle/jre/lib/rt.jar
7f0555f30000-7f05578a6000 rw-p 00000000 00:00 0 
7f05578a6000-7f05578a7000 ---p 00000000 00:00 0 
7f05578a7000-7f05579a7000 rw-p 00000000 00:00 0 
7f05579a7000-7f05579a8000 ---p 00000000 00:00 0 
7f05579a8000-7f0557aa8000 rw-p 00000000 00:00 0 
7f0557aa8000-7f0557aa9000 ---p 00000000 00:00 0 
7f0557aa9000-7f0557ba9000 rw-p 00000000 00:00 0 
7f0557ba9000-7f0557baa000 ---p 00000000 00:00 0 
7f0557baa000-7f0557cbe000 rw-p 00000000 00:00 0 
7f0557cbe000-7f0557d54000 ---p 00000000 00:00 0 
7f0557d54000-7f0557d76000 rw-p 00000000 00:00 0 
7f0557d76000-7f0557daa000 ---p 00000000 00:00 0 
7f0557daa000-7f0557dc4000 rw-p 00000000 00:00 0 
7f0557dc4000-7f055816b000 ---p 00000000 00:00 0 
7f055816b000-7f05587ab000 rwxp 00000000 00:00 0 
7f05587ab000-7f056716b000 ---p 00000000 00:00 0 
7f056716b000-7f0567185000 r-xp 00000000 08:03 2638154                    /usr/lib/jvm/java-8-oracle/jre/lib/amd64/libzip.so
7f0567185000-7f0567385000 ---p 0001a000 08:03 2638154                    /usr/lib/jvm/java-8-oracle/jre/lib/amd64/libzip.so
7f0567385000-7f0567386000 rw-p 0001a000 08:03 2638154                    /usr/lib/jvm/java-8-oracle/jre/lib/amd64/libzip.so
7f0567386000-7f0567391000 r-xp 00000000 08:03 263244                     /lib/x86_64-linux-gnu/libnss_files-2.23.so
7f0567391000-7f0567590000 ---p 0000b000 08:03 263244                     /lib/x86_64-linux-gnu/libnss_files-2.23.so
7f0567590000-7f0567591000 r--p 0000a000 08:03 263244                     /lib/x86_64-linux-gnu/libnss_files-2.23.so
7f0567591000-7f0567592000 rw-p 0000b000 08:03 263244                     /lib/x86_64-linux-gnu/libnss_files-2.23.so
7f0567592000-7f0567598000 rw-p 00000000 00:00 0 
7f0567598000-7f05675a3000 r-xp 00000000 08:03 263229                     /lib/x86_64-linux-gnu/libnss_nis-2.23.so
7f05675a3000-7f05677a2000 ---p 0000b000 08:03 263229                     /lib/x86_64-linux-gnu/libnss_nis-2.23.so
7f05677a2000-7f05677a3000 r--p 0000a000 08:03 263229                     /lib/x86_64-linux-gnu/libnss_nis-2.23.so
7f05677a3000-7f05677a4000 rw-p 0000b000 08:03 263229                     /lib/x86_64-linux-gnu/libnss_nis-2.23.so
7f05677a4000-7f05677ba000 r-xp 00000000 08:03 263240                     /lib/x86_64-linux-gnu/libnsl-2.23.so
7f05677ba000-7f05679b9000 ---p 00016000 08:03 263240                     /lib/x86_64-linux-gnu/libnsl-2.23.so
7f05679b9000-7f05679ba000 r--p 00015000 08:03 263240                     /lib/x86_64-linux-gnu/libnsl-2.23.so
7f05679ba000-7f05679bb000 rw-p 00016000 08:03 263240                     /lib/x86_64-linux-gnu/libnsl-2.23.so
7f05679bb000-7f05679bd000 rw-p 00000000 00:00 0 
7f05679bd000-7f05679c5000 r-xp 00000000 08:03 263241                     /lib/x86_64-linux-gnu/libnss_compat-2.23.so
7f05679c5000-7f0567bc4000 ---p 00008000 08:03 263241                     /lib/x86_64-linux-gnu/libnss_compat-2.23.so
7f0567bc4000-7f0567bc5000 r--p 00007000 08:03 263241                     /lib/x86_64-linux-gnu/libnss_compat-2.23.so
7f0567bc5000-7f0567bc6000 rw-p 00008000 08:03 263241                     /lib/x86_64-linux-gnu/libnss_compat-2.23.so
7f0567bc6000-7f0567bf1000 r-xp 00000000 08:03 2638181                    /usr/lib/jvm/java-8-oracle/jre/lib/amd64/libjava.so
7f0567bf1000-7f0567df0000 ---p 0002b000 08:03 2638181                    /usr/lib/jvm/java-8-oracle/jre/lib/amd64/libjava.so
7f0567df0000-7f0567df2000 rw-p 0002a000 08:03 2638181                    /usr/lib/jvm/java-8-oracle/jre/lib/amd64/libjava.so
7f0567df2000-7f0567dff000 r-xp 00000000 08:03 2638132                    /usr/lib/jvm/java-8-oracle/jre/lib/amd64/libverify.so
7f0567dff000-7f0567ffe000 ---p 0000d000 08:03 2638132                    /usr/lib/jvm/java-8-oracle/jre/lib/amd64/libverify.so
7f0567ffe000-7f0568000000 rw-p 0000c000 08:03 2638132                    /usr/lib/jvm/java-8-oracle/jre/lib/amd64/libverify.so
7f0568000000-7f0568564000 rw-p 00000000 00:00 0 
7f0568564000-7f056c000000 ---p 00000000 00:00 0 
7f056c000000-7f056c001000 r--s 00002000 08:04 23861296                   /home/borche/.gradle/caches/modules-2/files-2.1/org.robolectric/robolectric-annotations/3.0/2a6cfc072d7680694c1ff893c5dc8fec33163110/robolectric-annotations-3.0.jar
7f056c001000-7f056c004000 r--s 0000d000 08:04 3411722                    /home/borche/.gradle/wrapper/dists/gradle-2.14.1-all/8bnwg5hd3w55iofp58khbp6yv/gradle-2.14.1/lib/native-platform-0.10.jar
7f056c004000-7f056c006000 r--s 00000000 08:04 3411726                    /home/borche/.gradle/wrapper/dists/gradle-2.14.1-all/8bnwg5hd3w55iofp58khbp6yv/gradle-2.14.1/lib/jul-to-slf4j-1.7.10.jar
7f056c006000-7f056c00c000 r--s 0002e000 08:04 3411774                    /home/borche/.gradle/wrapper/dists/gradle-2.14.1-all/8bnwg5hd3w55iofp58khbp6yv/gradle-2.14.1/lib/plugins/gradle-testing-jvm-2.14.1.jar
7f056c00c000-7f056c011000 r--s 00015000 08:04 3411772                    /home/borche/.gradle/wrapper/dists/gradle-2.14.1-all/8bnwg5hd3w55iofp58khbp6yv/gradle-2.14.1/lib/plugins/gradle-testing-base-2.14.1.jar
7f056c011000-7f056c019000 r--s 0003a000 08:04 3411693                    /home/borche/.gradle/wrapper/dists/gradle-2.14.1-all/8bnwg5hd3w55iofp58khbp6yv/gradle-2.14.1/lib/gradle-base-services-2.14.1.jar
7f056c019000-7f056c074000 rw-p 00000000 00:00 0 
7f056c074000-7f056c07b000 r-xp 00000000 08:03 263228                     /lib/x86_64-linux-gnu/librt-2.23.so
7f056c07b000-7f056c27a000 ---p 00007000 08:03 263228                     /lib/x86_64-linux-gnu/librt-2.23.so
7f056c27a000-7f056c27b000 r--p 00006000 08:03 263228                     /lib/x86_64-linux-gnu/librt-2.23.so
7f056c27b000-7f056c27c000 rw-p 00007000 08:03 263228                     /lib/x86_64-linux-gnu/librt-2.23.so
7f056c27c000-7f056c384000 r-xp 00000000 08:03 263238                     /lib/x86_64-linux-gnu/libm-2.23.so
7f056c384000-7f056c583000 ---p 00108000 08:03 263238                     /lib/x86_64-linux-gnu/libm-2.23.so
7f056c583000-7f056c584000 r--p 00107000 08:03 263238                     /lib/x86_64-linux-gnu/libm-2.23.so
7f056c584000-7f056c585000 rw-p 00108000 08:03 263238                     /lib/x86_64-linux-gnu/libm-2.23.so
7f056c585000-7f056d252000 r-xp 00000000 08:03 2638185                    /usr/lib/jvm/java-8-oracle/jre/lib/amd64/server/libjvm.so
7f056d252000-7f056d451000 ---p 00ccd000 08:03 2638185                    /usr/lib/jvm/java-8-oracle/jre/lib/amd64/server/libjvm.so
7f056d451000-7f056d52a000 rw-p 00ccc000 08:03 2638185                    /usr/lib/jvm/java-8-oracle/jre/lib/amd64/server/libjvm.so
7f056d52a000-7f056d575000 rw-p 00000000 00:00 0 
7f056d575000-7f056d734000 r-xp 00000000 08:03 263233                     /lib/x86_64-linux-gnu/libc-2.23.so
7f056d734000-7f056d934000 ---p 001bf000 08:03 263233                     /lib/x86_64-linux-gnu/libc-2.23.so
7f056d934000-7f056d938000 r--p 001bf000 08:03 263233                     /lib/x86_64-linux-gnu/libc-2.23.so
7f056d938000-7f056d93a000 rw-p 001c3000 08:03 263233                     /lib/x86_64-linux-gnu/libc-2.23.so
7f056d93a000-7f056d93e000 rw-p 00000000 00:00 0 
7f056d93e000-7f056d941000 r-xp 00000000 08:03 263232                     /lib/x86_64-linux-gnu/libdl-2.23.so
7f056d941000-7f056db40000 ---p 00003000 08:03 263232                     /lib/x86_64-linux-gnu/libdl-2.23.so
7f056db40000-7f056db41000 r--p 00002000 08:03 263232                     /lib/x86_64-linux-gnu/libdl-2.23.so
7f056db41000-7f056db42000 rw-p 00003000 08:03 263232                     /lib/x86_64-linux-gnu/libdl-2.23.so
7f056db42000-7f056db57000 r-xp 00000000 08:03 2637266                    /usr/lib/jvm/java-8-oracle/lib/amd64/jli/libjli.so
7f056db57000-7f056dd57000 ---p 00015000 08:03 2637266                    /usr/lib/jvm/java-8-oracle/lib/amd64/jli/libjli.so
7f056dd57000-7f056dd58000 rw-p 00015000 08:03 2637266                    /usr/lib/jvm/java-8-oracle/lib/amd64/jli/libjli.so
7f056dd58000-7f056dd70000 r-xp 00000000 08:03 263239                     /lib/x86_64-linux-gnu/libpthread-2.23.so
7f056dd70000-7f056df6f000 ---p 00018000 08:03 263239                     /lib/x86_64-linux-gnu/libpthread-2.23.so
7f056df6f000-7f056df70000 r--p 00017000 08:03 263239                     /lib/x86_64-linux-gnu/libpthread-2.23.so
7f056df70000-7f056df71000 rw-p 00018000 08:03 263239                     /lib/x86_64-linux-gnu/libpthread-2.23.so
7f056df71000-7f056df75000 rw-p 00000000 00:00 0 
7f056df75000-7f056df9b000 r-xp 00000000 08:03 263186                     /lib/x86_64-linux-gnu/ld-2.23.so
7f056df9b000-7f056df9c000 r--s 00007000 08:04 3411700                    /home/borche/.gradle/wrapper/dists/gradle-2.14.1-all/8bnwg5hd3w55iofp58khbp6yv/gradle-2.14.1/lib/slf4j-api-1.7.10.jar
7f056df9c000-7f056dfa2000 r--s 00025000 08:04 3411714                    /home/borche/.gradle/wrapper/dists/gradle-2.14.1-all/8bnwg5hd3w55iofp58khbp6yv/gradle-2.14.1/lib/gradle-messaging-2.14.1.jar
7f056dfa2000-7f056dfde000 rw-p 00000000 00:00 0 
7f056dfde000-7f056e075000 ---p 00000000 00:00 0 
7f056e075000-7f056e078000 ---p 00000000 00:00 0 
7f056e078000-7f056e17a000 rw-p 00000000 00:00 0 
7f056e17a000-7f056e17c000 r--s 00009000 08:04 3411699                    /home/borche/.gradle/wrapper/dists/gradle-2.14.1-all/8bnwg5hd3w55iofp58khbp6yv/gradle-2.14.1/lib/gradle-native-2.14.1.jar
7f056e17c000-7f056e17e000 r--s 00005000 08:04 3411696                    /home/borche/.gradle/wrapper/dists/gradle-2.14.1-all/8bnwg5hd3w55iofp58khbp6yv/gradle-2.14.1/lib/gradle-cli-2.14.1.jar
7f056e17e000-7f056e183000 r--s 0001c000 08:04 3411715                    /home/borche/.gradle/wrapper/dists/gradle-2.14.1-all/8bnwg5hd3w55iofp58khbp6yv/gradle-2.14.1/lib/gradle-logging-2.14.1.jar
7f056e183000-7f056e184000 r--s 00005000 08:04 3411397                    /home/borche/.gradle/caches/2.14.1/workerMain/gradle-worker.jar
7f056e184000-7f056e18e000 rw-p 00000000 00:00 0 
7f056e18e000-7f056e196000 rw-s 00000000 08:03 663092                     /tmp/hsperfdata_borche/10343
7f056e196000-7f056e197000 rw-p 00000000 00:00 0 
7f056e197000-7f056e198000 r--p 00000000 00:00 0 
7f056e198000-7f056e19a000 rw-p 00000000 00:00 0 
7f056e19a000-7f056e19b000 r--p 00025000 08:03 263186                     /lib/x86_64-linux-gnu/ld-2.23.so
7f056e19b000-7f056e19c000 rw-p 00026000 08:03 263186                     /lib/x86_64-linux-gnu/ld-2.23.so
7f056e19c000-7f056e19d000 rw-p 00000000 00:00 0 
7ffd9f02c000-7ffd9f04e000 rw-p 00000000 00:00 0                          [stack]
7ffd9f11e000-7ffd9f120000 r--p 00000000 00:00 0                          [vvar]
7ffd9f120000-7ffd9f122000 r-xp 00000000 00:00 0                          [vdso]
ffffffffff600000-ffffffffff601000 r-xp 00000000 00:00 0                  [vsyscall]

VM Arguments:
jvm_args: -Djava.awt.headless=true -Djava.security.manager=worker.org.gradle.process.internal.worker.child.BootstrapSecurityManager -Xmx512m -Dfile.encoding=UTF-8 -Duser.country=US -Duser.language=en -Duser.variant -ea 
java_command: worker.org.gradle.process.internal.worker.GradleWorkerMain 'Gradle Test Executor 1'
java_class_path (initial): /home/borche/.gradle/caches/2.14.1/workerMain/gradle-worker.jar
Launcher Type: SUN_STANDARD

Environment Variables:
JAVA_HOME=/usr/lib/jvm/java-8-oracle
PATH=/home/borche/bin:/home/borche/.local/bin:/home/borche/.local/lib/apache-jena-3.1.1/bin:/usr/local/sbin:/usr/local/bin:/usr/sbin:/usr/bin:/sbin:/bin:/usr/games:/usr/local/games:/snap/bin:/usr/lib/jvm/java-8-oracle/bin:/usr/lib/jvm/java-8-oracle/db/bin:/usr/lib/jvm/java-8-oracle/jre/bin
SHELL=/bin/bash
DISPLAY=:0

Signal Handlers:
SIGSEGV: [libjvm.so+0xac64b0], sa_mask[0]=11111111011111111101111111111110, sa_flags=SA_RESTART|SA_SIGINFO
SIGBUS: [libjvm.so+0xac64b0], sa_mask[0]=11111111011111111101111111111110, sa_flags=SA_RESTART|SA_SIGINFO
SIGFPE: [libjvm.so+0x91f950], sa_mask[0]=11111111011111111101111111111110, sa_flags=SA_RESTART|SA_SIGINFO
SIGPIPE: [libjvm.so+0x91f950], sa_mask[0]=11111111011111111101111111111110, sa_flags=SA_RESTART|SA_SIGINFO
SIGXFSZ: [libjvm.so+0x91f950], sa_mask[0]=11111111011111111101111111111110, sa_flags=SA_RESTART|SA_SIGINFO
SIGILL: [libjvm.so+0x91f950], sa_mask[0]=11111111011111111101111111111110, sa_flags=SA_RESTART|SA_SIGINFO
SIGUSR1: SIG_DFL, sa_mask[0]=00000000000000000000000000000000, sa_flags=none
SIGUSR2: [libjvm.so+0x920f80], sa_mask[0]=00100000000000000000000000000000, sa_flags=SA_RESTART|SA_SIGINFO
SIGHUP: [libjvm.so+0x922380], sa_mask[0]=11111111011111111101111111111110, sa_flags=SA_RESTART|SA_SIGINFO
SIGINT: [libjvm.so+0x922380], sa_mask[0]=11111111011111111101111111111110, sa_flags=SA_RESTART|SA_SIGINFO
SIGTERM: [libjvm.so+0x922380], sa_mask[0]=11111111011111111101111111111110, sa_flags=SA_RESTART|SA_SIGINFO
SIGQUIT: [libjvm.so+0x922380], sa_mask[0]=11111111011111111101111111111110, sa_flags=SA_RESTART|SA_SIGINFO


---------------  S Y S T E M  ---------------

OS:DISTRIB_ID=Ubuntu
DISTRIB_RELEASE=16.04
DISTRIB_CODENAME=xenial
DISTRIB_DESCRIPTION="Ubuntu 16.04.1 LTS"

uname:Linux 4.4.0-59-generic #80-Ubuntu SMP Fri Jan 6 17:47:47 UTC 2017 x86_64
libc:glibc 2.23 NPTL 2.23 
rlimit: STACK 8192k, CORE 0k, NPROC 14976, NOFILE 65536, AS infinity
load average:1.66 1.27 0.60

/proc/meminfo:
MemTotal:        3930724 kB
MemFree:         1558072 kB
MemAvailable:    2039904 kB
Buffers:          104668 kB
Cached:           705332 kB
SwapCached:            0 kB
Active:          1701160 kB
Inactive:         515524 kB
Active(anon):    1408332 kB
Inactive(anon):   142788 kB
Active(file):     292828 kB
Inactive(file):   372736 kB
Unevictable:         344 kB
Mlocked:             344 kB
SwapTotal:       8000508 kB
SwapFree:        8000508 kB
Dirty:              1524 kB
Writeback:             0 kB
AnonPages:       1407228 kB
Mapped:           234076 kB
Shmem:            144308 kB
Slab:              76992 kB
SReclaimable:      44108 kB
SUnreclaim:        32884 kB
KernelStack:        9568 kB
PageTables:        28184 kB
NFS_Unstable:          0 kB
Bounce:                0 kB
WritebackTmp:          0 kB
CommitLimit:     9965868 kB
Committed_AS:    4572508 kB
VmallocTotal:   34359738367 kB
VmallocUsed:           0 kB
VmallocChunk:          0 kB
HardwareCorrupted:     0 kB
AnonHugePages:    540672 kB
CmaTotal:              0 kB
CmaFree:               0 kB
HugePages_Total:       0
HugePages_Free:        0
HugePages_Rsvd:        0
HugePages_Surp:        0
Hugepagesize:       2048 kB
DirectMap4k:      108288 kB
DirectMap2M:     3971072 kB


CPU:total 4 (2 cores per cpu, 2 threads per core) family 6 model 42 stepping 7, cmov, cx8, fxsr, mmx, sse, sse2, sse3, ssse3, sse4.1, sse4.2, popcnt, avx, clmul, ht, tsc, tscinvbit

/proc/cpuinfo:
processor	: 0
vendor_id	: GenuineIntel
cpu family	: 6
model		: 42
model name	: Intel(R) Core(TM) i3-2328M CPU @ 2.20GHz
stepping	: 7
microcode	: 0x29
cpu MHz		: 2200.000
cache size	: 3072 KB
physical id	: 0
siblings	: 4
core id		: 0
cpu cores	: 2
apicid		: 0
initial apicid	: 0
fpu		: yes
fpu_exception	: yes
cpuid level	: 13
wp		: yes
flags		: fpu vme de pse tsc msr pae mce cx8 apic sep mtrr pge mca cmov pat pse36 clflush dts acpi mmx fxsr sse sse2 ss ht tm pbe syscall nx rdtscp lm constant_tsc arch_perfmon pebs bts rep_good nopl xtopology nonstop_tsc aperfmperf eagerfpu pni pclmulqdq dtes64 monitor ds_cpl vmx est tm2 ssse3 cx16 xtpr pdcm pcid sse4_1 sse4_2 x2apic popcnt tsc_deadline_timer xsave avx lahf_lm epb tpr_shadow vnmi flexpriority ept vpid xsaveopt dtherm arat pln pts
bugs		:
bogomips	: 4390.08
clflush size	: 64
cache_alignment	: 64
address sizes	: 36 bits physical, 48 bits virtual
power management:

processor	: 1
vendor_id	: GenuineIntel
cpu family	: 6
model		: 42
model name	: Intel(R) Core(TM) i3-2328M CPU @ 2.20GHz
stepping	: 7
microcode	: 0x29
cpu MHz		: 2200.000
cache size	: 3072 KB
physical id	: 0
siblings	: 4
core id		: 0
cpu cores	: 2
apicid		: 1
initial apicid	: 1
fpu		: yes
fpu_exception	: yes
cpuid level	: 13
wp		: yes
flags		: fpu vme de pse tsc msr pae mce cx8 apic sep mtrr pge mca cmov pat pse36 clflush dts acpi mmx fxsr sse sse2 ss ht tm pbe syscall nx rdtscp lm constant_tsc arch_perfmon pebs bts rep_good nopl xtopology nonstop_tsc aperfmperf eagerfpu pni pclmulqdq dtes64 monitor ds_cpl vmx est tm2 ssse3 cx16 xtpr pdcm pcid sse4_1 sse4_2 x2apic popcnt tsc_deadline_timer xsave avx lahf_lm epb tpr_shadow vnmi flexpriority ept vpid xsaveopt dtherm arat pln pts
bugs		:
bogomips	: 4390.08
clflush size	: 64
cache_alignment	: 64
address sizes	: 36 bits physical, 48 bits virtual
power management:

processor	: 2
vendor_id	: GenuineIntel
cpu family	: 6
model		: 42
model name	: Intel(R) Core(TM) i3-2328M CPU @ 2.20GHz
stepping	: 7
microcode	: 0x29
cpu MHz		: 2200.000
cache size	: 3072 KB
physical id	: 0
siblings	: 4
core id		: 1
cpu cores	: 2
apicid		: 2
initial apicid	: 2
fpu		: yes
fpu_exception	: yes
cpuid level	: 13
wp		: yes
flags		: fpu vme de pse tsc msr pae mce cx8 apic sep mtrr pge mca cmov pat pse36 clflush dts acpi mmx fxsr sse sse2 ss ht tm pbe syscall nx rdtscp lm constant_tsc arch_perfmon pebs bts rep_good nopl xtopology nonstop_tsc aperfmperf eagerfpu pni pclmulqdq dtes64 monitor ds_cpl vmx est tm2 ssse3 cx16 xtpr pdcm pcid sse4_1 sse4_2 x2apic popcnt tsc_deadline_timer xsave avx lahf_lm epb tpr_shadow vnmi flexpriority ept vpid xsaveopt dtherm arat pln pts
bugs		:
bogomips	: 4390.08
clflush size	: 64
cache_alignment	: 64
address sizes	: 36 bits physical, 48 bits virtual
power management:

processor	: 3
vendor_id	: GenuineIntel
cpu family	: 6
model		: 42
model name	: Intel(R) Core(TM) i3-2328M CPU @ 2.20GHz
stepping	: 7
microcode	: 0x29
cpu MHz		: 2200.000
cache size	: 3072 KB
physical id	: 0
siblings	: 4
core id		: 1
cpu cores	: 2
apicid		: 3
initial apicid	: 3
fpu		: yes
fpu_exception	: yes
cpuid level	: 13
wp		: yes
flags		: fpu vme de pse tsc msr pae mce cx8 apic sep mtrr pge mca cmov pat pse36 clflush dts acpi mmx fxsr sse sse2 ss ht tm pbe syscall nx rdtscp lm constant_tsc arch_perfmon pebs bts rep_good nopl xtopology nonstop_tsc aperfmperf eagerfpu pni pclmulqdq dtes64 monitor ds_cpl vmx est tm2 ssse3 cx16 xtpr pdcm pcid sse4_1 sse4_2 x2apic popcnt tsc_deadline_timer xsave avx lahf_lm epb tpr_shadow vnmi flexpriority ept vpid xsaveopt dtherm arat pln pts
bugs		:
bogomips	: 4390.08
clflush size	: 64
cache_alignment	: 64
address sizes	: 36 bits physical, 48 bits virtual
power management:



Memory: 4k page, physical 3930724k(1558072k free), swap 8000508k(8000508k free)

vm_info: Java HotSpot(TM) 64-Bit Server VM (25.111-b14) for linux-amd64 JRE (1.8.0_111-b14), built on Sep 22 2016 16:14:03 by "java_re" with gcc 4.3.0 20080428 (Red Hat 4.3.0-8)

time: Tue Jan 17 10:26:42 2017
elapsed time: 9 seconds (0d 0h 0m 9s)

