#
# A fatal error has been detected by the Java Runtime Environment:
#
#  SIGSEGV (0xb) at pc=0x00007fccc249994a, pid=10346, tid=0x00007fcc733f5700
#
# JRE version: Java(TM) SE Runtime Environment (8.0_111-b14) (build 1.8.0_111-b14)
# Java VM: Java HotSpot(TM) 64-Bit Server VM (25.111-b14 mixed mode linux-amd64 compressed oops)
# Problematic frame:
# C  [ld-linux-x86-64.so.2+0x1b94a]
#
# Failed to write core dump. Core dumps have been disabled. To enable core dumping, try "ulimit -c unlimited" before starting Java again
#
# If you would like to submit a bug report, please visit:
#   http://bugreport.java.com/bugreport/crash.jsp
# The crash happened outside the Java Virtual Machine in native code.
# See problematic frame for where to report the bug.
#

---------------  T H R E A D  ---------------

Current thread (0x00007fccbc4db800):  JavaThread "Test worker" [_thread_in_native, id=10617, stack(0x00007fcc732f5000,0x00007fcc733f6000)]

siginfo: si_signo: 11 (SIGSEGV), si_code: 1 (SEGV_MAPERR), si_addr: 0x0000000000005f12

Registers:
RAX=0x0000000000000030, RBX=0x00007fcc6c3d5570, RCX=0x0000000000000012, RDX=0x00007fcc71cc0778
RSP=0x00007fcc733ef058, RBP=0x0000000000000000, RSI=0x0000000000005f12, RDI=0x00007fcc6c3d5570
R8 =0x0000000000000000, R9 =0x0000000000000010, R10=0x00007fccc249a5a0, R11=0x0000000000000001
R12=0x00000000011db1c0, R13=0x0000000090000001, R14=0x00007fccc26a4040, R15=0x00007fcc6c46c850
RIP=0x00007fccc249994a, EFLAGS=0x0000000000010246, CSGSFS=0x0000000000000033, ERR=0x0000000000000004
  TRAPNO=0x000000000000000e

Top of Stack: (sp=0x00007fcc733ef058)
0x00007fcc733ef058:   00007fccc24868cf 00000002733ef090
0x00007fcc733ef068:   00007fcc8805db60 00007fcc733efd90
0x00007fcc733ef078:   00007fcc8805db60 00007fcc733efd90
0x00007fcc733ef088:   0000000000000000 00007fcc733efe50
0x00007fcc733ef098:   00007fcc00000000 00007fcc733efe00
0x00007fcc733ef0a8:   00007fcc733efce0 00007fccbc4db800
0x00007fcc733ef0b8:   01017fcc733ef0e0 00007fcc733efea0
0x00007fcc733ef0c8:   00007fccacc40350 00007fcc8805db50
0x00007fcc733ef0d8:   00007fcc8805db60 00007fcc8805df38
0x00007fcc733ef0e8:   00007fccbc4d0670 00000000000003d8
0x00007fcc733ef0f8:   00007fccacc40e2c 00007fcc8805db60
0x00007fcc733ef108:   00007fccaa650f00 00007fcc733f0210
0x00007fcc733ef118:   00007fccacc40e2c 00007fccacc40350
0x00007fcc733ef128:   00007fcc00000000 00007fcc733f0520
0x00007fcc733ef138:   00007fcc733f0210 00007fccbc4db800
0x00007fcc733ef148:   00007fccc11a3f86 00007fccbc4db800
0x00007fcc733ef158:   00007fccbc4db800 00007fcc733ef240
0x00007fcc733ef168:   00007fccac74012c 0000000000000000
0x00007fcc733ef178:   00007fccbc4db9f8 00007fcc733ef1a0
0x00007fcc733ef188:   00007fcc71d9b098 00007fcc733ef240
0x00007fcc733ef198:   00007fccc015189b 6e616c2f71d9b3f8
0x00007fcc733ef1a8:   6d65747379532f67 00007fcc733ef240
0x00007fcc733ef1b8:   00007fccac5a57a7 00007fcc8805db60
0x00007fcc733ef1c8:   00007fccac5a57a7 00000000e0ab30b8
0x00007fcc733ef1d8:   00000000f6e3f108 00007fcc00001fa0
0x00007fcc733ef1e8:   00007fccbc4dca50 00007fccbc4db800
0x00007fcc733ef1f8:   00007fcc733ef2c0 00000000f6e3f108
0x00007fcc733ef208:   00007fcc733ef280 00007fcc733ef280
0x00007fcc733ef218:   00007fcc733ef5f8 00007fcc733ef280
0x00007fcc733ef228:   00007fcc733ef5f0 00007fcc733ef2c0
0x00007fcc733ef238:   00007fccbc4db800 00007fcc733ef3b0
0x00007fcc733ef248:   00007fccc111e385 00007fcc00000002 

Instructions: (pc=0x00007fccc249994a)
0x00007fccc249992a:   66 0f 1f 44 00 00 89 f1 89 f8 48 83 e1 3f 48 83
0x00007fccc249993a:   e0 3f 83 f9 30 77 3f 83 f8 30 77 3a 66 0f 12 0f
0x00007fccc249994a:   66 0f 12 16 66 0f 16 4f 08 66 0f 16 56 08 66 0f
0x00007fccc249995a:   ef c0 66 0f 74 c1 66 0f 74 ca 66 0f f8 c8 66 0f 

Register to memory mapping:

RAX=0x0000000000000030 is an unknown value
RBX=0x00007fcc6c3d5570 is an unknown value
RCX=0x0000000000000012 is an unknown value
RDX=
[error occurred during error reporting (printing register info), id 0xb]

Stack: [0x00007fcc732f5000,0x00007fcc733f6000],  sp=0x00007fcc733ef058,  free space=1000k
Native frames: (J=compiled Java code, j=interpreted, Vv=VM code, C=native code)
C  [ld-linux-x86-64.so.2+0x1b94a]

Java frames: (J=compiled Java code, j=interpreted, Vv=VM code)
j  java.lang.ClassLoader$NativeLibrary.load(Ljava/lang/String;Z)V+0
j  java.lang.ClassLoader.loadLibrary0(Ljava/lang/Class;Ljava/io/File;)Z+328
j  java.lang.ClassLoader.loadLibrary(Ljava/lang/Class;Ljava/lang/String;Z)V+217
j  java.lang.Runtime.loadLibrary0(Ljava/lang/Class;Ljava/lang/String;)V+54
j  java.lang.System.loadLibrary(Ljava/lang/String;)V+7
j  sun.security.ec.SunEC$1.run()Ljava/lang/Void;+2
j  sun.security.ec.SunEC$1.run()Ljava/lang/Object;+1
v  ~StubRoutines::call_stub
J 641  java.security.AccessController.doPrivileged(Ljava/security/PrivilegedAction;)Ljava/lang/Object; (0 bytes) @ 0x00007fccac82640f [0x00007fccac8263c0+0x4f]
j  sun.security.ec.SunEC.<clinit>()V+11
v  ~StubRoutines::call_stub
j  sun.reflect.NativeConstructorAccessorImpl.newInstance0(Ljava/lang/reflect/Constructor;[Ljava/lang/Object;)Ljava/lang/Object;+0
j  sun.reflect.NativeConstructorAccessorImpl.newInstance([Ljava/lang/Object;)Ljava/lang/Object;+85
J 1093 C1 sun.reflect.DelegatingConstructorAccessorImpl.newInstance([Ljava/lang/Object;)Ljava/lang/Object; (9 bytes) @ 0x00007fccac9b4644 [0x00007fccac9b4540+0x104]
J 1938 C1 java.lang.reflect.Constructor.newInstance([Ljava/lang/Object;)Ljava/lang/Object; (87 bytes) @ 0x00007fccacc79a24 [0x00007fccacc798e0+0x144]
J 1190 C1 java.lang.Class.newInstance()Ljava/lang/Object; (155 bytes) @ 0x00007fccac9de76c [0x00007fccac9dde60+0x90c]
j  sun.security.jca.ProviderConfig$2.run()Ljava/security/Provider;+79
j  sun.security.jca.ProviderConfig$2.run()Ljava/lang/Object;+1
v  ~StubRoutines::call_stub
J 641  java.security.AccessController.doPrivileged(Ljava/security/PrivilegedAction;)Ljava/lang/Object; (0 bytes) @ 0x00007fccac82640f [0x00007fccac8263c0+0x4f]
j  sun.security.jca.ProviderConfig.doLoadProvider()Ljava/security/Provider;+8
j  sun.security.jca.ProviderConfig.getProvider()Ljava/security/Provider;+88
j  sun.security.jca.ProviderList.getProvider(I)Ljava/security/Provider;+6
j  sun.security.jca.ProviderList.getIndex(Ljava/lang/String;)I+13
j  sun.security.jca.ProviderList.getProviderConfig(Ljava/lang/String;)Lsun/security/jca/ProviderConfig;+2
j  sun.security.jca.ProviderList.getProvider(Ljava/lang/String;)Ljava/security/Provider;+2
j  java.security.Security.getProvider(Ljava/lang/String;)Ljava/security/Provider;+4
j  org.robolectric.internal.ParallelUniverse.setUpApplicationState(Ljava/lang/reflect/Method;Lorg/robolectric/TestLifecycle;Lorg/robolectric/res/ResourceLoader;Lorg/robolectric/manifest/AndroidManifest;Lorg/robolectric/annotation/Config;)V+70
j  org.robolectric.RobolectricTestRunner.setUpApplicationState(Ljava/lang/reflect/Method;Lorg/robolectric/internal/ParallelUniverseInterface;Lorg/robolectric/res/ResourceLoader;Lorg/robolectric/manifest/AndroidManifest;Lorg/robolectric/annotation/Config;)V+11
j  org.robolectric.RobolectricTestRunner$2.evaluate()V+226
j  org.robolectric.RobolectricTestRunner.runChild(Lorg/junit/runners/model/FrameworkMethod;Lorg/junit/runner/notification/RunNotifier;)V+119
j  org.robolectric.RobolectricTestRunner.runChild(Ljava/lang/Object;Lorg/junit/runner/notification/RunNotifier;)V+6
j  org.junit.runners.ParentRunner$3.run()V+12
j  org.junit.runners.ParentRunner$1.schedule(Ljava/lang/Runnable;)V+1
j  org.junit.runners.ParentRunner.runChildren(Lorg/junit/runner/notification/RunNotifier;)V+44
j  org.junit.runners.ParentRunner.access$000(Lorg/junit/runners/ParentRunner;Lorg/junit/runner/notification/RunNotifier;)V+2
j  org.junit.runners.ParentRunner$2.evaluate()V+8
j  org.robolectric.RobolectricTestRunner$1.evaluate()V+4
j  org.junit.runners.ParentRunner.run(Lorg/junit/runner/notification/RunNotifier;)V+20
j  org.gradle.api.internal.tasks.testing.junit.JUnitTestClassExecuter.runTestClass(Ljava/lang/String;)V+260
j  org.gradle.api.internal.tasks.testing.junit.JUnitTestClassExecuter.execute(Ljava/lang/String;)V+14
j  org.gradle.api.internal.tasks.testing.junit.JUnitTestClassProcessor.processTestClass(Lorg/gradle/api/internal/tasks/testing/TestClassRunInfo;)V+26
j  org.gradle.api.internal.tasks.testing.SuiteTestClassProcessor.processTestClass(Lorg/gradle/api/internal/tasks/testing/TestClassRunInfo;)V+5
v  ~StubRoutines::call_stub
j  sun.reflect.NativeMethodAccessorImpl.invoke0(Ljava/lang/reflect/Method;Ljava/lang/Object;[Ljava/lang/Object;)Ljava/lang/Object;+0
j  sun.reflect.NativeMethodAccessorImpl.invoke(Ljava/lang/Object;[Ljava/lang/Object;)Ljava/lang/Object;+100
j  sun.reflect.DelegatingMethodAccessorImpl.invoke(Ljava/lang/Object;[Ljava/lang/Object;)Ljava/lang/Object;+6
j  java.lang.reflect.Method.invoke(Ljava/lang/Object;[Ljava/lang/Object;)Ljava/lang/Object;+56
j  org.gradle.internal.dispatch.ReflectionDispatch.dispatch(Lorg/gradle/internal/dispatch/MethodInvocation;)V+19
j  org.gradle.internal.dispatch.ReflectionDispatch.dispatch(Ljava/lang/Object;)V+5
j  org.gradle.internal.dispatch.ContextClassLoaderDispatch.dispatch(Ljava/lang/Object;)V+22
j  org.gradle.internal.dispatch.ProxyDispatchAdapter$DispatchingInvocationHandler.invoke(Ljava/lang/Object;Ljava/lang/reflect/Method;[Ljava/lang/Object;)Ljava/lang/Object;+178
j  com.sun.proxy.$Proxy2.processTestClass(Lorg/gradle/api/internal/tasks/testing/TestClassRunInfo;)V+16
j  org.gradle.api.internal.tasks.testing.worker.TestWorker.processTestClass(Lorg/gradle/api/internal/tasks/testing/TestClassRunInfo;)V+13
v  ~StubRoutines::call_stub
j  sun.reflect.NativeMethodAccessorImpl.invoke0(Ljava/lang/reflect/Method;Ljava/lang/Object;[Ljava/lang/Object;)Ljava/lang/Object;+0
j  sun.reflect.NativeMethodAccessorImpl.invoke(Ljava/lang/Object;[Ljava/lang/Object;)Ljava/lang/Object;+100
j  sun.reflect.DelegatingMethodAccessorImpl.invoke(Ljava/lang/Object;[Ljava/lang/Object;)Ljava/lang/Object;+6
j  java.lang.reflect.Method.invoke(Ljava/lang/Object;[Ljava/lang/Object;)Ljava/lang/Object;+56
j  org.gradle.internal.dispatch.ReflectionDispatch.dispatch(Lorg/gradle/internal/dispatch/MethodInvocation;)V+19
j  org.gradle.internal.dispatch.ReflectionDispatch.dispatch(Ljava/lang/Object;)V+5
j  org.gradle.internal.remote.internal.hub.MessageHub$Handler.run()V+174
j  org.gradle.internal.concurrent.ExecutorPolicy$CatchAndRecordFailures.onExecute(Ljava/lang/Runnable;)V+1
j  org.gradle.internal.concurrent.StoppableExecutorImpl$1.run()V+25
j  java.util.concurrent.ThreadPoolExecutor.runWorker(Ljava/util/concurrent/ThreadPoolExecutor$Worker;)V+95
j  java.util.concurrent.ThreadPoolExecutor$Worker.run()V+5
j  java.lang.Thread.run()V+11
v  ~StubRoutines::call_stub

---------------  P R O C E S S  ---------------

Java Threads: ( => current thread )
  0x00007fcc6c262800 JavaThread "pool-1-thread-5" [_thread_blocked, id=10818, stack(0x00007fcc727b5000,0x00007fcc728b6000)]
  0x00007fcc6c261000 JavaThread "pool-1-thread-4" [_thread_blocked, id=10817, stack(0x00007fcc728b6000,0x00007fcc729b7000)]
  0x00007fcc6c260000 JavaThread "pool-1-thread-3" [_thread_blocked, id=10816, stack(0x00007fcc729b7000,0x00007fcc72ab8000)]
  0x00007fcc6c25f800 JavaThread "pool-1-thread-2" [_thread_blocked, id=10815, stack(0x00007fcc72cb8000,0x00007fcc72db9000)]
  0x00007fcc6c266000 JavaThread "pool-1-thread-1" [_thread_blocked, id=10814, stack(0x00007fcc72db9000,0x00007fcc72eba000)]
  0x00007fcc6c19c800 JavaThread "process reaper" daemon [_thread_blocked, id=10795, stack(0x00007fcc72eba000,0x00007fcc72ef3000)]
  0x00007fccbc4e7000 JavaThread "/0:0:0:0:0:0:0:1:60714 to /0:0:0:0:0:0:0:1:33041 workers Thread 3" [_thread_in_native, id=10780, stack(0x00007fcc730f3000,0x00007fcc731f4000)]
  0x00007fccbc4e6000 JavaThread "/0:0:0:0:0:0:0:1:60714 to /0:0:0:0:0:0:0:1:33041 workers Thread 2" [_thread_blocked, id=10778, stack(0x00007fcc731f4000,0x00007fcc732f5000)]
=>0x00007fccbc4db800 JavaThread "Test worker" [_thread_in_native, id=10617, stack(0x00007fcc732f5000,0x00007fcc733f6000)]
  0x00007fccbc0f3000 JavaThread "Service Thread" daemon [_thread_blocked, id=10416, stack(0x00007fcca8796000,0x00007fcca8897000)]
  0x00007fccbc0f0000 JavaThread "C1 CompilerThread2" daemon [_thread_blocked, id=10415, stack(0x00007fcca8897000,0x00007fcca8998000)]
  0x00007fccbc0ed800 JavaThread "C2 CompilerThread1" daemon [_thread_in_native, id=10414, stack(0x00007fcca8998000,0x00007fcca8a99000)]
  0x00007fccbc0ec000 JavaThread "C2 CompilerThread0" daemon [_thread_in_native, id=10413, stack(0x00007fcca8a99000,0x00007fcca8b9a000)]
  0x00007fccbc0e8000 JavaThread "Signal Dispatcher" daemon [_thread_blocked, id=10412, stack(0x00007fcca8b9a000,0x00007fcca8c9b000)]
  0x00007fccbc084000 JavaThread "Finalizer" daemon [_thread_blocked, id=10394, stack(0x00007fcca8f74000,0x00007fcca9075000)]
  0x00007fccbc07f800 JavaThread "Reference Handler" daemon [_thread_blocked, id=10393, stack(0x00007fcca9075000,0x00007fcca9176000)]
  0x00007fccbc00a000 JavaThread "main" [_thread_blocked, id=10365, stack(0x00007fccc257e000,0x00007fccc267f000)]

Other Threads:
  0x00007fccbc078000 VMThread [stack: 0x00007fcca9176000,0x00007fcca9277000] [id=10391]
  0x00007fccbc0f6000 WatcherThread [stack: 0x00007fcca8695000,0x00007fcca8796000] [id=10417]

VM state:not at safepoint (normal execution)

VM Mutex/Monitor currently owned by a thread: None

Heap:
 PSYoungGen      total 124928K, used 26408K [0x00000000f5580000, 0x00000000fe580000, 0x0000000100000000)
  eden space 117760K, 22% used [0x00000000f5580000,0x00000000f6f4a108,0x00000000fc880000)
  from space 7168K, 0% used [0x00000000fd480000,0x00000000fd480000,0x00000000fdb80000)
  to   space 12288K, 0% used [0x00000000fc880000,0x00000000fc880000,0x00000000fd480000)
 ParOldGen       total 49664K, used 17767K [0x00000000e0000000, 0x00000000e3080000, 0x00000000f5580000)
  object space 49664K, 35% used [0x00000000e0000000,0x00000000e1159ea8,0x00000000e3080000)
 Metaspace       used 21625K, capacity 21936K, committed 22192K, reserved 1069056K
  class space    used 2339K, capacity 2449K, committed 2560K, reserved 1048576K

Card table byte_map: [0x00007fccc0042000,0x00007fccc0143000] byte_map_base: 0x00007fccbf942000

Marking Bits: (ParMarkBitMap*) 0x00007fccc1a51220
 Begin Bits: [0x00007fccaade1000, 0x00007fccab5e1000)
 End Bits:   [0x00007fccab5e1000, 0x00007fccabde1000)

Polling page: 0x00007fccc26a0000

CodeCache: size=245760Kb used=7577Kb max_used=7577Kb free=238182Kb
 bounds [0x00007fccac5a5000, 0x00007fccacd15000, 0x00007fccbb5a5000]
 total_blobs=2469 nmethods=2064 adapters=318
 compilation: enabled

Compilation events (10 events):
Event: 12.663 Thread 0x00007fccbc0f0000 2111       2       sun.security.provider.SHA2::lf_delta1 (21 bytes)
Event: 12.663 Thread 0x00007fccbc0f0000 nmethod 2111 0x00007fccacd10990 code [0x00007fccacd10ae0, 0x00007fccacd10c30]
Event: 12.663 Thread 0x00007fccbc0f0000 2112       2       sun.security.provider.SHA2::lf_delta0 (20 bytes)
Event: 12.664 Thread 0x00007fccbc0f0000 nmethod 2112 0x00007fccacd10c90 code [0x00007fccacd10de0, 0x00007fccacd10f30]
Event: 12.664 Thread 0x00007fccbc0f0000 2113       1       sun.security.provider.SHA2::lf_ch (10 bytes)
Event: 12.664 Thread 0x00007fccbc0f0000 nmethod 2113 0x00007fccacd10f90 code [0x00007fccacd110e0, 0x00007fccacd111d0]
Event: 12.664 Thread 0x00007fccbc0f0000 2114       1       sun.security.provider.SHA2::lf_maj (12 bytes)
Event: 12.664 Thread 0x00007fccbc0f0000 nmethod 2114 0x00007fccacd11210 code [0x00007fccacd11360, 0x00007fccacd11450]
Event: 12.715 Thread 0x00007fccbc0f0000 2115       2       sun.security.provider.SHA2::implCompress (331 bytes)
Event: 12.716 Thread 0x00007fccbc0f0000 nmethod 2115 0x00007fccacd11490 code [0x00007fccacd11640, 0x00007fccacd11d28]

GC Heap History (10 events):
Event: 5.115 GC heap before
{Heap before GC invocations=3 (full 0):
 PSYoungGen      total 33280K, used 33251K [0x00000000f5580000, 0x00000000f7880000, 0x0000000100000000)
  eden space 30720K, 100% used [0x00000000f5580000,0x00000000f7380000,0x00000000f7380000)
  from space 2560K, 98% used [0x00000000f7600000,0x00000000f7878d10,0x00000000f7880000)
  to   space 2560K, 0% used [0x00000000f7380000,0x00000000f7380000,0x00000000f7600000)
 ParOldGen       total 40960K, used 2465K [0x00000000e0000000, 0x00000000e2800000, 0x00000000f5580000)
  object space 40960K, 6% used [0x00000000e0000000,0x00000000e02685f0,0x00000000e2800000)
 Metaspace       used 14057K, capacity 14264K, committed 14464K, reserved 1062912K
  class space    used 1770K, capacity 1858K, committed 1920K, reserved 1048576K
Event: 5.145 GC heap after
Heap after GC invocations=3 (full 0):
 PSYoungGen      total 33280K, used 2547K [0x00000000f5580000, 0x00000000f9680000, 0x0000000100000000)
  eden space 30720K, 0% used [0x00000000f5580000,0x00000000f5580000,0x00000000f7380000)
  from space 2560K, 99% used [0x00000000f7380000,0x00000000f75fcd40,0x00000000f7600000)
  to   space 2560K, 0% used [0x00000000f9400000,0x00000000f9400000,0x00000000f9680000)
 ParOldGen       total 40960K, used 6854K [0x00000000e0000000, 0x00000000e2800000, 0x00000000f5580000)
  object space 40960K, 16% used [0x00000000e0000000,0x00000000e06b18c8,0x00000000e2800000)
 Metaspace       used 14057K, capacity 14264K, committed 14464K, reserved 1062912K
  class space    used 1770K, capacity 1858K, committed 1920K, reserved 1048576K
}
Event: 7.223 GC heap before
{Heap before GC invocations=4 (full 0):
 PSYoungGen      total 33280K, used 33267K [0x00000000f5580000, 0x00000000f9680000, 0x0000000100000000)
  eden space 30720K, 100% used [0x00000000f5580000,0x00000000f7380000,0x00000000f7380000)
  from space 2560K, 99% used [0x00000000f7380000,0x00000000f75fcd40,0x00000000f7600000)
  to   space 2560K, 0% used [0x00000000f9400000,0x00000000f9400000,0x00000000f9680000)
 ParOldGen       total 40960K, used 6854K [0x00000000e0000000, 0x00000000e2800000, 0x00000000f5580000)
  object space 40960K, 16% used [0x00000000e0000000,0x00000000e06b18c8,0x00000000e2800000)
 Metaspace       used 16461K, capacity 16792K, committed 17024K, reserved 1064960K
  class space    used 1972K, capacity 2124K, committed 2176K, reserved 1048576K
Event: 7.249 GC heap after
Heap after GC invocations=4 (full 0):
 PSYoungGen      total 64000K, used 2528K [0x00000000f5580000, 0x00000000f9680000, 0x0000000100000000)
  eden space 61440K, 0% used [0x00000000f5580000,0x00000000f5580000,0x00000000f9180000)
  from space 2560K, 98% used [0x00000000f9400000,0x00000000f9678050,0x00000000f9680000)
  to   space 2560K, 0% used [0x00000000f9180000,0x00000000f9180000,0x00000000f9400000)
 ParOldGen       total 40960K, used 9509K [0x00000000e0000000, 0x00000000e2800000, 0x00000000f5580000)
  object space 40960K, 23% used [0x00000000e0000000,0x00000000e0949480,0x00000000e2800000)
 Metaspace       used 16461K, capacity 16792K, committed 17024K, reserved 1064960K
  class space    used 1972K, capacity 2124K, committed 2176K, reserved 1048576K
}
Event: 9.490 GC heap before
{Heap before GC invocations=5 (full 0):
 PSYoungGen      total 64000K, used 63968K [0x00000000f5580000, 0x00000000f9680000, 0x0000000100000000)
  eden space 61440K, 100% used [0x00000000f5580000,0x00000000f9180000,0x00000000f9180000)
  from space 2560K, 98% used [0x00000000f9400000,0x00000000f9678050,0x00000000f9680000)
  to   space 2560K, 0% used [0x00000000f9180000,0x00000000f9180000,0x00000000f9400000)
 ParOldGen       total 40960K, used 9509K [0x00000000e0000000, 0x00000000e2800000, 0x00000000f5580000)
  object space 40960K, 23% used [0x00000000e0000000,0x00000000e0949480,0x00000000e2800000)
 Metaspace       used 18255K, capacity 18590K, committed 18944K, reserved 1067008K
  class space    used 2065K, capacity 2189K, committed 2304K, reserved 1048576K
Event: 9.515 GC heap after
Heap after GC invocations=5 (full 0):
 PSYoungGen      total 64000K, used 2531K [0x00000000f5580000, 0x00000000fdb80000, 0x0000000100000000)
  eden space 61440K, 0% used [0x00000000f5580000,0x00000000f5580000,0x00000000f9180000)
  from space 2560K, 98% used [0x00000000f9180000,0x00000000f93f8d30,0x00000000f9400000)
  to   space 7168K, 0% used [0x00000000fd480000,0x00000000fd480000,0x00000000fdb80000)
 ParOldGen       total 40960K, used 12256K [0x00000000e0000000, 0x00000000e2800000, 0x00000000f5580000)
  object space 40960K, 29% used [0x00000000e0000000,0x00000000e0bf8008,0x00000000e2800000)
 Metaspace       used 18255K, capacity 18590K, committed 18944K, reserved 1067008K
  class space    used 2065K, capacity 2189K, committed 2304K, reserved 1048576K
}
Event: 11.586 GC heap before
{Heap before GC invocations=6 (full 0):
 PSYoungGen      total 64000K, used 48914K [0x00000000f5580000, 0x00000000fdb80000, 0x0000000100000000)
  eden space 61440K, 75% used [0x00000000f5580000,0x00000000f82cbc28,0x00000000f9180000)
  from space 2560K, 98% used [0x00000000f9180000,0x00000000f93f8d30,0x00000000f9400000)
  to   space 7168K, 0% used [0x00000000fd480000,0x00000000fd480000,0x00000000fdb80000)
 ParOldGen       total 40960K, used 12256K [0x00000000e0000000, 0x00000000e2800000, 0x00000000f5580000)
  object space 40960K, 29% used [0x00000000e0000000,0x00000000e0bf8008,0x00000000e2800000)
 Metaspace       used 20802K, capacity 21124K, committed 21296K, reserved 1069056K
  class space    used 2285K, capacity 2414K, committed 2432K, reserved 1048576K
Event: 11.667 GC heap after
Heap after GC invocations=6 (full 0):
 PSYoungGen      total 124928K, used 7150K [0x00000000f5580000, 0x00000000fe580000, 0x0000000100000000)
  eden space 117760K, 0% used [0x00000000f5580000,0x00000000f5580000,0x00000000fc880000)
  from space 7168K, 99% used [0x00000000fd480000,0x00000000fdb7ba50,0x00000000fdb80000)
  to   space 12288K, 0% used [0x00000000fc880000,0x00000000fc880000,0x00000000fd480000)
 ParOldGen       total 40960K, used 19588K [0x00000000e0000000, 0x00000000e2800000, 0x00000000f5580000)
  object space 40960K, 47% used [0x00000000e0000000,0x00000000e1321140,0x00000000e2800000)
 Metaspace       used 20802K, capacity 21124K, committed 21296K, reserved 1069056K
  class space    used 2285K, capacity 2414K, committed 2432K, reserved 1048576K
}
Event: 11.667 GC heap before
{Heap before GC invocations=7 (full 1):
 PSYoungGen      total 124928K, used 7150K [0x00000000f5580000, 0x00000000fe580000, 0x0000000100000000)
  eden space 117760K, 0% used [0x00000000f5580000,0x00000000f5580000,0x00000000fc880000)
  from space 7168K, 99% used [0x00000000fd480000,0x00000000fdb7ba50,0x00000000fdb80000)
  to   space 12288K, 0% used [0x00000000fc880000,0x00000000fc880000,0x00000000fd480000)
 ParOldGen       total 40960K, used 19588K [0x00000000e0000000, 0x00000000e2800000, 0x00000000f5580000)
  object space 40960K, 47% used [0x00000000e0000000,0x00000000e1321140,0x00000000e2800000)
 Metaspace       used 20802K, capacity 21124K, committed 21296K, reserved 1069056K
  class space    used 2285K, capacity 2414K, committed 2432K, reserved 1048576K
Event: 12.040 GC heap after
Heap after GC invocations=7 (full 1):
 PSYoungGen      total 124928K, used 0K [0x00000000f5580000, 0x00000000fe580000, 0x0000000100000000)
  eden space 117760K, 0% used [0x00000000f5580000,0x00000000f5580000,0x00000000fc880000)
  from space 7168K, 0% used [0x00000000fd480000,0x00000000fd480000,0x00000000fdb80000)
  to   space 12288K, 0% used [0x00000000fc880000,0x00000000fc880000,0x00000000fd480000)
 ParOldGen       total 49664K, used 17767K [0x00000000e0000000, 0x00000000e3080000, 0x00000000f5580000)
  object space 49664K, 35% used [0x00000000e0000000,0x00000000e1159ea8,0x00000000e3080000)
 Metaspace       used 20802K, capacity 21124K, committed 21296K, reserved 1069056K
  class space    used 2285K, capacity 2414K, committed 2432K, reserved 1048576K
}

Deoptimization events (10 events):
Event: 7.908 Thread 0x00007fccbc4db800 Uncommon trap: reason=unstable_if action=reinterpret pc=0x00007fccacbe6dbc method=org.objectweb.asm.MethodWriter.b(Lorg/objectweb/asm/Frame;)V @ 69
Event: 8.246 Thread 0x00007fccbc4db800 Uncommon trap: reason=unstable_if action=reinterpret pc=0x00007fccacb79940 method=org.objectweb.asm.Frame.a(Lorg/objectweb/asm/ClassWriter;I[II)Z @ 60
Event: 8.631 Thread 0x00007fccbc4db800 Uncommon trap: reason=unstable_if action=reinterpret pc=0x00007fccacc45124 method=org.objectweb.asm.Type.getArgumentsAndReturnSizes(Ljava/lang/String;)I @ 100
Event: 8.691 Thread 0x00007fccbc4db800 Uncommon trap: reason=unstable_if action=reinterpret pc=0x00007fccacb3c200 method=org.objectweb.asm.Item.a(Lorg/objectweb/asm/Item;)Z @ 345
Event: 9.420 Thread 0x00007fccbc4db800 Uncommon trap: reason=unstable_if action=reinterpret pc=0x00007fccacc5ab9c method=org.objectweb.asm.Frame.a(Lorg/objectweb/asm/ClassWriter;I[II)Z @ 80
Event: 10.337 Thread 0x00007fccbc4db800 Uncommon trap: reason=unstable_if action=reinterpret pc=0x00007fccac9b8b08 method=java.util.HashMap.putVal(ILjava/lang/Object;Ljava/lang/Object;ZZ)Ljava/lang/Object; @ 162
Event: 10.347 Thread 0x00007fccbc4db800 Uncommon trap: reason=unstable_if action=reinterpret pc=0x00007fccac7f5c74 method=java.util.HashMap.getNode(ILjava/lang/Object;)Ljava/util/HashMap$Node; @ 84
Event: 10.366 Thread 0x00007fccbc4db800 Uncommon trap: reason=unstable_if action=reinterpret pc=0x00007fccaca6c90c method=java.util.HashMap.resize()[Ljava/util/HashMap$Node; @ 206
Event: 10.977 Thread 0x00007fccbc4db800 Uncommon trap: reason=range_check action=make_not_entrant pc=0x00007fccaccb5b6c method=java.lang.String.charAt(I)C @ 27
Event: 12.219 Thread 0x00007fccbc4db800 Uncommon trap: reason=unstable_if action=reinterpret pc=0x00007fccacc4ca00 method=org.objectweb.asm.Frame.a(Lorg/objectweb/asm/ClassWriter;I[Lorg/objectweb/asm/Type;I)V @ 114

Internal exceptions (10 events):
Event: 1.233 Thread 0x00007fccbc00a000 Exception <a 'java/lang/NoSuchFieldError': method resolution failed> (0x00000000f5e33d08) thrown at [/HUDSON3/workspace/8-2-build-linux-amd64/jdk8u111/7883/hotspot/src/share/vm/prims/methodHandles.cpp, line 1146]
Event: 1.237 Thread 0x00007fccbc00a000 Exception <a 'java/lang/NoSuchFieldError': method resolution failed> (0x00000000f5e410a8) thrown at [/HUDSON3/workspace/8-2-build-linux-amd64/jdk8u111/7883/hotspot/src/share/vm/prims/methodHandles.cpp, line 1146]
Event: 1.419 Thread 0x00007fccbc00a000 Exception <a 'java/lang/NoSuchMethodError': <clinit>> (0x00000000f5f44ba8) thrown at [/HUDSON3/workspace/8-2-build-linux-amd64/jdk8u111/7883/hotspot/src/share/vm/prims/jni.cpp, line 1613]
Event: 1.421 Thread 0x00007fccbc00a000 Exception <a 'java/lang/NoSuchMethodError': <clinit>> (0x00000000f5f4e680) thrown at [/HUDSON3/workspace/8-2-build-linux-amd64/jdk8u111/7883/hotspot/src/share/vm/prims/jni.cpp, line 1613]
Event: 1.513 Thread 0x00007fccbc00a000 Exception <a 'java/lang/ArrayIndexOutOfBoundsException'> (0x00000000f6054c88) thrown at [/HUDSON3/workspace/8-2-build-linux-amd64/jdk8u111/7883/hotspot/src/share/vm/runtime/sharedRuntime.cpp, line 605]
Event: 1.513 Thread 0x00007fccbc00a000 Exception <a 'java/lang/ArrayIndexOutOfBoundsException'> (0x00000000f60558d8) thrown at [/HUDSON3/workspace/8-2-build-linux-amd64/jdk8u111/7883/hotspot/src/share/vm/runtime/sharedRuntime.cpp, line 605]
Event: 5.054 Thread 0x00007fccbc4db800 Exception <a 'java/lang/NoSuchMethodError': <clinit>> (0x00000000f724d4b0) thrown at [/HUDSON3/workspace/8-2-build-linux-amd64/jdk8u111/7883/hotspot/src/share/vm/prims/jni.cpp, line 1613]
Event: 6.469 Thread 0x00007fccbc4db800 Exception <a 'java/io/FileNotFoundException'> (0x00000000f6549760) thrown at [/HUDSON3/workspace/8-2-build-linux-amd64/jdk8u111/7883/hotspot/src/share/vm/prims/jni.cpp, line 709]
Event: 6.469 Thread 0x00007fccbc4db800 Exception <a 'java/io/FileNotFoundException'> (0x00000000f654a2d0) thrown at [/HUDSON3/workspace/8-2-build-linux-amd64/jdk8u111/7883/hotspot/src/share/vm/prims/jni.cpp, line 709]
Event: 9.278 Thread 0x00007fccbc4db800 Exception <a 'java/lang/UnsatisfiedLinkError': com.almworks.sqlite4java._SQLiteSwiggedJNI.sqlite3_libversion()Ljava/lang/String;> (0x00000000f8ab6f60) thrown at [/HUDSON3/workspace/8-2-build-linux-amd64/jdk8u111/7883/hotspot/src/share/vm/prims/nativeLooku

Events (10 events):
Event: 12.630 loading class sun/security/rsa/RSAPrivateKeyImpl
Event: 12.631 loading class sun/security/rsa/RSAPrivateKeyImpl done
Event: 12.631 loading class sun/security/rsa/RSACore
Event: 12.631 loading class sun/security/rsa/RSACore done
Event: 12.631 loading class sun/security/rsa/RSAPadding
Event: 12.631 loading class sun/security/rsa/RSAPadding done
Event: 12.665 loading class javax/crypto/BadPaddingException
Event: 12.665 loading class javax/crypto/BadPaddingException done
Event: 12.681 loading class sun/security/ec/SunEC$1
Event: 12.681 loading class sun/security/ec/SunEC$1 done


Dynamic libraries:
00400000-00401000 r-xp 00000000 08:03 2638047                            /usr/lib/jvm/java-8-oracle/bin/java
00600000-00601000 rw-p 00000000 08:03 2638047                            /usr/lib/jvm/java-8-oracle/bin/java
011db000-011fc000 rw-p 00000000 00:00 0                                  [heap]
e0000000-e3080000 rw-p 00000000 00:00 0 
e3080000-f5580000 ---p 00000000 00:00 0 
f5580000-fe580000 rw-p 00000000 00:00 0 
fe580000-100000000 ---p 00000000 00:00 0 
100000000-100280000 rw-p 00000000 00:00 0 
100280000-140000000 ---p 00000000 00:00 0 
7fcc4c000000-7fcc4c021000 rw-p 00000000 00:00 0 
7fcc4c021000-7fcc50000000 ---p 00000000 00:00 0 
7fcc50000000-7fcc50021000 rw-p 00000000 00:00 0 
7fcc50021000-7fcc54000000 ---p 00000000 00:00 0 
7fcc54000000-7fcc54021000 rw-p 00000000 00:00 0 
7fcc54021000-7fcc58000000 ---p 00000000 00:00 0 
7fcc58000000-7fcc58021000 rw-p 00000000 00:00 0 
7fcc58021000-7fcc5c000000 ---p 00000000 00:00 0 
7fcc5c000000-7fcc5c021000 rw-p 00000000 00:00 0 
7fcc5c021000-7fcc60000000 ---p 00000000 00:00 0 
7fcc60000000-7fcc60021000 rw-p 00000000 00:00 0 
7fcc60021000-7fcc64000000 ---p 00000000 00:00 0 
7fcc64000000-7fcc64021000 rw-p 00000000 00:00 0 
7fcc64021000-7fcc68000000 ---p 00000000 00:00 0 
7fcc68000000-7fcc6806a000 rw-p 00000000 00:00 0 
7fcc6806a000-7fcc6c000000 ---p 00000000 00:00 0 
7fcc6c000000-7fcc6c705000 rw-p 00000000 00:00 0 
7fcc6c705000-7fcc70000000 ---p 00000000 00:00 0 
7fcc711fe000-7fcc7132a000 rw-p 00000000 00:00 0 
7fcc7132a000-7fcc713fe000 ---p 00000000 00:00 0 
7fcc71636000-7fcc71836000 rw-p 00000000 00:00 0 
7fcc71a0d000-7fcc71a0f000 r--s 00009000 08:03 2638208                    /usr/lib/jvm/java-8-oracle/jre/lib/ext/sunec.jar
7fcc71a0f000-7fcc71a13000 r--s 0003a000 08:03 2638206                    /usr/lib/jvm/java-8-oracle/jre/lib/ext/sunpkcs11.jar
7fcc71a13000-7fcc71abf000 r-xp 00000000 08:03 665275                     /tmp/robolectric-libs/libsqlite4java.so
7fcc71abf000-7fcc71cbf000 ---p 000ac000 08:03 665275                     /tmp/robolectric-libs/libsqlite4java.so
7fcc71cbf000-7fcc71cc3000 rw-p 000ac000 08:03 665275                     /tmp/robolectric-libs/libsqlite4java.so
7fcc71cc3000-7fcc71cd6000 r--s 00345000 08:03 2638355                    /usr/lib/jvm/java-8-oracle/jre/lib/resources.jar
7fcc71cd6000-7fcc71ed6000 rw-p 00000000 00:00 0 
7fcc71ed6000-7fcc71edd000 r-xp 00000000 08:03 2638146                    /usr/lib/jvm/java-8-oracle/jre/lib/amd64/libawt_headless.so
7fcc71edd000-7fcc720dc000 ---p 00007000 08:03 2638146                    /usr/lib/jvm/java-8-oracle/jre/lib/amd64/libawt_headless.so
7fcc720dc000-7fcc720dd000 rw-p 00006000 08:03 2638146                    /usr/lib/jvm/java-8-oracle/jre/lib/amd64/libawt_headless.so
7fcc720dd000-7fcc7217f000 r-xp 00000000 08:03 2638191                    /usr/lib/jvm/java-8-oracle/jre/lib/amd64/libawt.so
7fcc7217f000-7fcc7237f000 ---p 000a2000 08:03 2638191                    /usr/lib/jvm/java-8-oracle/jre/lib/amd64/libawt.so
7fcc7237f000-7fcc7238b000 rw-p 000a2000 08:03 2638191                    /usr/lib/jvm/java-8-oracle/jre/lib/amd64/libawt.so
7fcc7238b000-7fcc723af000 rw-p 00000000 00:00 0 
7fcc723af000-7fcc723cb000 r--s 00393000 08:03 2638214                    /usr/lib/jvm/java-8-oracle/jre/lib/ext/cldrdata.jar
7fcc723cb000-7fcc725b5000 r--s 026f8000 08:04 3411498                    /home/borche/.m2/repository/org/robolectric/android-all/5.0.0_r2-robolectric-1/android-all-5.0.0_r2-robolectric-1.jar
7fcc725b5000-7fcc727b5000 rw-p 00000000 00:00 0 
7fcc727b5000-7fcc727b8000 ---p 00000000 00:00 0 
7fcc727b8000-7fcc728b6000 rw-p 00000000 00:00 0 
7fcc728b6000-7fcc728b9000 ---p 00000000 00:00 0 
7fcc728b9000-7fcc729b7000 rw-p 00000000 00:00 0 
7fcc729b7000-7fcc729ba000 ---p 00000000 00:00 0 
7fcc729ba000-7fcc72cb8000 rw-p 00000000 00:00 0 
7fcc72cb8000-7fcc72cbb000 ---p 00000000 00:00 0 
7fcc72cbb000-7fcc72db9000 rw-p 00000000 00:00 0 
7fcc72db9000-7fcc72dbc000 ---p 00000000 00:00 0 
7fcc72dbc000-7fcc72eba000 rw-p 00000000 00:00 0 
7fcc72eba000-7fcc72ebd000 ---p 00000000 00:00 0 
7fcc72ebd000-7fcc730f3000 rw-p 00000000 00:00 0 
7fcc730f3000-7fcc730f6000 ---p 00000000 00:00 0 
7fcc730f6000-7fcc731f4000 rw-p 00000000 00:00 0 
7fcc731f4000-7fcc731f7000 ---p 00000000 00:00 0 
7fcc731f7000-7fcc732f5000 rw-p 00000000 00:00 0 
7fcc732f5000-7fcc732f8000 ---p 00000000 00:00 0 
7fcc732f8000-7fcc733f6000 rw-p 00000000 00:00 0 
7fcc733f6000-7fcc7340c000 r-xp 00000000 08:03 267414                     /lib/x86_64-linux-gnu/libgcc_s.so.1
7fcc7340c000-7fcc7360b000 ---p 00016000 08:03 267414                     /lib/x86_64-linux-gnu/libgcc_s.so.1
7fcc7360b000-7fcc7360c000 rw-p 00015000 08:03 267414                     /lib/x86_64-linux-gnu/libgcc_s.so.1
7fcc7360c000-7fcc7377e000 r-xp 00000000 08:03 2623618                    /usr/lib/x86_64-linux-gnu/libstdc++.so.6.0.21
7fcc7377e000-7fcc7397e000 ---p 00172000 08:03 2623618                    /usr/lib/x86_64-linux-gnu/libstdc++.so.6.0.21
7fcc7397e000-7fcc73988000 r--p 00172000 08:03 2623618                    /usr/lib/x86_64-linux-gnu/libstdc++.so.6.0.21
7fcc73988000-7fcc7398a000 rw-p 0017c000 08:03 2623618                    /usr/lib/x86_64-linux-gnu/libstdc++.so.6.0.21
7fcc7398a000-7fcc7398e000 rw-p 00000000 00:00 0 
7fcc7398f000-7fcc73992000 r--s 0001a000 08:03 2638385                    /usr/lib/jvm/java-8-oracle/jre/lib/jce.jar
7fcc73992000-7fcc7399c000 r--s 00116000 08:03 2638211                    /usr/lib/jvm/java-8-oracle/jre/lib/ext/localedata.jar
7fcc7399c000-7fcc7399d000 r--s 00015000 08:04 3411488                    /home/borche/.m2/repository/org/ccil/cowan/tagsoup/tagsoup/1.2/tagsoup-1.2.jar
7fcc7399d000-7fcc7399f000 r--s 00008000 08:04 3411491                    /home/borche/.m2/repository/org/json/json/20080701/json-20080701.jar
7fcc7399f000-7fcc739ab000 r--s 0027e000 08:04 3411512                    /home/borche/.m2/repository/org/robolectric/shadows-core/3.0/shadows-core-3.0-21.jar
7fcc739ab000-7fcc739ac000 r--p 00000000 00:00 0 
7fcc739ac000-7fcc739b0000 r-xp 00000000 08:04 20188376                   /home/borche/.gradle/native/19/linux-amd64/libnative-platform.so
7fcc739b0000-7fcc73baf000 ---p 00004000 08:04 20188376                   /home/borche/.gradle/native/19/linux-amd64/libnative-platform.so
7fcc73baf000-7fcc73bb0000 rw-p 00003000 08:04 20188376                   /home/borche/.gradle/native/19/linux-amd64/libnative-platform.so
7fcc73bb0000-7fcc73bb4000 r--s 00097000 08:03 2638075                    /usr/lib/jvm/java-8-oracle/jre/lib/jsse.jar
7fcc73bb4000-7fcc73bc5000 r-xp 00000000 08:03 2638156                    /usr/lib/jvm/java-8-oracle/jre/lib/amd64/libnio.so
7fcc73bc5000-7fcc73dc4000 ---p 00011000 08:03 2638156                    /usr/lib/jvm/java-8-oracle/jre/lib/amd64/libnio.so
7fcc73dc4000-7fcc73dc5000 rw-p 00010000 08:03 2638156                    /usr/lib/jvm/java-8-oracle/jre/lib/amd64/libnio.so
7fcc73dc5000-7fcc73ea2000 r--s 01f70000 08:04 3933531                    /home/borche/development/Android/foorball-dream-team/build/generated/mockable-android-25.jar
7fcc73ea2000-7fcc73ead000 r--s 00040000 08:04 22417854                   /home/borche/Android/Sdk/platforms/android-25/optional/org.apache.http.legacy.jar
7fcc73ead000-7fcc73eae000 r--s 00001000 08:04 23861058                   /home/borche/.gradle/caches/modules-2/files-2.1/javax.annotation/jsr250-api/1.0/5025422767732a1ab45d93abfea846513d742dcf/jsr250-api-1.0.jar
7fcc73eae000-7fcc73eaf000 r--s 00001000 08:04 23861056                   /home/borche/.gradle/caches/modules-2/files-2.1/com.squareup.retrofit2/converter-gson/2.1.0/aa557d71ead91cbf26e0c316a0f593d168303309/converter-gson-2.1.0.jar
7fcc73eaf000-7fcc73eb0000 r--s 00001000 08:04 23861054                   /home/borche/.gradle/caches/modules-2/files-2.1/com.squareup.okhttp3/logging-interceptor/3.3.0/ba14d8b7789efde5ee150eacb297b7237abca39/logging-interceptor-3.3.0.jar
7fcc73eb0000-7fcc73eb3000 r--s 00013000 08:04 23861052                   /home/borche/.gradle/caches/modules-2/files-2.1/com.squareup.retrofit2/retrofit/2.1.0/2de7cd8b95b7021b1d597f049bcb422055119f2c/retrofit-2.1.0.jar
7fcc73eb3000-7fcc73eb8000 r--s 00034000 08:04 23861068                   /home/borche/.gradle/caches/modules-2/files-2.1/com.google.code.gson/gson/2.7/751f548c85fa49f330cecbb1875893f971b33c4e/gson-2.7.jar
7fcc73eb8000-7fcc73eba000 r--s 00005000 08:04 22418166                   /home/borche/.gradle/caches/modules-2/files-2.1/org.slf4j/slf4j-api/1.7.5/6b262da268f8ad9eff941b25503a9198f0a0ac93/slf4j-api-1.7.5.jar
7fcc73eba000-7fcc73ec4000 r--s 0005d000 08:04 22418164                   /home/borche/.gradle/caches/modules-2/files-2.1/ch.qos.logback/logback-core/1.0.13/dc6e6ce937347bd4d990fc89f4ceb469db53e45e/logback-core-1.0.13.jar
7fcc73ec4000-7fcc73eca000 r--s 0003b000 08:04 22418159                   /home/borche/.gradle/caches/modules-2/files-2.1/ch.qos.logback/logback-classic/1.0.13/6b56ec752b42ccfa1415c0361fb54b1ed7ca3db6/logback-classic-1.0.13.jar
7fcc73eca000-7fcc73ecc000 r--s 00004000 08:04 23074679                   /home/borche/Android/Sdk/extras/android/m2repository/com/android/support/support-annotations/25.0.1/support-annotations-25.0.1.jar
7fcc73ecc000-7fcc73ecd000 r--s 00003000 08:04 23861062                   /home/borche/.gradle/caches/modules-2/files-2.1/com.jakewharton/butterknife-annotations/8.1.0/d6854f42bfb4098d3d2358d93201307b9f1cc95d/butterknife-annotations-8.1.0.jar
7fcc73ecd000-7fcc73ecf000 r--s 00003000 08:04 4063842                    /home/borche/development/Android/foorball-dream-team/app/build/intermediates/exploded-aar/com.jakewharton/butterknife/8.1.0/jars/classes.jar
7fcc73ecf000-7fcc73ed8000 r--s 00032000 08:04 4063734                    /home/borche/development/Android/foorball-dream-team/app/build/intermediates/exploded-aar/com.android.support/support-compat/25.0.1/jars/libs/internal_impl-25.0.1.jar
7fcc73ed8000-7fcc73ee7000 r--s 0006e000 08:04 4063732                    /home/borche/development/Android/foorball-dream-team/app/build/intermediates/exploded-aar/com.android.support/support-compat/25.0.1/jars/classes.jar
7fcc73ee7000-7fcc73ee8000 r--s 00006000 08:04 4063760                    /home/borche/development/Android/foorball-dream-team/app/build/intermediates/exploded-aar/com.android.support/support-core-utils/25.0.1/jars/libs/internal_impl-25.0.1.jar
7fcc73ee8000-7fcc73eeb000 r--s 00010000 08:04 4063758                    /home/borche/development/Android/foorball-dream-team/app/build/intermediates/exploded-aar/com.android.support/support-core-utils/25.0.1/jars/classes.jar
7fcc73eeb000-7fcc73eed000 r--s 00001000 08:04 4063746                    /home/borche/development/Android/foorball-dream-team/app/build/intermediates/exploded-aar/com.android.support/support-core-ui/25.0.1/jars/libs/internal_impl-25.0.1.jar
7fcc73eed000-7fcc73ef2000 r--s 0003a000 08:04 4063744                    /home/borche/development/Android/foorball-dream-team/app/build/intermediates/exploded-aar/com.android.support/support-core-ui/25.0.1/jars/classes.jar
7fcc73ef2000-7fcc73ef5000 r--s 0000f000 08:04 4063797                    /home/borche/development/Android/foorball-dream-team/app/build/intermediates/exploded-aar/com.android.support/support-media-compat/25.0.1/jars/libs/internal_impl-25.0.1.jar
7fcc73ef5000-7fcc73efa000 r--s 00030000 08:04 4063795                    /home/borche/development/Android/foorball-dream-team/app/build/intermediates/exploded-aar/com.android.support/support-media-compat/25.0.1/jars/classes.jar
7fcc73efa000-7fcc73efb000 r--s 00003000 08:04 4063773                    /home/borche/development/Android/foorball-dream-team/app/build/intermediates/exploded-aar/com.android.support/support-fragment/25.0.1/jars/libs/internal_impl-25.0.1.jar
7fcc73efb000-7fcc73efe000 r--s 0001e000 08:04 4063771                    /home/borche/development/Android/foorball-dream-team/app/build/intermediates/exploded-aar/com.android.support/support-fragment/25.0.1/jars/classes.jar
7fcc73efe000-7fcc73eff000 r--s 00000000 08:04 4063806                    /home/borche/development/Android/foorball-dream-team/app/build/intermediates/exploded-aar/com.android.support/support-v4/25.0.1/jars/classes.jar
7fcc73eff000-7fcc73f02000 r--s 00016000 08:04 4063827                    /home/borche/development/Android/foorball-dream-team/app/build/intermediates/exploded-aar/com.android.support/transition/25.0.1/jars/classes.jar
7fcc73f02000-7fcc73f07000 r--s 0004d000 08:04 4063711                    /home/borche/development/Android/foorball-dream-team/app/build/intermediates/exploded-aar/com.android.support/recyclerview-v7/25.0.1/jars/classes.jar
7fcc73f07000-7fcc73f08000 r--s 00009000 08:04 4063816                    /home/borche/development/Android/foorball-dream-team/app/build/intermediates/exploded-aar/com.android.support/support-vector-drawable/25.0.1/jars/classes.jar
7fcc73f08000-7fcc73f09000 r--s 00002000 08:04 3410594                    /home/borche/development/Android/foorball-dream-team/app/build/intermediates/exploded-aar/com.android.support/animated-vector-drawable/25.0.1/jars/classes.jar
7fcc73f09000-7fcc73f14000 r--s 0009d000 08:04 3410607                    /home/borche/development/Android/foorball-dream-team/app/build/intermediates/exploded-aar/com.android.support/appcompat-v7/25.0.1/jars/classes.jar
7fcc73f14000-7fcc73f1b000 r--s 0004c000 08:04 3411225                    /home/borche/development/Android/foorball-dream-team/app/build/intermediates/exploded-aar/com.android.support/design/25.0.1/jars/classes.jar
7fcc73f1b000-7fcc73f47000 r--s 00208000 08:04 23986197                   /home/borche/.gradle/caches/modules-2/files-2.1/com.google.guava/guava/19.0/6ce200f6b23222af3d8abb6b6459e6c44f4bb0e9/guava-19.0.jar
7fcc73f47000-7fcc73f4a000 r--s 0000f000 08:04 23986195                   /home/borche/.gradle/caches/modules-2/files-2.1/com.google.dagger/dagger-producers/2.5/a02d8016dddbe70c7c6c2093fae96bef5cb9fdbb/dagger-producers-2.5.jar
7fcc73f4a000-7fcc73f4c000 r--s 00005000 08:04 23861048                   /home/borche/.gradle/caches/modules-2/files-2.1/com.google.dagger/dagger/2.5/571f4e0451db64a7b41dbeb5f2503986fe5acdb4/dagger-2.5.jar
7fcc73f4c000-7fcc73fa7000 r--s 007c1000 08:04 23861294                   /home/borche/.gradle/caches/modules-2/files-2.1/com.google.dagger/dagger-compiler/2.5/96b9c749db4590549166740ba989fe3580eb0a19/dagger-compiler-2.5.jar
7fcc73fa7000-7fcc73fe5000 r--s 0025e000 08:04 23986193                   /home/borche/.gradle/caches/modules-2/files-2.1/org.bouncycastle/bcprov-jdk15on/1.50/be504b4901d75cbe129a178f5830e6c358ec214c/bcprov-jdk15on-1.50.jar
7fcc73fe5000-7fcc73fe7000 r--s 00005000 08:04 23986191                   /home/borche/.gradle/caches/modules-2/files-2.1/com.squareup.okhttp3/okhttp-ws/3.3.0/f1780f0cc6185d43c33a22238e106f01917b4268/okhttp-ws-3.3.0.jar
7fcc73fe7000-7fcc73fe9000 r--s 00010000 08:04 23861066                   /home/borche/.gradle/caches/modules-2/files-2.1/com.squareup.okio/okio/1.8.0/5ea7af56cc7c567ed9856d99efb30740e9b17ff/okio-1.8.0.jar
7fcc73fe9000-7fcc74000000 r--s 00159000 08:04 23986189                   /home/borche/.gradle/caches/modules-2/files-2.1/org.apache.ant/ant/1.8.0/7b456ca6b93900f96e58cc8371f03d90a9c1c8d1/ant-1.8.0.jar
7fcc74000000-7fcc74021000 rw-p 00000000 00:00 0 
7fcc74021000-7fcc78000000 ---p 00000000 00:00 0 
7fcc78000000-7fcc78021000 rw-p 00000000 00:00 0 
7fcc78021000-7fcc7c000000 ---p 00000000 00:00 0 
7fcc7c000000-7fcc7d2d9000 rw-p 00000000 00:00 0 
7fcc7d2d9000-7fcc80000000 ---p 00000000 00:00 0 
7fcc80000000-7fcc80a4a000 rw-p 00000000 00:00 0 
7fcc80a4a000-7fcc84000000 ---p 00000000 00:00 0 
7fcc84000000-7fcc84021000 rw-p 00000000 00:00 0 
7fcc84021000-7fcc88000000 ---p 00000000 00:00 0 
7fcc88000000-7fcc89192000 rw-p 00000000 00:00 0 
7fcc89192000-7fcc8c000000 ---p 00000000 00:00 0 
7fcc8c000000-7fcc8c021000 rw-p 00000000 00:00 0 
7fcc8c021000-7fcc90000000 ---p 00000000 00:00 0 
7fcc90000000-7fcc90021000 rw-p 00000000 00:00 0 
7fcc90021000-7fcc94000000 ---p 00000000 00:00 0 
7fcc94000000-7fcc94021000 rw-p 00000000 00:00 0 
7fcc94021000-7fcc98000000 ---p 00000000 00:00 0 
7fcc98000000-7fcc98021000 rw-p 00000000 00:00 0 
7fcc98021000-7fcc9c000000 ---p 00000000 00:00 0 
7fcc9c000000-7fcc9c021000 rw-p 00000000 00:00 0 
7fcc9c021000-7fcca0000000 ---p 00000000 00:00 0 
7fcca0000000-7fcca0021000 rw-p 00000000 00:00 0 
7fcca0021000-7fcca4000000 ---p 00000000 00:00 0 
7fcca4000000-7fcca4021000 rw-p 00000000 00:00 0 
7fcca4021000-7fcca8000000 ---p 00000000 00:00 0 
7fcca8000000-7fcca8001000 r--s 00000000 08:04 23861060                   /home/borche/.gradle/caches/modules-2/files-2.1/javax.inject/javax.inject/1/6975da39a7040257bd51d21a231b76c915872d38/javax.inject-1.jar
7fcca8001000-7fcca8006000 r--s 0004f000 08:04 23861064                   /home/borche/.gradle/caches/modules-2/files-2.1/com.squareup.okhttp3/okhttp/3.3.0/2b802460eea20f8f2ad9c08c74e0f14718e88aa9/okhttp-3.3.0.jar
7fcca8006000-7fcca8008000 r--s 0000a000 08:04 23861292                   /home/borche/.gradle/caches/modules-2/files-2.1/com.squareup.okhttp3/mockwebserver/3.3.0/8ab0c2c611717f6ffdd98356cd93a31cedda200d/mockwebserver-3.3.0.jar
7fcca8008000-7fcca8009000 r--s 00003000 08:04 23861290                   /home/borche/.gradle/caches/modules-2/files-2.1/org.robolectric/shadows-support-v4/3.0/9261e07d142f2b488af628e2ddc3c39524fd77b/shadows-support-v4-3.0.jar
7fcca8009000-7fcca800a000 r--s 00002000 08:04 23986205                   /home/borche/.gradle/caches/modules-2/files-2.1/org.apache.ant/ant-launcher/1.8.0/8b53ba16fa62fb1034da8f1de200ddc407c8381/ant-launcher-1.8.0.jar
7fcca800a000-7fcca8023000 r--s 00129000 08:04 23986187                   /home/borche/.gradle/caches/modules-2/files-2.1/org.apache.maven/maven-ant-tasks/2.1.3/b09be554228d66d208e5fef5266844aacf443abc/maven-ant-tasks-2.1.3.jar
7fcca8023000-7fcca8024000 r--s 00004000 08:04 23203305                   /home/borche/.gradle/caches/modules-2/files-2.1/org.ow2.asm/asm-analysis/5.0.1/e286fbee48efacb4e7c175f7948d9d8b2ab52352/asm-analysis-5.0.1.jar
7fcca8024000-7fcca8025000 r--s 0000a000 08:04 22810945                   /home/borche/.gradle/caches/modules-2/files-2.1/org.ow2.asm/asm-util/5.0.1/7c8caddfbd0b2d7b844f8fcc75175b9cb9cf4724/asm-util-5.0.1.jar
7fcca8025000-7fcca8027000 r--s 00006000 08:04 23335044                   /home/borche/.gradle/caches/modules-2/files-2.1/org.ow2.asm/asm-tree/5.0.1/1b1e6e9d869acd704056d0a4223071a511c619e6/asm-tree-5.0.1.jar
7fcca8027000-7fcca8029000 r--s 00009000 08:04 22680809                   /home/borche/.gradle/caches/modules-2/files-2.1/org.ow2.asm/asm-commons/5.0.1/7b7147a390a93a14d2edfdcf3f7b0e87a0939c3e/asm-commons-5.0.1.jar
7fcca8029000-7fcca802a000 r--s 0000c000 08:04 22418170                   /home/borche/.gradle/caches/modules-2/files-2.1/org.ow2.asm/asm/5.0.1/2fd56467a018aafe6ec6a73ccba520be4a7e1565/asm-5.0.1.jar
7fcca802a000-7fcca8052000 r--s 001a3000 08:04 23986183                   /home/borche/.gradle/caches/modules-2/files-2.1/org.bouncycastle/bcprov-jdk16/1.46/ce091790943599535cbb4de8ede84535b0c1260c/bcprov-jdk16-1.46.jar
7fcca8052000-7fcca8055000 r--s 0001d000 08:04 23986203                   /home/borche/.gradle/caches/modules-2/files-2.1/com.almworks.sqlite4java/sqlite4java/0.282/745a7e2f35fdbe6336922e0d492c979dbbfa74fb/sqlite4java-0.282.jar
7fcca8055000-7fcca80ac000 r--s 008ec000 08:04 23986201                   /home/borche/.gradle/caches/modules-2/files-2.1/com.ibm.icu/icu4j/53.1/786d9055d4ca8c1aab4a7d4ac8283f973fd7e41f/icu4j-53.1.jar
7fcca80ac000-7fcca80b8000 r--s 0027e000 08:04 23986181                   /home/borche/.gradle/caches/modules-2/files-2.1/org.robolectric/shadows-core/3.0/9dfa881bfd1796afa28204ef1a5ed7e3de992612/shadows-core-3.0.jar
7fcca80b8000-7fcca80bf000 r--s 00095000 08:04 23986185                   /home/borche/.gradle/caches/modules-2/files-2.1/com.ximpleware/vtd-xml/2.11/ee5bcf62c1acf76434ee9f1c67a840bafef72a6d/vtd-xml-2.11.jar
7fcca80bf000-7fcca80c2000 r--s 0000c000 08:04 23986199                   /home/borche/.gradle/caches/modules-2/files-2.1/com.google.android.apps.common.testing.accessibility.framework/accessibility-test-framework/1.0/28162aae36f8ba5903adadfb570313e1f1be852e/accessibility-test-framework-1.0.jar
7fcca80c2000-7fcca80c4000 r--s 00008000 08:04 23986179                   /home/borche/.gradle/caches/modules-2/files-2.1/org.robolectric/robolectric-utils/3.0/4bcecd8115fe7296088bb1636e6cbd7ae8927392/robolectric-utils-3.0.jar
7fcca80c4000-7fcca80c8000 r--s 00021000 08:04 23861298                   /home/borche/.gradle/caches/modules-2/files-2.1/org.robolectric/robolectric-resources/3.0/1ab609054aab67cd13a434567467f4b4774f2465/robolectric-resources-3.0.jar
7fcca80c8000-7fcca80c9000 r--s 00002000 08:04 23861296                   /home/borche/.gradle/caches/modules-2/files-2.1/org.robolectric/robolectric-annotations/3.0/2a6cfc072d7680694c1ff893c5dc8fec33163110/robolectric-annotations-3.0.jar
7fcca80c9000-7fcca80cd000 r--s 00025000 08:04 23861288                   /home/borche/.gradle/caches/modules-2/files-2.1/org.robolectric/robolectric/3.0/f888cea3bc1a24110e315eb9827ab593610ea62f/robolectric-3.0.jar
7fcca80cd000-7fcca80cf000 r--s 00009000 08:04 22020858                   /home/borche/.gradle/caches/modules-2/files-2.1/org.objenesis/objenesis/2.1/87c0ea803b69252868d09308b4618f766f135a96/objenesis-2.1.jar
7fcca80cf000-7fcca80eb000 r--s 00103000 08:04 22020850                   /home/borche/.gradle/caches/modules-2/files-2.1/org.mockito/mockito-core/1.10.19/e8546f5bef4e061d8dd73895b4e8f40e3fe6effe/mockito-core-1.10.19.jar
7fcca80eb000-7fcca80ed000 r--s 00009000 08:04 21103551                   /home/borche/.gradle/caches/modules-2/files-2.1/org.hamcrest/hamcrest-core/1.3/42a25dc3219429f0e5d060061f71acb49bf010a0/hamcrest-core-1.3.jar
7fcca80ed000-7fcca80f5000 r--s 00045000 08:04 21103549                   /home/borche/.gradle/caches/modules-2/files-2.1/junit/junit/4.12/2973d150c0dc1fefe998f834810d68f278ea58ec/junit-4.12.jar
7fcca80f5000-7fcca83f6000 rw-p 00000000 00:00 0 
7fcca83f6000-7fcca840c000 r-xp 00000000 08:03 2638131                    /usr/lib/jvm/java-8-oracle/jre/lib/amd64/libnet.so
7fcca840c000-7fcca860c000 ---p 00016000 08:03 2638131                    /usr/lib/jvm/java-8-oracle/jre/lib/amd64/libnet.so
7fcca860c000-7fcca860d000 rw-p 00016000 08:03 2638131                    /usr/lib/jvm/java-8-oracle/jre/lib/amd64/libnet.so
7fcca860d000-7fcca8615000 r--s 00045000 08:04 3411802                    /home/borche/.gradle/wrapper/dists/gradle-2.14.1-all/8bnwg5hd3w55iofp58khbp6yv/gradle-2.14.1/lib/plugins/junit-4.12.jar
7fcca8615000-7fcca861a000 r--s 00041000 08:04 3411702                    /home/borche/.gradle/wrapper/dists/gradle-2.14.1-all/8bnwg5hd3w55iofp58khbp6yv/gradle-2.14.1/lib/commons-lang-2.6.jar
7fcca861a000-7fcca861e000 r--s 00026000 08:04 3411725                    /home/borche/.gradle/wrapper/dists/gradle-2.14.1-all/8bnwg5hd3w55iofp58khbp6yv/gradle-2.14.1/lib/kryo-2.20.jar
7fcca861e000-7fcca8621000 r--s 0000d000 08:04 3411722                    /home/borche/.gradle/wrapper/dists/gradle-2.14.1-all/8bnwg5hd3w55iofp58khbp6yv/gradle-2.14.1/lib/native-platform-0.10.jar
7fcca8621000-7fcca8623000 r--s 00000000 08:04 3411726                    /home/borche/.gradle/wrapper/dists/gradle-2.14.1-all/8bnwg5hd3w55iofp58khbp6yv/gradle-2.14.1/lib/jul-to-slf4j-1.7.10.jar
7fcca8623000-7fcca864b000 r--s 001cf000 08:04 3411701                    /home/borche/.gradle/wrapper/dists/gradle-2.14.1-all/8bnwg5hd3w55iofp58khbp6yv/gradle-2.14.1/lib/guava-jdk5-17.0.jar
7fcca864b000-7fcca8651000 r--s 0002e000 08:04 3411774                    /home/borche/.gradle/wrapper/dists/gradle-2.14.1-all/8bnwg5hd3w55iofp58khbp6yv/gradle-2.14.1/lib/plugins/gradle-testing-jvm-2.14.1.jar
7fcca8651000-7fcca8656000 r--s 00015000 08:04 3411772                    /home/borche/.gradle/wrapper/dists/gradle-2.14.1-all/8bnwg5hd3w55iofp58khbp6yv/gradle-2.14.1/lib/plugins/gradle-testing-base-2.14.1.jar
7fcca8656000-7fcca865e000 r--s 0003a000 08:04 3411693                    /home/borche/.gradle/wrapper/dists/gradle-2.14.1-all/8bnwg5hd3w55iofp58khbp6yv/gradle-2.14.1/lib/gradle-base-services-2.14.1.jar
7fcca865e000-7fcca8695000 r--s 001bd000 08:04 3411695                    /home/borche/.gradle/wrapper/dists/gradle-2.14.1-all/8bnwg5hd3w55iofp58khbp6yv/gradle-2.14.1/lib/gradle-core-2.14.1.jar
7fcca8695000-7fcca8696000 ---p 00000000 00:00 0 
7fcca8696000-7fcca8796000 rw-p 00000000 00:00 0 
7fcca8796000-7fcca8799000 ---p 00000000 00:00 0 
7fcca8799000-7fcca8897000 rw-p 00000000 00:00 0 
7fcca8897000-7fcca889a000 ---p 00000000 00:00 0 
7fcca889a000-7fcca8998000 rw-p 00000000 00:00 0 
7fcca8998000-7fcca899b000 ---p 00000000 00:00 0 
7fcca899b000-7fcca8a99000 rw-p 00000000 00:00 0 
7fcca8a99000-7fcca8a9c000 ---p 00000000 00:00 0 
7fcca8a9c000-7fcca8b9a000 rw-p 00000000 00:00 0 
7fcca8b9a000-7fcca8b9d000 ---p 00000000 00:00 0 
7fcca8b9d000-7fcca8c9b000 rw-p 00000000 00:00 0 
7fcca8c9b000-7fcca8f74000 r--p 00000000 08:03 2636406                    /usr/lib/locale/locale-archive
7fcca8f74000-7fcca8f77000 ---p 00000000 00:00 0 
7fcca8f77000-7fcca9075000 rw-p 00000000 00:00 0 
7fcca9075000-7fcca9078000 ---p 00000000 00:00 0 
7fcca9078000-7fcca9176000 rw-p 00000000 00:00 0 
7fcca9176000-7fcca9177000 ---p 00000000 00:00 0 
7fcca9177000-7fccaa238000 rw-p 00000000 00:00 0 
7fccaa238000-7fccaa410000 r--s 03d2a000 08:03 2638123                    /usr/lib/jvm/java-8-oracle/jre/lib/rt.jar
7fccaa410000-7fccabde1000 rw-p 00000000 00:00 0 
7fccabde1000-7fccabde2000 ---p 00000000 00:00 0 
7fccabde2000-7fccabee2000 rw-p 00000000 00:00 0 
7fccabee2000-7fccabee3000 ---p 00000000 00:00 0 
7fccabee3000-7fccabfe3000 rw-p 00000000 00:00 0 
7fccabfe3000-7fccabfe4000 ---p 00000000 00:00 0 
7fccabfe4000-7fccac0e4000 rw-p 00000000 00:00 0 
7fccac0e4000-7fccac0e5000 ---p 00000000 00:00 0 
7fccac0e5000-7fccac203000 rw-p 00000000 00:00 0 
7fccac203000-7fccac5a5000 ---p 00000000 00:00 0 
7fccac5a5000-7fccacd15000 rwxp 00000000 00:00 0 
7fccacd15000-7fccbb5a5000 ---p 00000000 00:00 0 
7fccbb5a5000-7fccbb5bf000 r-xp 00000000 08:03 2638154                    /usr/lib/jvm/java-8-oracle/jre/lib/amd64/libzip.so
7fccbb5bf000-7fccbb7bf000 ---p 0001a000 08:03 2638154                    /usr/lib/jvm/java-8-oracle/jre/lib/amd64/libzip.so
7fccbb7bf000-7fccbb7c0000 rw-p 0001a000 08:03 2638154                    /usr/lib/jvm/java-8-oracle/jre/lib/amd64/libzip.so
7fccbb7c0000-7fccbb7cb000 r-xp 00000000 08:03 263244                     /lib/x86_64-linux-gnu/libnss_files-2.23.so
7fccbb7cb000-7fccbb9ca000 ---p 0000b000 08:03 263244                     /lib/x86_64-linux-gnu/libnss_files-2.23.so
7fccbb9ca000-7fccbb9cb000 r--p 0000a000 08:03 263244                     /lib/x86_64-linux-gnu/libnss_files-2.23.so
7fccbb9cb000-7fccbb9cc000 rw-p 0000b000 08:03 263244                     /lib/x86_64-linux-gnu/libnss_files-2.23.so
7fccbb9cc000-7fccbb9d2000 rw-p 00000000 00:00 0 
7fccbb9d2000-7fccbb9dd000 r-xp 00000000 08:03 263229                     /lib/x86_64-linux-gnu/libnss_nis-2.23.so
7fccbb9dd000-7fccbbbdc000 ---p 0000b000 08:03 263229                     /lib/x86_64-linux-gnu/libnss_nis-2.23.so
7fccbbbdc000-7fccbbbdd000 r--p 0000a000 08:03 263229                     /lib/x86_64-linux-gnu/libnss_nis-2.23.so
7fccbbbdd000-7fccbbbde000 rw-p 0000b000 08:03 263229                     /lib/x86_64-linux-gnu/libnss_nis-2.23.so
7fccbbbde000-7fccbbbf4000 r-xp 00000000 08:03 263240                     /lib/x86_64-linux-gnu/libnsl-2.23.so
7fccbbbf4000-7fccbbdf3000 ---p 00016000 08:03 263240                     /lib/x86_64-linux-gnu/libnsl-2.23.so
7fccbbdf3000-7fccbbdf4000 r--p 00015000 08:03 263240                     /lib/x86_64-linux-gnu/libnsl-2.23.so
7fccbbdf4000-7fccbbdf5000 rw-p 00016000 08:03 263240                     /lib/x86_64-linux-gnu/libnsl-2.23.so
7fccbbdf5000-7fccbbdf7000 rw-p 00000000 00:00 0 
7fccbbdf7000-7fccbbdff000 r-xp 00000000 08:03 263241                     /lib/x86_64-linux-gnu/libnss_compat-2.23.so
7fccbbdff000-7fccbbffe000 ---p 00008000 08:03 263241                     /lib/x86_64-linux-gnu/libnss_compat-2.23.so
7fccbbffe000-7fccbbfff000 r--p 00007000 08:03 263241                     /lib/x86_64-linux-gnu/libnss_compat-2.23.so
7fccbbfff000-7fccbc000000 rw-p 00008000 08:03 263241                     /lib/x86_64-linux-gnu/libnss_compat-2.23.so
7fccbc000000-7fccbc549000 rw-p 00000000 00:00 0 
7fccbc549000-7fccc0000000 ---p 00000000 00:00 0 
7fccc0000000-7fccc005b000 rw-p 00000000 00:00 0 
7fccc005b000-7fccc00ec000 ---p 00000000 00:00 0 
7fccc00ec000-7fccc0135000 rw-p 00000000 00:00 0 
7fccc0135000-7fccc0142000 ---p 00000000 00:00 0 
7fccc0142000-7fccc0143000 rw-p 00000000 00:00 0 
7fccc0143000-7fccc016e000 r-xp 00000000 08:03 2638181                    /usr/lib/jvm/java-8-oracle/jre/lib/amd64/libjava.so
7fccc016e000-7fccc036d000 ---p 0002b000 08:03 2638181                    /usr/lib/jvm/java-8-oracle/jre/lib/amd64/libjava.so
7fccc036d000-7fccc036f000 rw-p 0002a000 08:03 2638181                    /usr/lib/jvm/java-8-oracle/jre/lib/amd64/libjava.so
7fccc036f000-7fccc037c000 r-xp 00000000 08:03 2638132                    /usr/lib/jvm/java-8-oracle/jre/lib/amd64/libverify.so
7fccc037c000-7fccc057b000 ---p 0000d000 08:03 2638132                    /usr/lib/jvm/java-8-oracle/jre/lib/amd64/libverify.so
7fccc057b000-7fccc057d000 rw-p 0000c000 08:03 2638132                    /usr/lib/jvm/java-8-oracle/jre/lib/amd64/libverify.so
7fccc057d000-7fccc0584000 r-xp 00000000 08:03 263228                     /lib/x86_64-linux-gnu/librt-2.23.so
7fccc0584000-7fccc0783000 ---p 00007000 08:03 263228                     /lib/x86_64-linux-gnu/librt-2.23.so
7fccc0783000-7fccc0784000 r--p 00006000 08:03 263228                     /lib/x86_64-linux-gnu/librt-2.23.so
7fccc0784000-7fccc0785000 rw-p 00007000 08:03 263228                     /lib/x86_64-linux-gnu/librt-2.23.so
7fccc0785000-7fccc088d000 r-xp 00000000 08:03 263238                     /lib/x86_64-linux-gnu/libm-2.23.so
7fccc088d000-7fccc0a8c000 ---p 00108000 08:03 263238                     /lib/x86_64-linux-gnu/libm-2.23.so
7fccc0a8c000-7fccc0a8d000 r--p 00107000 08:03 263238                     /lib/x86_64-linux-gnu/libm-2.23.so
7fccc0a8d000-7fccc0a8e000 rw-p 00108000 08:03 263238                     /lib/x86_64-linux-gnu/libm-2.23.so
7fccc0a8e000-7fccc175b000 r-xp 00000000 08:03 2638185                    /usr/lib/jvm/java-8-oracle/jre/lib/amd64/server/libjvm.so
7fccc175b000-7fccc195a000 ---p 00ccd000 08:03 2638185                    /usr/lib/jvm/java-8-oracle/jre/lib/amd64/server/libjvm.so
7fccc195a000-7fccc1a33000 rw-p 00ccc000 08:03 2638185                    /usr/lib/jvm/java-8-oracle/jre/lib/amd64/server/libjvm.so
7fccc1a33000-7fccc1a7e000 rw-p 00000000 00:00 0 
7fccc1a7e000-7fccc1c3d000 r-xp 00000000 08:03 263233                     /lib/x86_64-linux-gnu/libc-2.23.so
7fccc1c3d000-7fccc1e3d000 ---p 001bf000 08:03 263233                     /lib/x86_64-linux-gnu/libc-2.23.so
7fccc1e3d000-7fccc1e41000 r--p 001bf000 08:03 263233                     /lib/x86_64-linux-gnu/libc-2.23.so
7fccc1e41000-7fccc1e43000 rw-p 001c3000 08:03 263233                     /lib/x86_64-linux-gnu/libc-2.23.so
7fccc1e43000-7fccc1e47000 rw-p 00000000 00:00 0 
7fccc1e47000-7fccc1e4a000 r-xp 00000000 08:03 263232                     /lib/x86_64-linux-gnu/libdl-2.23.so
7fccc1e4a000-7fccc2049000 ---p 00003000 08:03 263232                     /lib/x86_64-linux-gnu/libdl-2.23.so
7fccc2049000-7fccc204a000 r--p 00002000 08:03 263232                     /lib/x86_64-linux-gnu/libdl-2.23.so
7fccc204a000-7fccc204b000 rw-p 00003000 08:03 263232                     /lib/x86_64-linux-gnu/libdl-2.23.so
7fccc204b000-7fccc2060000 r-xp 00000000 08:03 2637266                    /usr/lib/jvm/java-8-oracle/lib/amd64/jli/libjli.so
7fccc2060000-7fccc2260000 ---p 00015000 08:03 2637266                    /usr/lib/jvm/java-8-oracle/lib/amd64/jli/libjli.so
7fccc2260000-7fccc2261000 rw-p 00015000 08:03 2637266                    /usr/lib/jvm/java-8-oracle/lib/amd64/jli/libjli.so
7fccc2261000-7fccc2279000 r-xp 00000000 08:03 263239                     /lib/x86_64-linux-gnu/libpthread-2.23.so
7fccc2279000-7fccc2478000 ---p 00018000 08:03 263239                     /lib/x86_64-linux-gnu/libpthread-2.23.so
7fccc2478000-7fccc2479000 r--p 00017000 08:03 263239                     /lib/x86_64-linux-gnu/libpthread-2.23.so
7fccc2479000-7fccc247a000 rw-p 00018000 08:03 263239                     /lib/x86_64-linux-gnu/libpthread-2.23.so
7fccc247a000-7fccc247e000 rw-p 00000000 00:00 0 
7fccc247e000-7fccc24a4000 r-xp 00000000 08:03 263186                     /lib/x86_64-linux-gnu/ld-2.23.so
7fccc24a4000-7fccc24a5000 r--s 00007000 08:04 3411700                    /home/borche/.gradle/wrapper/dists/gradle-2.14.1-all/8bnwg5hd3w55iofp58khbp6yv/gradle-2.14.1/lib/slf4j-api-1.7.10.jar
7fccc24a5000-7fccc24ab000 r--s 00025000 08:04 3411714                    /home/borche/.gradle/wrapper/dists/gradle-2.14.1-all/8bnwg5hd3w55iofp58khbp6yv/gradle-2.14.1/lib/gradle-messaging-2.14.1.jar
7fccc24ab000-7fccc24ec000 rw-p 00000000 00:00 0 
7fccc24ec000-7fccc257e000 ---p 00000000 00:00 0 
7fccc257e000-7fccc2581000 ---p 00000000 00:00 0 
7fccc2581000-7fccc2683000 rw-p 00000000 00:00 0 
7fccc2683000-7fccc2685000 r--s 00009000 08:04 3411699                    /home/borche/.gradle/wrapper/dists/gradle-2.14.1-all/8bnwg5hd3w55iofp58khbp6yv/gradle-2.14.1/lib/gradle-native-2.14.1.jar
7fccc2685000-7fccc2687000 r--s 00005000 08:04 3411696                    /home/borche/.gradle/wrapper/dists/gradle-2.14.1-all/8bnwg5hd3w55iofp58khbp6yv/gradle-2.14.1/lib/gradle-cli-2.14.1.jar
7fccc2687000-7fccc268c000 r--s 0001c000 08:04 3411715                    /home/borche/.gradle/wrapper/dists/gradle-2.14.1-all/8bnwg5hd3w55iofp58khbp6yv/gradle-2.14.1/lib/gradle-logging-2.14.1.jar
7fccc268c000-7fccc268d000 r--s 00005000 08:04 3411397                    /home/borche/.gradle/caches/2.14.1/workerMain/gradle-worker.jar
7fccc268d000-7fccc2697000 rw-p 00000000 00:00 0 
7fccc2697000-7fccc269f000 rw-s 00000000 08:03 663095                     /tmp/hsperfdata_borche/10346
7fccc269f000-7fccc26a0000 rw-p 00000000 00:00 0 
7fccc26a0000-7fccc26a1000 r--p 00000000 00:00 0 
7fccc26a1000-7fccc26a3000 rw-p 00000000 00:00 0 
7fccc26a3000-7fccc26a4000 r--p 00025000 08:03 263186                     /lib/x86_64-linux-gnu/ld-2.23.so
7fccc26a4000-7fccc26a5000 rw-p 00026000 08:03 263186                     /lib/x86_64-linux-gnu/ld-2.23.so
7fccc26a5000-7fccc26a6000 rw-p 00000000 00:00 0 
7fff0df81000-7fff0dfa3000 rw-p 00000000 00:00 0                          [stack]
7fff0dfb8000-7fff0dfba000 r--p 00000000 00:00 0                          [vvar]
7fff0dfba000-7fff0dfbc000 r-xp 00000000 00:00 0                          [vdso]
ffffffffff600000-ffffffffff601000 r-xp 00000000 00:00 0                  [vsyscall]

VM Arguments:
jvm_args: -Djava.awt.headless=true -Djava.security.manager=worker.org.gradle.process.internal.worker.child.BootstrapSecurityManager -Xmx512m -Dfile.encoding=UTF-8 -Duser.country=US -Duser.language=en -Duser.variant -ea 
java_command: worker.org.gradle.process.internal.worker.GradleWorkerMain 'Gradle Test Executor 4'
java_class_path (initial): /home/borche/.gradle/caches/2.14.1/workerMain/gradle-worker.jar
Launcher Type: SUN_STANDARD

Environment Variables:
JAVA_HOME=/usr/lib/jvm/java-8-oracle
PATH=/home/borche/bin:/home/borche/.local/bin:/home/borche/.local/lib/apache-jena-3.1.1/bin:/usr/local/sbin:/usr/local/bin:/usr/sbin:/usr/bin:/sbin:/bin:/usr/games:/usr/local/games:/snap/bin:/usr/lib/jvm/java-8-oracle/bin:/usr/lib/jvm/java-8-oracle/db/bin:/usr/lib/jvm/java-8-oracle/jre/bin
SHELL=/bin/bash
DISPLAY=:0

Signal Handlers:
SIGSEGV: [libjvm.so+0xac64b0], sa_mask[0]=11111111011111111101111111111110, sa_flags=SA_RESTART|SA_SIGINFO
SIGBUS: [libjvm.so+0xac64b0], sa_mask[0]=11111111011111111101111111111110, sa_flags=SA_RESTART|SA_SIGINFO
SIGFPE: [libjvm.so+0x91f950], sa_mask[0]=11111111011111111101111111111110, sa_flags=SA_RESTART|SA_SIGINFO
SIGPIPE: [libjvm.so+0x91f950], sa_mask[0]=11111111011111111101111111111110, sa_flags=SA_RESTART|SA_SIGINFO
SIGXFSZ: [libjvm.so+0x91f950], sa_mask[0]=11111111011111111101111111111110, sa_flags=SA_RESTART|SA_SIGINFO
SIGILL: [libjvm.so+0x91f950], sa_mask[0]=11111111011111111101111111111110, sa_flags=SA_RESTART|SA_SIGINFO
SIGUSR1: SIG_DFL, sa_mask[0]=00000000000000000000000000000000, sa_flags=none
SIGUSR2: [libjvm.so+0x920f80], sa_mask[0]=00100000000000000000000000000000, sa_flags=SA_RESTART|SA_SIGINFO
SIGHUP: [libjvm.so+0x922380], sa_mask[0]=11111111011111111101111111111110, sa_flags=SA_RESTART|SA_SIGINFO
SIGINT: [libjvm.so+0x922380], sa_mask[0]=11111111011111111101111111111110, sa_flags=SA_RESTART|SA_SIGINFO
SIGTERM: [libjvm.so+0x922380], sa_mask[0]=11111111011111111101111111111110, sa_flags=SA_RESTART|SA_SIGINFO
SIGQUIT: [libjvm.so+0x922380], sa_mask[0]=11111111011111111101111111111110, sa_flags=SA_RESTART|SA_SIGINFO


---------------  S Y S T E M  ---------------

OS:DISTRIB_ID=Ubuntu
DISTRIB_RELEASE=16.04
DISTRIB_CODENAME=xenial
DISTRIB_DESCRIPTION="Ubuntu 16.04.1 LTS"

uname:Linux 4.4.0-59-generic #80-Ubuntu SMP Fri Jan 6 17:47:47 UTC 2017 x86_64
libc:glibc 2.23 NPTL 2.23 
rlimit: STACK 8192k, CORE 0k, NPROC 14976, NOFILE 65536, AS infinity
load average:4.25 1.81 0.78

/proc/meminfo:
MemTotal:        3930724 kB
MemFree:         1409236 kB
MemAvailable:    1896412 kB
Buffers:          104688 kB
Cached:           710612 kB
SwapCached:            0 kB
Active:          1846828 kB
Inactive:         519176 kB
Active(anon):    1552368 kB
Inactive(anon):   142788 kB
Active(file):     294460 kB
Inactive(file):   376388 kB
Unevictable:         344 kB
Mlocked:             344 kB
SwapTotal:       8000508 kB
SwapFree:        8000508 kB
Dirty:              5096 kB
Writeback:             0 kB
AnonPages:       1551196 kB
Mapped:           238828 kB
Shmem:            144308 kB
Slab:              77056 kB
SReclaimable:      44228 kB
SUnreclaim:        32828 kB
KernelStack:        9552 kB
PageTables:        28672 kB
NFS_Unstable:          0 kB
Bounce:                0 kB
WritebackTmp:          0 kB
CommitLimit:     9965868 kB
Committed_AS:    4647312 kB
VmallocTotal:   34359738367 kB
VmallocUsed:           0 kB
VmallocChunk:          0 kB
HardwareCorrupted:     0 kB
AnonHugePages:    604160 kB
CmaTotal:              0 kB
CmaFree:               0 kB
HugePages_Total:       0
HugePages_Free:        0
HugePages_Rsvd:        0
HugePages_Surp:        0
Hugepagesize:       2048 kB
DirectMap4k:      108288 kB
DirectMap2M:     3971072 kB


CPU:total 4 (2 cores per cpu, 2 threads per core) family 6 model 42 stepping 7, cmov, cx8, fxsr, mmx, sse, sse2, sse3, ssse3, sse4.1, sse4.2, popcnt, avx, clmul, ht, tsc, tscinvbit

/proc/cpuinfo:
processor	: 0
vendor_id	: GenuineIntel
cpu family	: 6
model		: 42
model name	: Intel(R) Core(TM) i3-2328M CPU @ 2.20GHz
stepping	: 7
microcode	: 0x29
cpu MHz		: 2199.914
cache size	: 3072 KB
physical id	: 0
siblings	: 4
core id		: 0
cpu cores	: 2
apicid		: 0
initial apicid	: 0
fpu		: yes
fpu_exception	: yes
cpuid level	: 13
wp		: yes
flags		: fpu vme de pse tsc msr pae mce cx8 apic sep mtrr pge mca cmov pat pse36 clflush dts acpi mmx fxsr sse sse2 ss ht tm pbe syscall nx rdtscp lm constant_tsc arch_perfmon pebs bts rep_good nopl xtopology nonstop_tsc aperfmperf eagerfpu pni pclmulqdq dtes64 monitor ds_cpl vmx est tm2 ssse3 cx16 xtpr pdcm pcid sse4_1 sse4_2 x2apic popcnt tsc_deadline_timer xsave avx lahf_lm epb tpr_shadow vnmi flexpriority ept vpid xsaveopt dtherm arat pln pts
bugs		:
bogomips	: 4390.08
clflush size	: 64
cache_alignment	: 64
address sizes	: 36 bits physical, 48 bits virtual
power management:

processor	: 1
vendor_id	: GenuineIntel
cpu family	: 6
model		: 42
model name	: Intel(R) Core(TM) i3-2328M CPU @ 2.20GHz
stepping	: 7
microcode	: 0x29
cpu MHz		: 2199.914
cache size	: 3072 KB
physical id	: 0
siblings	: 4
core id		: 0
cpu cores	: 2
apicid		: 1
initial apicid	: 1
fpu		: yes
fpu_exception	: yes
cpuid level	: 13
wp		: yes
flags		: fpu vme de pse tsc msr pae mce cx8 apic sep mtrr pge mca cmov pat pse36 clflush dts acpi mmx fxsr sse sse2 ss ht tm pbe syscall nx rdtscp lm constant_tsc arch_perfmon pebs bts rep_good nopl xtopology nonstop_tsc aperfmperf eagerfpu pni pclmulqdq dtes64 monitor ds_cpl vmx est tm2 ssse3 cx16 xtpr pdcm pcid sse4_1 sse4_2 x2apic popcnt tsc_deadline_timer xsave avx lahf_lm epb tpr_shadow vnmi flexpriority ept vpid xsaveopt dtherm arat pln pts
bugs		:
bogomips	: 4390.08
clflush size	: 64
cache_alignment	: 64
address sizes	: 36 bits physical, 48 bits virtual
power management:

processor	: 2
vendor_id	: GenuineIntel
cpu family	: 6
model		: 42
model name	: Intel(R) Core(TM) i3-2328M CPU @ 2.20GHz
stepping	: 7
microcode	: 0x29
cpu MHz		: 2200.000
cache size	: 3072 KB
physical id	: 0
siblings	: 4
core id		: 1
cpu cores	: 2
apicid		: 2
initial apicid	: 2
fpu		: yes
fpu_exception	: yes
cpuid level	: 13
wp		: yes
flags		: fpu vme de pse tsc msr pae mce cx8 apic sep mtrr pge mca cmov pat pse36 clflush dts acpi mmx fxsr sse sse2 ss ht tm pbe syscall nx rdtscp lm constant_tsc arch_perfmon pebs bts rep_good nopl xtopology nonstop_tsc aperfmperf eagerfpu pni pclmulqdq dtes64 monitor ds_cpl vmx est tm2 ssse3 cx16 xtpr pdcm pcid sse4_1 sse4_2 x2apic popcnt tsc_deadline_timer xsave avx lahf_lm epb tpr_shadow vnmi flexpriority ept vpid xsaveopt dtherm arat pln pts
bugs		:
bogomips	: 4390.08
clflush size	: 64
cache_alignment	: 64
address sizes	: 36 bits physical, 48 bits virtual
power management:

processor	: 3
vendor_id	: GenuineIntel
cpu family	: 6
model		: 42
model name	: Intel(R) Core(TM) i3-2328M CPU @ 2.20GHz
stepping	: 7
microcode	: 0x29
cpu MHz		: 2199.914
cache size	: 3072 KB
physical id	: 0
siblings	: 4
core id		: 1
cpu cores	: 2
apicid		: 3
initial apicid	: 3
fpu		: yes
fpu_exception	: yes
cpuid level	: 13
wp		: yes
flags		: fpu vme de pse tsc msr pae mce cx8 apic sep mtrr pge mca cmov pat pse36 clflush dts acpi mmx fxsr sse sse2 ss ht tm pbe syscall nx rdtscp lm constant_tsc arch_perfmon pebs bts rep_good nopl xtopology nonstop_tsc aperfmperf eagerfpu pni pclmulqdq dtes64 monitor ds_cpl vmx est tm2 ssse3 cx16 xtpr pdcm pcid sse4_1 sse4_2 x2apic popcnt tsc_deadline_timer xsave avx lahf_lm epb tpr_shadow vnmi flexpriority ept vpid xsaveopt dtherm arat pln pts
bugs		:
bogomips	: 4390.08
clflush size	: 64
cache_alignment	: 64
address sizes	: 36 bits physical, 48 bits virtual
power management:



Memory: 4k page, physical 3930724k(1408244k free), swap 8000508k(8000508k free)

vm_info: Java HotSpot(TM) 64-Bit Server VM (25.111-b14) for linux-amd64 JRE (1.8.0_111-b14), built on Sep 22 2016 16:14:03 by "java_re" with gcc 4.3.0 20080428 (Red Hat 4.3.0-8)

time: Tue Jan 17 10:26:45 2017
elapsed time: 12 seconds (0d 0h 0m 12s)

