#
# A fatal error has been detected by the Java Runtime Environment:
#
#  SIGSEGV (0xb) at pc=0x00007fa72da7894a, pid=10350, tid=0x00007fa6f69d4700
#
# JRE version: Java(TM) SE Runtime Environment (8.0_111-b14) (build 1.8.0_111-b14)
# Java VM: Java HotSpot(TM) 64-Bit Server VM (25.111-b14 mixed mode linux-amd64 compressed oops)
# Problematic frame:
# C  [ld-linux-x86-64.so.2+0x1b94a]
#
# Failed to write core dump. Core dumps have been disabled. To enable core dumping, try "ulimit -c unlimited" before starting Java again
#
# If you would like to submit a bug report, please visit:
#   http://bugreport.java.com/bugreport/crash.jsp
# The crash happened outside the Java Virtual Machine in native code.
# See problematic frame for where to report the bug.
#

---------------  T H R E A D  ---------------

Current thread (0x00007fa7244f6000):  JavaThread "Test worker" [_thread_in_native, id=10738, stack(0x00007fa6f68d4000,0x00007fa6f69d5000)]

siginfo: si_signo: 11 (SIGSEGV), si_code: 1 (SEGV_MAPERR), si_addr: 0x0000000000005f12

Registers:
RAX=0x0000000000000000, RBX=0x00007fa6d43dd040, RCX=0x0000000000000012, RDX=0x00007fa6f50cb778
RSP=0x00007fa6f69ce2c8, RBP=0x0000000000000000, RSI=0x0000000000005f12, RDI=0x00007fa6d43dd040
R8 =0x0000000000000000, R9 =0x0000000000000010, R10=0x00007fa72da79320, R11=0x0000000000000001
R12=0x00000000009341c0, R13=0x0000000090000001, R14=0x00007fa72dc83040, R15=0x00007fa6d4468600
RIP=0x00007fa72da7894a, EFLAGS=0x0000000000010283, CSGSFS=0x0000000000000033, ERR=0x0000000000000004
  TRAPNO=0x000000000000000e

Top of Stack: (sp=0x00007fa6f69ce2c8)
0x00007fa6f69ce2c8:   00007fa72da658cf 00000002f69ce300
0x00007fa6f69ce2d8:   00007fa6ec05d770 00007fa6f69cf000
0x00007fa6f69ce2e8:   00007fa6ec05d770 00007fa6f69cf540
0x00007fa6f69ce2f8:   00007fa6f69cf544 00007fa6f69cf0c0
0x00007fa6f69ce308:   00007fa700000000 00007fa6f69cf070
0x00007fa6f69ce318:   00007fa6f69cef50 00007fa7244f6000
0x00007fa6f69ce328:   01017fa6f69ce350 00007fa6f69cf550
0x00007fa6f69ce338:   00007fa6f69cf554 00007fa6ec05d760
0x00007fa6f69ce348:   00007fa6ec05d770 00007fa6ec05db48
0x00007fa6f69ce358:   00007fa7244ded30 00000000000003d8
0x00007fa6f69ce368:   00007fa71568082c 00007fa6f69cf560
0x00007fa6f69ce378:   00007fa6f69cf564 00007fa6f69cf480
0x00007fa6f69ce388:   00007fa71568082c 00007fa71567fd50
0x00007fa6f69ce398:   00007fa700000000 00007fa6f69cf790
0x00007fa6f69ce3a8:   00007fa6f69cf480 00007fa6f69ce3d0
0x00007fa6f69ce3b8:   03030000fffffcff 00007fa7156c82a8
0x00007fa6f69ce3c8:   00007fa6ec05d770 00007fa6f69ce470
0x00007fa6f69ce3d8:   00007fa6f69ce400 00007fa724006b40
0x00007fa6f69ce3e8:   0000000000000000 00007fa6f69ce450
0x00007fa6f69ce3f8:   00007fa72c94f022 00007fa7156c82a8
0x00007fa6f69ce408:   00007fa7156c8084 00007fa724005a40
0x00007fa6f69ce418:   00007fa7244f6000 00000001000016d0
0x00007fa6f69ce428:   00007fa724005a40 00007fa6ec05d770
0x00007fa6f69ce438:   00000001000016d0 00007fa7151a4ce0
0x00007fa6f69ce448:   0000000000000000 00007fa6f69ce490
0x00007fa6f69ce458:   00007fa72c52089c 00007fa7156c8500
0x00007fa6f69ce468:   00007fa6ec05d770 00007fa6f69cf210
0x00007fa6f69ce478:   0000000000000000 00007fa724006b40
0x00007fa6f69ce488:   00007fa7244f6000 00007fa6f69ce4f0
0x00007fa6f69ce498:   00007fa72c5219ae 00007fa728bc5810
0x00007fa6f69ce4a8:   00007fa6ec05d770 00007fa7156c82ac
0x00007fa6f69ce4b8:   00007fa7156c7f50 00007fa6f69ce4f0 

Instructions: (pc=0x00007fa72da7894a)
0x00007fa72da7892a:   66 0f 1f 44 00 00 89 f1 89 f8 48 83 e1 3f 48 83
0x00007fa72da7893a:   e0 3f 83 f9 30 77 3f 83 f8 30 77 3a 66 0f 12 0f
0x00007fa72da7894a:   66 0f 12 16 66 0f 16 4f 08 66 0f 16 56 08 66 0f
0x00007fa72da7895a:   ef c0 66 0f 74 c1 66 0f 74 ca 66 0f f8 c8 66 0f 

Register to memory mapping:

RAX=0x0000000000000000 is an unknown value
RBX=0x00007fa6d43dd040 is an unknown value
RCX=0x0000000000000012 is an unknown value
RDX=
[error occurred during error reporting (printing register info), id 0xb]

Stack: [0x00007fa6f68d4000,0x00007fa6f69d5000],  sp=0x00007fa6f69ce2c8,  free space=1000k
Native frames: (J=compiled Java code, j=interpreted, Vv=VM code, C=native code)
C  [ld-linux-x86-64.so.2+0x1b94a]

Java frames: (J=compiled Java code, j=interpreted, Vv=VM code)
j  java.lang.ClassLoader$NativeLibrary.load(Ljava/lang/String;Z)V+0
j  java.lang.ClassLoader.loadLibrary0(Ljava/lang/Class;Ljava/io/File;)Z+328
j  java.lang.ClassLoader.loadLibrary(Ljava/lang/Class;Ljava/lang/String;Z)V+217
j  java.lang.Runtime.loadLibrary0(Ljava/lang/Class;Ljava/lang/String;)V+54
j  java.lang.System.loadLibrary(Ljava/lang/String;)V+7
j  sun.security.ec.SunEC$1.run()Ljava/lang/Void;+2
j  sun.security.ec.SunEC$1.run()Ljava/lang/Object;+1
v  ~StubRoutines::call_stub
J 1000  java.security.AccessController.doPrivileged(Ljava/security/PrivilegedAction;)Ljava/lang/Object; (0 bytes) @ 0x00007fa71539948f [0x00007fa715399440+0x4f]
j  sun.security.ec.SunEC.<clinit>()V+11
v  ~StubRoutines::call_stub
j  sun.reflect.NativeConstructorAccessorImpl.newInstance0(Ljava/lang/reflect/Constructor;[Ljava/lang/Object;)Ljava/lang/Object;+0
j  sun.reflect.NativeConstructorAccessorImpl.newInstance([Ljava/lang/Object;)Ljava/lang/Object;+85
J 1309 C1 sun.reflect.DelegatingConstructorAccessorImpl.newInstance([Ljava/lang/Object;)Ljava/lang/Object; (9 bytes) @ 0x00007fa7154840c4 [0x00007fa715483fc0+0x104]
J 1111 C1 java.lang.reflect.Constructor.newInstance([Ljava/lang/Object;)Ljava/lang/Object; (87 bytes) @ 0x00007fa7153fec0c [0x00007fa7153fe740+0x4cc]
j  java.lang.Class.newInstance()Ljava/lang/Object;+138
j  sun.security.jca.ProviderConfig$2.run()Ljava/security/Provider;+79
j  sun.security.jca.ProviderConfig$2.run()Ljava/lang/Object;+1
v  ~StubRoutines::call_stub
J 1000  java.security.AccessController.doPrivileged(Ljava/security/PrivilegedAction;)Ljava/lang/Object; (0 bytes) @ 0x00007fa71539948f [0x00007fa715399440+0x4f]
j  sun.security.jca.ProviderConfig.doLoadProvider()Ljava/security/Provider;+8
j  sun.security.jca.ProviderConfig.getProvider()Ljava/security/Provider;+88
j  sun.security.jca.ProviderList.getProvider(I)Ljava/security/Provider;+6
j  sun.security.jca.ProviderList.getIndex(Ljava/lang/String;)I+13
j  sun.security.jca.ProviderList.getProviderConfig(Ljava/lang/String;)Lsun/security/jca/ProviderConfig;+2
j  sun.security.jca.ProviderList.getProvider(Ljava/lang/String;)Ljava/security/Provider;+2
j  java.security.Security.getProvider(Ljava/lang/String;)Ljava/security/Provider;+4
j  org.robolectric.internal.ParallelUniverse.setUpApplicationState(Ljava/lang/reflect/Method;Lorg/robolectric/TestLifecycle;Lorg/robolectric/res/ResourceLoader;Lorg/robolectric/manifest/AndroidManifest;Lorg/robolectric/annotation/Config;)V+70
j  org.robolectric.RobolectricTestRunner.setUpApplicationState(Ljava/lang/reflect/Method;Lorg/robolectric/internal/ParallelUniverseInterface;Lorg/robolectric/res/ResourceLoader;Lorg/robolectric/manifest/AndroidManifest;Lorg/robolectric/annotation/Config;)V+11
j  org.robolectric.RobolectricTestRunner$2.evaluate()V+226
j  org.robolectric.RobolectricTestRunner.runChild(Lorg/junit/runners/model/FrameworkMethod;Lorg/junit/runner/notification/RunNotifier;)V+119
j  org.robolectric.RobolectricTestRunner.runChild(Ljava/lang/Object;Lorg/junit/runner/notification/RunNotifier;)V+6
j  org.junit.runners.ParentRunner$3.run()V+12
j  org.junit.runners.ParentRunner$1.schedule(Ljava/lang/Runnable;)V+1
j  org.junit.runners.ParentRunner.runChildren(Lorg/junit/runner/notification/RunNotifier;)V+44
j  org.junit.runners.ParentRunner.access$000(Lorg/junit/runners/ParentRunner;Lorg/junit/runner/notification/RunNotifier;)V+2
j  org.junit.runners.ParentRunner$2.evaluate()V+8
j  org.robolectric.RobolectricTestRunner$1.evaluate()V+4
j  org.junit.runners.ParentRunner.run(Lorg/junit/runner/notification/RunNotifier;)V+20
j  org.gradle.api.internal.tasks.testing.junit.JUnitTestClassExecuter.runTestClass(Ljava/lang/String;)V+260
j  org.gradle.api.internal.tasks.testing.junit.JUnitTestClassExecuter.execute(Ljava/lang/String;)V+14
j  org.gradle.api.internal.tasks.testing.junit.JUnitTestClassProcessor.processTestClass(Lorg/gradle/api/internal/tasks/testing/TestClassRunInfo;)V+26
j  org.gradle.api.internal.tasks.testing.SuiteTestClassProcessor.processTestClass(Lorg/gradle/api/internal/tasks/testing/TestClassRunInfo;)V+5
v  ~StubRoutines::call_stub
j  sun.reflect.NativeMethodAccessorImpl.invoke0(Ljava/lang/reflect/Method;Ljava/lang/Object;[Ljava/lang/Object;)Ljava/lang/Object;+0
j  sun.reflect.NativeMethodAccessorImpl.invoke(Ljava/lang/Object;[Ljava/lang/Object;)Ljava/lang/Object;+100
j  sun.reflect.DelegatingMethodAccessorImpl.invoke(Ljava/lang/Object;[Ljava/lang/Object;)Ljava/lang/Object;+6
j  java.lang.reflect.Method.invoke(Ljava/lang/Object;[Ljava/lang/Object;)Ljava/lang/Object;+56
j  org.gradle.internal.dispatch.ReflectionDispatch.dispatch(Lorg/gradle/internal/dispatch/MethodInvocation;)V+19
j  org.gradle.internal.dispatch.ReflectionDispatch.dispatch(Ljava/lang/Object;)V+5
j  org.gradle.internal.dispatch.ContextClassLoaderDispatch.dispatch(Ljava/lang/Object;)V+22
j  org.gradle.internal.dispatch.ProxyDispatchAdapter$DispatchingInvocationHandler.invoke(Ljava/lang/Object;Ljava/lang/reflect/Method;[Ljava/lang/Object;)Ljava/lang/Object;+178
j  com.sun.proxy.$Proxy2.processTestClass(Lorg/gradle/api/internal/tasks/testing/TestClassRunInfo;)V+16
j  org.gradle.api.internal.tasks.testing.worker.TestWorker.processTestClass(Lorg/gradle/api/internal/tasks/testing/TestClassRunInfo;)V+13
v  ~StubRoutines::call_stub
j  sun.reflect.NativeMethodAccessorImpl.invoke0(Ljava/lang/reflect/Method;Ljava/lang/Object;[Ljava/lang/Object;)Ljava/lang/Object;+0
j  sun.reflect.NativeMethodAccessorImpl.invoke(Ljava/lang/Object;[Ljava/lang/Object;)Ljava/lang/Object;+100
j  sun.reflect.DelegatingMethodAccessorImpl.invoke(Ljava/lang/Object;[Ljava/lang/Object;)Ljava/lang/Object;+6
j  java.lang.reflect.Method.invoke(Ljava/lang/Object;[Ljava/lang/Object;)Ljava/lang/Object;+56
j  org.gradle.internal.dispatch.ReflectionDispatch.dispatch(Lorg/gradle/internal/dispatch/MethodInvocation;)V+19
j  org.gradle.internal.dispatch.ReflectionDispatch.dispatch(Ljava/lang/Object;)V+5
j  org.gradle.internal.remote.internal.hub.MessageHub$Handler.run()V+174
j  org.gradle.internal.concurrent.ExecutorPolicy$CatchAndRecordFailures.onExecute(Ljava/lang/Runnable;)V+1
j  org.gradle.internal.concurrent.StoppableExecutorImpl$1.run()V+25
j  java.util.concurrent.ThreadPoolExecutor.runWorker(Ljava/util/concurrent/ThreadPoolExecutor$Worker;)V+95
j  java.util.concurrent.ThreadPoolExecutor$Worker.run()V+5
j  java.lang.Thread.run()V+11
v  ~StubRoutines::call_stub

---------------  P R O C E S S  ---------------

Java Threads: ( => current thread )
  0x00007fa6d425f000 JavaThread "pool-1-thread-5" [_thread_blocked, id=10823, stack(0x00007fa6f5b94000,0x00007fa6f5c95000)]
  0x00007fa6d425d800 JavaThread "pool-1-thread-4" [_thread_blocked, id=10822, stack(0x00007fa6f5c95000,0x00007fa6f5d96000)]
  0x00007fa6d425c800 JavaThread "pool-1-thread-3" [_thread_blocked, id=10821, stack(0x00007fa6f5d96000,0x00007fa6f5e97000)]
  0x00007fa6d425c000 JavaThread "pool-1-thread-2" [_thread_blocked, id=10820, stack(0x00007fa6f6097000,0x00007fa6f6198000)]
  0x00007fa6d4267800 JavaThread "pool-1-thread-1" [_thread_blocked, id=10819, stack(0x00007fa6f6198000,0x00007fa6f6299000)]
  0x00007fa6d41c5800 JavaThread "process reaper" daemon [_thread_blocked, id=10800, stack(0x00007fa6f6299000,0x00007fa6f62d2000)]
  0x00007fa724503000 JavaThread "/0:0:0:0:0:0:0:1:57632 to /0:0:0:0:0:0:0:1:43254 workers Thread 3" [_thread_in_native, id=10779, stack(0x00007fa6f66d2000,0x00007fa6f67d3000)]
  0x00007fa724502800 JavaThread "/0:0:0:0:0:0:0:1:57632 to /0:0:0:0:0:0:0:1:43254 workers Thread 2" [_thread_blocked, id=10777, stack(0x00007fa6f67d3000,0x00007fa6f68d4000)]
=>0x00007fa7244f6000 JavaThread "Test worker" [_thread_in_native, id=10738, stack(0x00007fa6f68d4000,0x00007fa6f69d5000)]
  0x00007fa7240f3000 JavaThread "Service Thread" daemon [_thread_blocked, id=10408, stack(0x00007fa6f7cfd000,0x00007fa6f7dfe000)]
  0x00007fa7240f0000 JavaThread "C1 CompilerThread2" daemon [_thread_blocked, id=10406, stack(0x00007fa6f7dfe000,0x00007fa6f7eff000)]
  0x00007fa7240ed800 JavaThread "C2 CompilerThread1" daemon [_thread_in_native, id=10402, stack(0x00007fa6f7eff000,0x00007fa6f8000000)]
  0x00007fa7240ec000 JavaThread "C2 CompilerThread0" daemon [_thread_in_native, id=10401, stack(0x00007fa71401a000,0x00007fa71411b000)]
  0x00007fa7240ea800 JavaThread "Signal Dispatcher" daemon [_thread_blocked, id=10400, stack(0x00007fa71411b000,0x00007fa71421c000)]
  0x00007fa724084000 JavaThread "Finalizer" daemon [_thread_blocked, id=10399, stack(0x00007fa7144f5000,0x00007fa7145f6000)]
  0x00007fa72407f800 JavaThread "Reference Handler" daemon [_thread_blocked, id=10398, stack(0x00007fa7145f6000,0x00007fa7146f7000)]
  0x00007fa72400a000 JavaThread "main" [_thread_blocked, id=10351, stack(0x00007fa72db5d000,0x00007fa72dc5e000)]

Other Threads:
  0x00007fa724078000 VMThread [stack: 0x00007fa7146f7000,0x00007fa7147f8000] [id=10397]
  0x00007fa7240f6000 WatcherThread [stack: 0x00007fa6f7bfc000,0x00007fa6f7cfd000] [id=10410]

VM state:not at safepoint (normal execution)

VM Mutex/Monitor currently owned by a thread: None

Heap:
 PSYoungGen      total 124928K, used 26275K [0x00000000f5580000, 0x00000000fe580000, 0x0000000100000000)
  eden space 117760K, 22% used [0x00000000f5580000,0x00000000f6f28ff8,0x00000000fc880000)
  from space 7168K, 0% used [0x00000000fd480000,0x00000000fd480000,0x00000000fdb80000)
  to   space 12288K, 0% used [0x00000000fc880000,0x00000000fc880000,0x00000000fd480000)
 ParOldGen       total 48640K, used 17717K [0x00000000e0000000, 0x00000000e2f80000, 0x00000000f5580000)
  object space 48640K, 36% used [0x00000000e0000000,0x00000000e114d670,0x00000000e2f80000)
 Metaspace       used 21675K, capacity 22004K, committed 22448K, reserved 1069056K
  class space    used 2339K, capacity 2449K, committed 2560K, reserved 1048576K

Card table byte_map: [0x00007fa72a806000,0x00007fa72a907000] byte_map_base: 0x00007fa72a106000

Marking Bits: (ParMarkBitMap*) 0x00007fa72d030220
 Begin Bits: [0x00007fa729402000, 0x00007fa729c02000)
 End Bits:   [0x00007fa729c02000, 0x00007fa72a402000)

Polling page: 0x00007fa72dc7f000

CodeCache: size=245760Kb used=7851Kb max_used=7851Kb free=237909Kb
 bounds [0x00007fa715000000, 0x00007fa7157b0000, 0x00007fa724000000]
 total_blobs=2480 nmethods=2072 adapters=321
 compilation: enabled

Compilation events (10 events):
Event: 12.570 Thread 0x00007fa7240f0000 2128       2       sun.security.provider.SHA2::lf_delta1 (21 bytes)
Event: 12.570 Thread 0x00007fa7240f0000 nmethod 2128 0x00007fa7157ada50 code [0x00007fa7157adba0, 0x00007fa7157adcf0]
Event: 12.570 Thread 0x00007fa7240f0000 2129       2       sun.security.provider.SHA2::lf_delta0 (20 bytes)
Event: 12.570 Thread 0x00007fa7240f0000 nmethod 2129 0x00007fa7157add50 code [0x00007fa7157adea0, 0x00007fa7157adff0]
Event: 12.571 Thread 0x00007fa7240f0000 2130       1       sun.security.provider.SHA2::lf_ch (10 bytes)
Event: 12.571 Thread 0x00007fa7240f0000 nmethod 2130 0x00007fa7157ae050 code [0x00007fa7157ae1a0, 0x00007fa7157ae290]
Event: 12.571 Thread 0x00007fa7240f0000 2131       1       sun.security.provider.SHA2::lf_maj (12 bytes)
Event: 12.571 Thread 0x00007fa7240f0000 nmethod 2131 0x00007fa7157ae2d0 code [0x00007fa7157ae420, 0x00007fa7157ae510]
Event: 12.583 Thread 0x00007fa7240f0000 2132       2       sun.security.provider.SHA2::implCompress (331 bytes)
Event: 12.585 Thread 0x00007fa7240f0000 nmethod 2132 0x00007fa7157ae550 code [0x00007fa7157ae700, 0x00007fa7157aede8]

GC Heap History (10 events):
Event: 5.181 GC heap before
{Heap before GC invocations=3 (full 0):
 PSYoungGen      total 33280K, used 33264K [0x00000000f5580000, 0x00000000f7880000, 0x0000000100000000)
  eden space 30720K, 100% used [0x00000000f5580000,0x00000000f7380000,0x00000000f7380000)
  from space 2560K, 99% used [0x00000000f7600000,0x00000000f787c040,0x00000000f7880000)
  to   space 2560K, 0% used [0x00000000f7380000,0x00000000f7380000,0x00000000f7600000)
 ParOldGen       total 40960K, used 2551K [0x00000000e0000000, 0x00000000e2800000, 0x00000000f5580000)
  object space 40960K, 6% used [0x00000000e0000000,0x00000000e027ddf8,0x00000000e2800000)
 Metaspace       used 13944K, capacity 14178K, committed 14464K, reserved 1062912K
  class space    used 1748K, capacity 1827K, committed 1920K, reserved 1048576K
Event: 5.207 GC heap after
Heap after GC invocations=3 (full 0):
 PSYoungGen      total 33280K, used 2547K [0x00000000f5580000, 0x00000000f9680000, 0x0000000100000000)
  eden space 30720K, 0% used [0x00000000f5580000,0x00000000f5580000,0x00000000f7380000)
  from space 2560K, 99% used [0x00000000f7380000,0x00000000f75fcd40,0x00000000f7600000)
  to   space 2560K, 0% used [0x00000000f9400000,0x00000000f9400000,0x00000000f9680000)
 ParOldGen       total 40960K, used 6970K [0x00000000e0000000, 0x00000000e2800000, 0x00000000f5580000)
  object space 40960K, 17% used [0x00000000e0000000,0x00000000e06ceb38,0x00000000e2800000)
 Metaspace       used 13944K, capacity 14178K, committed 14464K, reserved 1062912K
  class space    used 1748K, capacity 1827K, committed 1920K, reserved 1048576K
}
Event: 7.167 GC heap before
{Heap before GC invocations=4 (full 0):
 PSYoungGen      total 33280K, used 33267K [0x00000000f5580000, 0x00000000f9680000, 0x0000000100000000)
  eden space 30720K, 100% used [0x00000000f5580000,0x00000000f7380000,0x00000000f7380000)
  from space 2560K, 99% used [0x00000000f7380000,0x00000000f75fcd40,0x00000000f7600000)
  to   space 2560K, 0% used [0x00000000f9400000,0x00000000f9400000,0x00000000f9680000)
 ParOldGen       total 40960K, used 6970K [0x00000000e0000000, 0x00000000e2800000, 0x00000000f5580000)
  object space 40960K, 17% used [0x00000000e0000000,0x00000000e06ceb38,0x00000000e2800000)
 Metaspace       used 16544K, capacity 16860K, committed 17024K, reserved 1064960K
  class space    used 1975K, capacity 2124K, committed 2176K, reserved 1048576K
Event: 7.202 GC heap after
Heap after GC invocations=4 (full 0):
 PSYoungGen      total 64000K, used 2558K [0x00000000f5580000, 0x00000000f9680000, 0x0000000100000000)
  eden space 61440K, 0% used [0x00000000f5580000,0x00000000f5580000,0x00000000f9180000)
  from space 2560K, 99% used [0x00000000f9400000,0x00000000f967f9e0,0x00000000f9680000)
  to   space 2560K, 0% used [0x00000000f9180000,0x00000000f9180000,0x00000000f9400000)
 ParOldGen       total 40960K, used 9287K [0x00000000e0000000, 0x00000000e2800000, 0x00000000f5580000)
  object space 40960K, 22% used [0x00000000e0000000,0x00000000e0911d88,0x00000000e2800000)
 Metaspace       used 16544K, capacity 16860K, committed 17024K, reserved 1064960K
  class space    used 1975K, capacity 2124K, committed 2176K, reserved 1048576K
}
Event: 9.140 GC heap before
{Heap before GC invocations=5 (full 0):
 PSYoungGen      total 64000K, used 63998K [0x00000000f5580000, 0x00000000f9680000, 0x0000000100000000)
  eden space 61440K, 100% used [0x00000000f5580000,0x00000000f9180000,0x00000000f9180000)
  from space 2560K, 99% used [0x00000000f9400000,0x00000000f967f9e0,0x00000000f9680000)
  to   space 2560K, 0% used [0x00000000f9180000,0x00000000f9180000,0x00000000f9400000)
 ParOldGen       total 40960K, used 9287K [0x00000000e0000000, 0x00000000e2800000, 0x00000000f5580000)
  object space 40960K, 22% used [0x00000000e0000000,0x00000000e0911d88,0x00000000e2800000)
 Metaspace       used 18263K, capacity 18594K, committed 18944K, reserved 1067008K
  class space    used 2063K, capacity 2189K, committed 2304K, reserved 1048576K
Event: 9.168 GC heap after
Heap after GC invocations=5 (full 0):
 PSYoungGen      total 64000K, used 2544K [0x00000000f5580000, 0x00000000fdb80000, 0x0000000100000000)
  eden space 61440K, 0% used [0x00000000f5580000,0x00000000f5580000,0x00000000f9180000)
  from space 2560K, 99% used [0x00000000f9180000,0x00000000f93fc020,0x00000000f9400000)
  to   space 7168K, 0% used [0x00000000fd480000,0x00000000fd480000,0x00000000fdb80000)
 ParOldGen       total 40960K, used 12314K [0x00000000e0000000, 0x00000000e2800000, 0x00000000f5580000)
  object space 40960K, 30% used [0x00000000e0000000,0x00000000e0c06a98,0x00000000e2800000)
 Metaspace       used 18263K, capacity 18594K, committed 18944K, reserved 1067008K
  class space    used 2063K, capacity 2189K, committed 2304K, reserved 1048576K
}
Event: 11.442 GC heap before
{Heap before GC invocations=6 (full 0):
 PSYoungGen      total 64000K, used 51226K [0x00000000f5580000, 0x00000000fdb80000, 0x0000000100000000)
  eden space 61440K, 79% used [0x00000000f5580000,0x00000000f850aa90,0x00000000f9180000)
  from space 2560K, 99% used [0x00000000f9180000,0x00000000f93fc020,0x00000000f9400000)
  to   space 7168K, 0% used [0x00000000fd480000,0x00000000fd480000,0x00000000fdb80000)
 ParOldGen       total 40960K, used 12314K [0x00000000e0000000, 0x00000000e2800000, 0x00000000f5580000)
  object space 40960K, 30% used [0x00000000e0000000,0x00000000e0c06a98,0x00000000e2800000)
 Metaspace       used 20880K, capacity 21128K, committed 21296K, reserved 1069056K
  class space    used 2287K, capacity 2414K, committed 2432K, reserved 1048576K
Event: 11.523 GC heap after
Heap after GC invocations=6 (full 0):
 PSYoungGen      total 124928K, used 7139K [0x00000000f5580000, 0x00000000fe580000, 0x0000000100000000)
  eden space 117760K, 0% used [0x00000000f5580000,0x00000000f5580000,0x00000000fc880000)
  from space 7168K, 99% used [0x00000000fd480000,0x00000000fdb78d70,0x00000000fdb80000)
  to   space 12288K, 0% used [0x00000000fc880000,0x00000000fc880000,0x00000000fd480000)
 ParOldGen       total 40960K, used 19730K [0x00000000e0000000, 0x00000000e2800000, 0x00000000f5580000)
  object space 40960K, 48% used [0x00000000e0000000,0x00000000e1344a18,0x00000000e2800000)
 Metaspace       used 20880K, capacity 21128K, committed 21296K, reserved 1069056K
  class space    used 2287K, capacity 2414K, committed 2432K, reserved 1048576K
}
Event: 11.523 GC heap before
{Heap before GC invocations=7 (full 1):
 PSYoungGen      total 124928K, used 7139K [0x00000000f5580000, 0x00000000fe580000, 0x0000000100000000)
  eden space 117760K, 0% used [0x00000000f5580000,0x00000000f5580000,0x00000000fc880000)
  from space 7168K, 99% used [0x00000000fd480000,0x00000000fdb78d70,0x00000000fdb80000)
  to   space 12288K, 0% used [0x00000000fc880000,0x00000000fc880000,0x00000000fd480000)
 ParOldGen       total 40960K, used 19730K [0x00000000e0000000, 0x00000000e2800000, 0x00000000f5580000)
  object space 40960K, 48% used [0x00000000e0000000,0x00000000e1344a18,0x00000000e2800000)
 Metaspace       used 20880K, capacity 21128K, committed 21296K, reserved 1069056K
  class space    used 2287K, capacity 2414K, committed 2432K, reserved 1048576K
Event: 11.834 GC heap after
Heap after GC invocations=7 (full 1):
 PSYoungGen      total 124928K, used 0K [0x00000000f5580000, 0x00000000fe580000, 0x0000000100000000)
  eden space 117760K, 0% used [0x00000000f5580000,0x00000000f5580000,0x00000000fc880000)
  from space 7168K, 0% used [0x00000000fd480000,0x00000000fd480000,0x00000000fdb80000)
  to   space 12288K, 0% used [0x00000000fc880000,0x00000000fc880000,0x00000000fd480000)
 ParOldGen       total 48640K, used 17717K [0x00000000e0000000, 0x00000000e2f80000, 0x00000000f5580000)
  object space 48640K, 36% used [0x00000000e0000000,0x00000000e114d670,0x00000000e2f80000)
 Metaspace       used 20880K, capacity 21128K, committed 21296K, reserved 1069056K
  class space    used 2287K, capacity 2414K, committed 2432K, reserved 1048576K
}

Deoptimization events (10 events):
Event: 7.852 Thread 0x00007fa7244f6000 Uncommon trap: reason=unstable_if action=reinterpret pc=0x00007fa7155d56e8 method=org.objectweb.asm.MethodWriter.visitVarInsn(II)V @ 128
Event: 8.466 Thread 0x00007fa7244f6000 Uncommon trap: reason=unstable_if action=reinterpret pc=0x00007fa715696ce8 method=org.objectweb.asm.Type.getArgumentsAndReturnSizes(Ljava/lang/String;)I @ 118
Event: 8.607 Thread 0x00007fa7244f6000 Uncommon trap: reason=unstable_if action=reinterpret pc=0x00007fa71568eee4 method=org.objectweb.asm.Type.getArgumentsAndReturnSizes(Ljava/lang/String;)I @ 100
Event: 8.676 Thread 0x00007fa7244f6000 Uncommon trap: reason=unstable_if action=reinterpret pc=0x00007fa7155ef780 method=org.objectweb.asm.Item.a(Lorg/objectweb/asm/Item;)Z @ 345
Event: 9.473 Thread 0x00007fa7244f6000 Uncommon trap: reason=null_check action=make_not_entrant pc=0x00007fa71548c53c method=org.apache.maven.model.io.xpp3.MavenXpp3Reader.checkFieldWithDuplicate(Lorg/codehaus/plexus/util/xml/pull/XmlPullParser;Ljava/lang/String;Ljava/lang/String;Ljava/util/Se
Event: 10.202 Thread 0x00007fa7244f6000 Uncommon trap: reason=unstable_if action=reinterpret pc=0x00007fa71523c7b4 method=java.util.HashMap.getNode(ILjava/lang/Object;)Ljava/util/HashMap$Node; @ 84
Event: 10.228 Thread 0x00007fa7244f6000 Uncommon trap: reason=unstable_if action=reinterpret pc=0x00007fa7154be484 method=java.util.HashMap.resize()[Ljava/util/HashMap$Node; @ 206
Event: 11.983 Thread 0x00007fa7244f6000 Uncommon trap: reason=unstable_if action=reinterpret pc=0x00007fa7156b6278 method=org.objectweb.asm.Frame.a(Lorg/objectweb/asm/ClassWriter;I[II)Z @ 139
Event: 11.983 Thread 0x00007fa7244f6000 Uncommon trap: reason=unstable_if action=reinterpret pc=0x00007fa71569098c method=org.objectweb.asm.Frame.a(Lorg/objectweb/asm/ClassWriter;I[II)Z @ 139
Event: 12.106 Thread 0x00007fa7244f6000 Uncommon trap: reason=unloaded action=reinterpret pc=0x00007fa715725c5c method=org.objectweb.asm.ClassReader.readConst(I[C)Ljava/lang/Object; @ 97

Internal exceptions (10 events):
Event: 1.291 Thread 0x00007fa72400a000 Exception <a 'java/lang/NoSuchFieldError': method resolution failed> (0x00000000f5e40cb0) thrown at [/HUDSON3/workspace/8-2-build-linux-amd64/jdk8u111/7883/hotspot/src/share/vm/prims/methodHandles.cpp, line 1146]
Event: 1.445 Thread 0x00007fa72400a000 Exception <a 'java/lang/NoSuchMethodError': <clinit>> (0x00000000f5f44880) thrown at [/HUDSON3/workspace/8-2-build-linux-amd64/jdk8u111/7883/hotspot/src/share/vm/prims/jni.cpp, line 1613]
Event: 1.448 Thread 0x00007fa72400a000 Exception <a 'java/lang/NoSuchMethodError': <clinit>> (0x00000000f5f4e358) thrown at [/HUDSON3/workspace/8-2-build-linux-amd64/jdk8u111/7883/hotspot/src/share/vm/prims/jni.cpp, line 1613]
Event: 1.540 Thread 0x00007fa72400a000 Exception <a 'java/lang/ArrayIndexOutOfBoundsException'> (0x00000000f6054a30) thrown at [/HUDSON3/workspace/8-2-build-linux-amd64/jdk8u111/7883/hotspot/src/share/vm/runtime/sharedRuntime.cpp, line 605]
Event: 1.541 Thread 0x00007fa72400a000 Exception <a 'java/lang/ArrayIndexOutOfBoundsException'> (0x00000000f6055680) thrown at [/HUDSON3/workspace/8-2-build-linux-amd64/jdk8u111/7883/hotspot/src/share/vm/runtime/sharedRuntime.cpp, line 605]
Event: 5.174 Thread 0x00007fa7244f6000 Exception <a 'java/lang/NoSuchMethodError': <clinit>> (0x00000000f736d7b0) thrown at [/HUDSON3/workspace/8-2-build-linux-amd64/jdk8u111/7883/hotspot/src/share/vm/prims/jni.cpp, line 1613]
Event: 6.484 Thread 0x00007fa7244f6000 Exception <a 'java/io/FileNotFoundException'> (0x00000000f6649840) thrown at [/HUDSON3/workspace/8-2-build-linux-amd64/jdk8u111/7883/hotspot/src/share/vm/prims/jni.cpp, line 709]
Event: 6.484 Thread 0x00007fa7244f6000 Exception <a 'java/io/FileNotFoundException'> (0x00000000f664a3b0) thrown at [/HUDSON3/workspace/8-2-build-linux-amd64/jdk8u111/7883/hotspot/src/share/vm/prims/jni.cpp, line 709]
Event: 8.969 Thread 0x00007fa7244f6000 Exception <a 'java/lang/UnsatisfiedLinkError': com.almworks.sqlite4java._SQLiteSwiggedJNI.sqlite3_libversion()Ljava/lang/String;> (0x00000000f8ba88c0) thrown at [/HUDSON3/workspace/8-2-build-linux-amd64/jdk8u111/7883/hotspot/src/share/vm/prims/nativeLooku
Event: 9.473 Thread 0x00007fa7244f6000 Implicit null exception at 0x00007fa71548be09 to 0x00007fa71548c525

Events (10 events):
Event: 12.565 loading class sun/security/rsa/RSAPrivateKeyImpl
Event: 12.565 loading class sun/security/rsa/RSAPrivateKeyImpl done
Event: 12.565 loading class sun/security/rsa/RSACore
Event: 12.567 loading class sun/security/rsa/RSACore done
Event: 12.567 loading class sun/security/rsa/RSAPadding
Event: 12.568 loading class sun/security/rsa/RSAPadding done
Event: 12.572 loading class javax/crypto/BadPaddingException
Event: 12.572 loading class javax/crypto/BadPaddingException done
Event: 12.576 loading class sun/security/ec/SunEC$1
Event: 12.576 loading class sun/security/ec/SunEC$1 done


Dynamic libraries:
00400000-00401000 r-xp 00000000 08:03 2638047                            /usr/lib/jvm/java-8-oracle/bin/java
00600000-00601000 rw-p 00000000 08:03 2638047                            /usr/lib/jvm/java-8-oracle/bin/java
00934000-00955000 rw-p 00000000 00:00 0                                  [heap]
e0000000-e2f80000 rw-p 00000000 00:00 0 
e2f80000-f5580000 ---p 00000000 00:00 0 
f5580000-fe580000 rw-p 00000000 00:00 0 
fe580000-100000000 ---p 00000000 00:00 0 
100000000-100280000 rw-p 00000000 00:00 0 
100280000-140000000 ---p 00000000 00:00 0 
7fa6b4000000-7fa6b4021000 rw-p 00000000 00:00 0 
7fa6b4021000-7fa6b8000000 ---p 00000000 00:00 0 
7fa6bc000000-7fa6bc021000 rw-p 00000000 00:00 0 
7fa6bc021000-7fa6c0000000 ---p 00000000 00:00 0 
7fa6c0000000-7fa6c0021000 rw-p 00000000 00:00 0 
7fa6c0021000-7fa6c4000000 ---p 00000000 00:00 0 
7fa6c4000000-7fa6c4021000 rw-p 00000000 00:00 0 
7fa6c4021000-7fa6c8000000 ---p 00000000 00:00 0 
7fa6c8000000-7fa6c8021000 rw-p 00000000 00:00 0 
7fa6c8021000-7fa6cc000000 ---p 00000000 00:00 0 
7fa6cc000000-7fa6cc092000 rw-p 00000000 00:00 0 
7fa6cc092000-7fa6d0000000 ---p 00000000 00:00 0 
7fa6d0000000-7fa6d0021000 rw-p 00000000 00:00 0 
7fa6d0021000-7fa6d4000000 ---p 00000000 00:00 0 
7fa6d4000000-7fa6d46c2000 rw-p 00000000 00:00 0 
7fa6d46c2000-7fa6d8000000 ---p 00000000 00:00 0 
7fa6d8000000-7fa6d8021000 rw-p 00000000 00:00 0 
7fa6d8021000-7fa6dc000000 ---p 00000000 00:00 0 
7fa6dc000000-7fa6dc021000 rw-p 00000000 00:00 0 
7fa6dc021000-7fa6e0000000 ---p 00000000 00:00 0 
7fa6e0000000-7fa6e0021000 rw-p 00000000 00:00 0 
7fa6e0021000-7fa6e4000000 ---p 00000000 00:00 0 
7fa6e4000000-7fa6e495a000 rw-p 00000000 00:00 0 
7fa6e495a000-7fa6e8000000 ---p 00000000 00:00 0 
7fa6e8000000-7fa6e91ec000 rw-p 00000000 00:00 0 
7fa6e91ec000-7fa6ec000000 ---p 00000000 00:00 0 
7fa6ec000000-7fa6ed3b8000 rw-p 00000000 00:00 0 
7fa6ed3b8000-7fa6f0000000 ---p 00000000 00:00 0 
7fa6f0000000-7fa6f0021000 rw-p 00000000 00:00 0 
7fa6f0021000-7fa6f4000000 ---p 00000000 00:00 0 
7fa6f47f2000-7fa6f495e000 rw-p 00000000 00:00 0 
7fa6f495e000-7fa6f49f2000 ---p 00000000 00:00 0 
7fa6f4c1e000-7fa6f4e1e000 rw-p 00000000 00:00 0 
7fa6f4e1e000-7fa6f4eca000 r-xp 00000000 08:03 665275                     /tmp/robolectric-libs/libsqlite4java.so
7fa6f4eca000-7fa6f50ca000 ---p 000ac000 08:03 665275                     /tmp/robolectric-libs/libsqlite4java.so
7fa6f50ca000-7fa6f50ce000 rw-p 000ac000 08:03 665275                     /tmp/robolectric-libs/libsqlite4java.so
7fa6f529c000-7fa6f529e000 r--s 00009000 08:03 2638208                    /usr/lib/jvm/java-8-oracle/jre/lib/ext/sunec.jar
7fa6f529e000-7fa6f52a2000 r--s 0003a000 08:03 2638206                    /usr/lib/jvm/java-8-oracle/jre/lib/ext/sunpkcs11.jar
7fa6f52a2000-7fa6f52b5000 r--s 00345000 08:03 2638355                    /usr/lib/jvm/java-8-oracle/jre/lib/resources.jar
7fa6f52b5000-7fa6f54b5000 rw-p 00000000 00:00 0 
7fa6f54b5000-7fa6f54bc000 r-xp 00000000 08:03 2638146                    /usr/lib/jvm/java-8-oracle/jre/lib/amd64/libawt_headless.so
7fa6f54bc000-7fa6f56bb000 ---p 00007000 08:03 2638146                    /usr/lib/jvm/java-8-oracle/jre/lib/amd64/libawt_headless.so
7fa6f56bb000-7fa6f56bc000 rw-p 00006000 08:03 2638146                    /usr/lib/jvm/java-8-oracle/jre/lib/amd64/libawt_headless.so
7fa6f56bc000-7fa6f575e000 r-xp 00000000 08:03 2638191                    /usr/lib/jvm/java-8-oracle/jre/lib/amd64/libawt.so
7fa6f575e000-7fa6f595e000 ---p 000a2000 08:03 2638191                    /usr/lib/jvm/java-8-oracle/jre/lib/amd64/libawt.so
7fa6f595e000-7fa6f596a000 rw-p 000a2000 08:03 2638191                    /usr/lib/jvm/java-8-oracle/jre/lib/amd64/libawt.so
7fa6f596a000-7fa6f598e000 rw-p 00000000 00:00 0 
7fa6f598e000-7fa6f59aa000 r--s 00393000 08:03 2638214                    /usr/lib/jvm/java-8-oracle/jre/lib/ext/cldrdata.jar
7fa6f59aa000-7fa6f5b94000 r--s 026f8000 08:04 3411498                    /home/borche/.m2/repository/org/robolectric/android-all/5.0.0_r2-robolectric-1/android-all-5.0.0_r2-robolectric-1.jar
7fa6f5b94000-7fa6f5b97000 ---p 00000000 00:00 0 
7fa6f5b97000-7fa6f5c95000 rw-p 00000000 00:00 0 
7fa6f5c95000-7fa6f5c98000 ---p 00000000 00:00 0 
7fa6f5c98000-7fa6f5d96000 rw-p 00000000 00:00 0 
7fa6f5d96000-7fa6f5d99000 ---p 00000000 00:00 0 
7fa6f5d99000-7fa6f6097000 rw-p 00000000 00:00 0 
7fa6f6097000-7fa6f609a000 ---p 00000000 00:00 0 
7fa6f609a000-7fa6f6198000 rw-p 00000000 00:00 0 
7fa6f6198000-7fa6f619b000 ---p 00000000 00:00 0 
7fa6f619b000-7fa6f6299000 rw-p 00000000 00:00 0 
7fa6f6299000-7fa6f629c000 ---p 00000000 00:00 0 
7fa6f629c000-7fa6f64d2000 rw-p 00000000 00:00 0 
7fa6f64d2000-7fa6f66d2000 rw-p 00000000 00:00 0 
7fa6f66d2000-7fa6f66d5000 ---p 00000000 00:00 0 
7fa6f66d5000-7fa6f67d3000 rw-p 00000000 00:00 0 
7fa6f67d3000-7fa6f67d6000 ---p 00000000 00:00 0 
7fa6f67d6000-7fa6f68d4000 rw-p 00000000 00:00 0 
7fa6f68d4000-7fa6f68d7000 ---p 00000000 00:00 0 
7fa6f68d7000-7fa6f69d5000 rw-p 00000000 00:00 0 
7fa6f69d5000-7fa6f69eb000 r-xp 00000000 08:03 267414                     /lib/x86_64-linux-gnu/libgcc_s.so.1
7fa6f69eb000-7fa6f6bea000 ---p 00016000 08:03 267414                     /lib/x86_64-linux-gnu/libgcc_s.so.1
7fa6f6bea000-7fa6f6beb000 rw-p 00015000 08:03 267414                     /lib/x86_64-linux-gnu/libgcc_s.so.1
7fa6f6beb000-7fa6f6d5d000 r-xp 00000000 08:03 2623618                    /usr/lib/x86_64-linux-gnu/libstdc++.so.6.0.21
7fa6f6d5d000-7fa6f6f5d000 ---p 00172000 08:03 2623618                    /usr/lib/x86_64-linux-gnu/libstdc++.so.6.0.21
7fa6f6f5d000-7fa6f6f67000 r--p 00172000 08:03 2623618                    /usr/lib/x86_64-linux-gnu/libstdc++.so.6.0.21
7fa6f6f67000-7fa6f6f69000 rw-p 0017c000 08:03 2623618                    /usr/lib/x86_64-linux-gnu/libstdc++.so.6.0.21
7fa6f6f69000-7fa6f6f6d000 rw-p 00000000 00:00 0 
7fa6f6f6e000-7fa6f6f71000 r--s 0001a000 08:03 2638385                    /usr/lib/jvm/java-8-oracle/jre/lib/jce.jar
7fa6f6f71000-7fa6f6f7b000 r--s 00116000 08:03 2638211                    /usr/lib/jvm/java-8-oracle/jre/lib/ext/localedata.jar
7fa6f6f7b000-7fa6f6f7c000 r--s 00015000 08:04 3411488                    /home/borche/.m2/repository/org/ccil/cowan/tagsoup/tagsoup/1.2/tagsoup-1.2.jar
7fa6f6f7c000-7fa6f6f7e000 r--s 00008000 08:04 3411491                    /home/borche/.m2/repository/org/json/json/20080701/json-20080701.jar
7fa6f6f7e000-7fa6f6f8a000 r--s 0027e000 08:04 3411512                    /home/borche/.m2/repository/org/robolectric/shadows-core/3.0/shadows-core-3.0-21.jar
7fa6f6f8a000-7fa6f6f8b000 r--p 00000000 00:00 0 
7fa6f6f8b000-7fa6f6f8f000 r-xp 00000000 08:04 20188376                   /home/borche/.gradle/native/19/linux-amd64/libnative-platform.so
7fa6f6f8f000-7fa6f718e000 ---p 00004000 08:04 20188376                   /home/borche/.gradle/native/19/linux-amd64/libnative-platform.so
7fa6f718e000-7fa6f718f000 rw-p 00003000 08:04 20188376                   /home/borche/.gradle/native/19/linux-amd64/libnative-platform.so
7fa6f718f000-7fa6f7193000 r--s 00097000 08:03 2638075                    /usr/lib/jvm/java-8-oracle/jre/lib/jsse.jar
7fa6f7193000-7fa6f71a4000 r-xp 00000000 08:03 2638156                    /usr/lib/jvm/java-8-oracle/jre/lib/amd64/libnio.so
7fa6f71a4000-7fa6f73a3000 ---p 00011000 08:03 2638156                    /usr/lib/jvm/java-8-oracle/jre/lib/amd64/libnio.so
7fa6f73a3000-7fa6f73a4000 rw-p 00010000 08:03 2638156                    /usr/lib/jvm/java-8-oracle/jre/lib/amd64/libnio.so
7fa6f73a4000-7fa6f7481000 r--s 01f70000 08:04 3933531                    /home/borche/development/Android/foorball-dream-team/build/generated/mockable-android-25.jar
7fa6f7481000-7fa6f748c000 r--s 00040000 08:04 22417854                   /home/borche/Android/Sdk/platforms/android-25/optional/org.apache.http.legacy.jar
7fa6f748c000-7fa6f748d000 r--s 00001000 08:04 23861058                   /home/borche/.gradle/caches/modules-2/files-2.1/javax.annotation/jsr250-api/1.0/5025422767732a1ab45d93abfea846513d742dcf/jsr250-api-1.0.jar
7fa6f748d000-7fa6f748e000 r--s 00001000 08:04 23861056                   /home/borche/.gradle/caches/modules-2/files-2.1/com.squareup.retrofit2/converter-gson/2.1.0/aa557d71ead91cbf26e0c316a0f593d168303309/converter-gson-2.1.0.jar
7fa6f748e000-7fa6f748f000 r--s 00001000 08:04 23861054                   /home/borche/.gradle/caches/modules-2/files-2.1/com.squareup.okhttp3/logging-interceptor/3.3.0/ba14d8b7789efde5ee150eacb297b7237abca39/logging-interceptor-3.3.0.jar
7fa6f748f000-7fa6f7492000 r--s 00013000 08:04 23861052                   /home/borche/.gradle/caches/modules-2/files-2.1/com.squareup.retrofit2/retrofit/2.1.0/2de7cd8b95b7021b1d597f049bcb422055119f2c/retrofit-2.1.0.jar
7fa6f7492000-7fa6f7497000 r--s 00034000 08:04 23861068                   /home/borche/.gradle/caches/modules-2/files-2.1/com.google.code.gson/gson/2.7/751f548c85fa49f330cecbb1875893f971b33c4e/gson-2.7.jar
7fa6f7497000-7fa6f7499000 r--s 00005000 08:04 22418166                   /home/borche/.gradle/caches/modules-2/files-2.1/org.slf4j/slf4j-api/1.7.5/6b262da268f8ad9eff941b25503a9198f0a0ac93/slf4j-api-1.7.5.jar
7fa6f7499000-7fa6f74a3000 r--s 0005d000 08:04 22418164                   /home/borche/.gradle/caches/modules-2/files-2.1/ch.qos.logback/logback-core/1.0.13/dc6e6ce937347bd4d990fc89f4ceb469db53e45e/logback-core-1.0.13.jar
7fa6f74a3000-7fa6f74a9000 r--s 0003b000 08:04 22418159                   /home/borche/.gradle/caches/modules-2/files-2.1/ch.qos.logback/logback-classic/1.0.13/6b56ec752b42ccfa1415c0361fb54b1ed7ca3db6/logback-classic-1.0.13.jar
7fa6f74a9000-7fa6f74ab000 r--s 00004000 08:04 23074679                   /home/borche/Android/Sdk/extras/android/m2repository/com/android/support/support-annotations/25.0.1/support-annotations-25.0.1.jar
7fa6f74ab000-7fa6f74ac000 r--s 00003000 08:04 23861062                   /home/borche/.gradle/caches/modules-2/files-2.1/com.jakewharton/butterknife-annotations/8.1.0/d6854f42bfb4098d3d2358d93201307b9f1cc95d/butterknife-annotations-8.1.0.jar
7fa6f74ac000-7fa6f74ae000 r--s 00003000 08:04 4063842                    /home/borche/development/Android/foorball-dream-team/app/build/intermediates/exploded-aar/com.jakewharton/butterknife/8.1.0/jars/classes.jar
7fa6f74ae000-7fa6f74b7000 r--s 00032000 08:04 4063734                    /home/borche/development/Android/foorball-dream-team/app/build/intermediates/exploded-aar/com.android.support/support-compat/25.0.1/jars/libs/internal_impl-25.0.1.jar
7fa6f74b7000-7fa6f74c6000 r--s 0006e000 08:04 4063732                    /home/borche/development/Android/foorball-dream-team/app/build/intermediates/exploded-aar/com.android.support/support-compat/25.0.1/jars/classes.jar
7fa6f74c6000-7fa6f74c7000 r--s 00006000 08:04 4063760                    /home/borche/development/Android/foorball-dream-team/app/build/intermediates/exploded-aar/com.android.support/support-core-utils/25.0.1/jars/libs/internal_impl-25.0.1.jar
7fa6f74c7000-7fa6f74ca000 r--s 00010000 08:04 4063758                    /home/borche/development/Android/foorball-dream-team/app/build/intermediates/exploded-aar/com.android.support/support-core-utils/25.0.1/jars/classes.jar
7fa6f74ca000-7fa6f74cc000 r--s 00001000 08:04 4063746                    /home/borche/development/Android/foorball-dream-team/app/build/intermediates/exploded-aar/com.android.support/support-core-ui/25.0.1/jars/libs/internal_impl-25.0.1.jar
7fa6f74cc000-7fa6f74d1000 r--s 0003a000 08:04 4063744                    /home/borche/development/Android/foorball-dream-team/app/build/intermediates/exploded-aar/com.android.support/support-core-ui/25.0.1/jars/classes.jar
7fa6f74d1000-7fa6f74d4000 r--s 0000f000 08:04 4063797                    /home/borche/development/Android/foorball-dream-team/app/build/intermediates/exploded-aar/com.android.support/support-media-compat/25.0.1/jars/libs/internal_impl-25.0.1.jar
7fa6f74d4000-7fa6f74d9000 r--s 00030000 08:04 4063795                    /home/borche/development/Android/foorball-dream-team/app/build/intermediates/exploded-aar/com.android.support/support-media-compat/25.0.1/jars/classes.jar
7fa6f74d9000-7fa6f74da000 r--s 00003000 08:04 4063773                    /home/borche/development/Android/foorball-dream-team/app/build/intermediates/exploded-aar/com.android.support/support-fragment/25.0.1/jars/libs/internal_impl-25.0.1.jar
7fa6f74da000-7fa6f74dd000 r--s 0001e000 08:04 4063771                    /home/borche/development/Android/foorball-dream-team/app/build/intermediates/exploded-aar/com.android.support/support-fragment/25.0.1/jars/classes.jar
7fa6f74dd000-7fa6f74de000 r--s 00000000 08:04 4063806                    /home/borche/development/Android/foorball-dream-team/app/build/intermediates/exploded-aar/com.android.support/support-v4/25.0.1/jars/classes.jar
7fa6f74de000-7fa6f74e1000 r--s 00016000 08:04 4063827                    /home/borche/development/Android/foorball-dream-team/app/build/intermediates/exploded-aar/com.android.support/transition/25.0.1/jars/classes.jar
7fa6f74e1000-7fa6f74e6000 r--s 0004d000 08:04 4063711                    /home/borche/development/Android/foorball-dream-team/app/build/intermediates/exploded-aar/com.android.support/recyclerview-v7/25.0.1/jars/classes.jar
7fa6f74e6000-7fa6f74e7000 r--s 00009000 08:04 4063816                    /home/borche/development/Android/foorball-dream-team/app/build/intermediates/exploded-aar/com.android.support/support-vector-drawable/25.0.1/jars/classes.jar
7fa6f74e7000-7fa6f74e8000 r--s 00002000 08:04 3410594                    /home/borche/development/Android/foorball-dream-team/app/build/intermediates/exploded-aar/com.android.support/animated-vector-drawable/25.0.1/jars/classes.jar
7fa6f74e8000-7fa6f74f3000 r--s 0009d000 08:04 3410607                    /home/borche/development/Android/foorball-dream-team/app/build/intermediates/exploded-aar/com.android.support/appcompat-v7/25.0.1/jars/classes.jar
7fa6f74f3000-7fa6f74fa000 r--s 0004c000 08:04 3411225                    /home/borche/development/Android/foorball-dream-team/app/build/intermediates/exploded-aar/com.android.support/design/25.0.1/jars/classes.jar
7fa6f74fa000-7fa6f7526000 r--s 00208000 08:04 23986197                   /home/borche/.gradle/caches/modules-2/files-2.1/com.google.guava/guava/19.0/6ce200f6b23222af3d8abb6b6459e6c44f4bb0e9/guava-19.0.jar
7fa6f7526000-7fa6f7529000 r--s 0000f000 08:04 23986195                   /home/borche/.gradle/caches/modules-2/files-2.1/com.google.dagger/dagger-producers/2.5/a02d8016dddbe70c7c6c2093fae96bef5cb9fdbb/dagger-producers-2.5.jar
7fa6f7529000-7fa6f752a000 r--s 00000000 08:04 23861060                   /home/borche/.gradle/caches/modules-2/files-2.1/javax.inject/javax.inject/1/6975da39a7040257bd51d21a231b76c915872d38/javax.inject-1.jar
7fa6f752a000-7fa6f752c000 r--s 00005000 08:04 23861048                   /home/borche/.gradle/caches/modules-2/files-2.1/com.google.dagger/dagger/2.5/571f4e0451db64a7b41dbeb5f2503986fe5acdb4/dagger-2.5.jar
7fa6f752c000-7fa6f7587000 r--s 007c1000 08:04 23861294                   /home/borche/.gradle/caches/modules-2/files-2.1/com.google.dagger/dagger-compiler/2.5/96b9c749db4590549166740ba989fe3580eb0a19/dagger-compiler-2.5.jar
7fa6f7587000-7fa6f75c5000 r--s 0025e000 08:04 23986193                   /home/borche/.gradle/caches/modules-2/files-2.1/org.bouncycastle/bcprov-jdk15on/1.50/be504b4901d75cbe129a178f5830e6c358ec214c/bcprov-jdk15on-1.50.jar
7fa6f75c5000-7fa6f75c7000 r--s 00005000 08:04 23986191                   /home/borche/.gradle/caches/modules-2/files-2.1/com.squareup.okhttp3/okhttp-ws/3.3.0/f1780f0cc6185d43c33a22238e106f01917b4268/okhttp-ws-3.3.0.jar
7fa6f75c7000-7fa6f75c9000 r--s 00010000 08:04 23861066                   /home/borche/.gradle/caches/modules-2/files-2.1/com.squareup.okio/okio/1.8.0/5ea7af56cc7c567ed9856d99efb30740e9b17ff/okio-1.8.0.jar
7fa6f75c9000-7fa6f75ce000 r--s 0004f000 08:04 23861064                   /home/borche/.gradle/caches/modules-2/files-2.1/com.squareup.okhttp3/okhttp/3.3.0/2b802460eea20f8f2ad9c08c74e0f14718e88aa9/okhttp-3.3.0.jar
7fa6f75ce000-7fa6f75d0000 r--s 0000a000 08:04 23861292                   /home/borche/.gradle/caches/modules-2/files-2.1/com.squareup.okhttp3/mockwebserver/3.3.0/8ab0c2c611717f6ffdd98356cd93a31cedda200d/mockwebserver-3.3.0.jar
7fa6f75d0000-7fa6f75d1000 r--s 00003000 08:04 23861290                   /home/borche/.gradle/caches/modules-2/files-2.1/org.robolectric/shadows-support-v4/3.0/9261e07d142f2b488af628e2ddc3c39524fd77b/shadows-support-v4-3.0.jar
7fa6f75d1000-7fa6f75d2000 r--s 00002000 08:04 23986205                   /home/borche/.gradle/caches/modules-2/files-2.1/org.apache.ant/ant-launcher/1.8.0/8b53ba16fa62fb1034da8f1de200ddc407c8381/ant-launcher-1.8.0.jar
7fa6f75d2000-7fa6f75e9000 r--s 00159000 08:04 23986189                   /home/borche/.gradle/caches/modules-2/files-2.1/org.apache.ant/ant/1.8.0/7b456ca6b93900f96e58cc8371f03d90a9c1c8d1/ant-1.8.0.jar
7fa6f75e9000-7fa6f7602000 r--s 00129000 08:04 23986187                   /home/borche/.gradle/caches/modules-2/files-2.1/org.apache.maven/maven-ant-tasks/2.1.3/b09be554228d66d208e5fef5266844aacf443abc/maven-ant-tasks-2.1.3.jar
7fa6f7602000-7fa6f7603000 r--s 00004000 08:04 23203305                   /home/borche/.gradle/caches/modules-2/files-2.1/org.ow2.asm/asm-analysis/5.0.1/e286fbee48efacb4e7c175f7948d9d8b2ab52352/asm-analysis-5.0.1.jar
7fa6f7603000-7fa6f7604000 r--s 0000a000 08:04 22810945                   /home/borche/.gradle/caches/modules-2/files-2.1/org.ow2.asm/asm-util/5.0.1/7c8caddfbd0b2d7b844f8fcc75175b9cb9cf4724/asm-util-5.0.1.jar
7fa6f7604000-7fa6f7606000 r--s 00006000 08:04 23335044                   /home/borche/.gradle/caches/modules-2/files-2.1/org.ow2.asm/asm-tree/5.0.1/1b1e6e9d869acd704056d0a4223071a511c619e6/asm-tree-5.0.1.jar
7fa6f7606000-7fa6f7608000 r--s 00009000 08:04 22680809                   /home/borche/.gradle/caches/modules-2/files-2.1/org.ow2.asm/asm-commons/5.0.1/7b7147a390a93a14d2edfdcf3f7b0e87a0939c3e/asm-commons-5.0.1.jar
7fa6f7608000-7fa6f7630000 r--s 001a3000 08:04 23986183                   /home/borche/.gradle/caches/modules-2/files-2.1/org.bouncycastle/bcprov-jdk16/1.46/ce091790943599535cbb4de8ede84535b0c1260c/bcprov-jdk16-1.46.jar
7fa6f7630000-7fa6f7633000 r--s 0001d000 08:04 23986203                   /home/borche/.gradle/caches/modules-2/files-2.1/com.almworks.sqlite4java/sqlite4java/0.282/745a7e2f35fdbe6336922e0d492c979dbbfa74fb/sqlite4java-0.282.jar
7fa6f7633000-7fa6f768a000 r--s 008ec000 08:04 23986201                   /home/borche/.gradle/caches/modules-2/files-2.1/com.ibm.icu/icu4j/53.1/786d9055d4ca8c1aab4a7d4ac8283f973fd7e41f/icu4j-53.1.jar
7fa6f768a000-7fa6f7696000 r--s 0027e000 08:04 23986181                   /home/borche/.gradle/caches/modules-2/files-2.1/org.robolectric/shadows-core/3.0/9dfa881bfd1796afa28204ef1a5ed7e3de992612/shadows-core-3.0.jar
7fa6f7696000-7fa6f769d000 r--s 00095000 08:04 23986185                   /home/borche/.gradle/caches/modules-2/files-2.1/com.ximpleware/vtd-xml/2.11/ee5bcf62c1acf76434ee9f1c67a840bafef72a6d/vtd-xml-2.11.jar
7fa6f769d000-7fa6f76a0000 r--s 0000c000 08:04 23986199                   /home/borche/.gradle/caches/modules-2/files-2.1/com.google.android.apps.common.testing.accessibility.framework/accessibility-test-framework/1.0/28162aae36f8ba5903adadfb570313e1f1be852e/accessibility-test-framework-1.0.jar
7fa6f76a0000-7fa6f76bc000 r--s 00103000 08:04 22020850                   /home/borche/.gradle/caches/modules-2/files-2.1/org.mockito/mockito-core/1.10.19/e8546f5bef4e061d8dd73895b4e8f40e3fe6effe/mockito-core-1.10.19.jar
7fa6f76bc000-7fa6f79bd000 rw-p 00000000 00:00 0 
7fa6f79bd000-7fa6f79d3000 r-xp 00000000 08:03 2638131                    /usr/lib/jvm/java-8-oracle/jre/lib/amd64/libnet.so
7fa6f79d3000-7fa6f7bd3000 ---p 00016000 08:03 2638131                    /usr/lib/jvm/java-8-oracle/jre/lib/amd64/libnet.so
7fa6f7bd3000-7fa6f7bd4000 rw-p 00016000 08:03 2638131                    /usr/lib/jvm/java-8-oracle/jre/lib/amd64/libnet.so
7fa6f7bd4000-7fa6f7bfc000 r--s 001cf000 08:04 3411701                    /home/borche/.gradle/wrapper/dists/gradle-2.14.1-all/8bnwg5hd3w55iofp58khbp6yv/gradle-2.14.1/lib/guava-jdk5-17.0.jar
7fa6f7bfc000-7fa6f7bfd000 ---p 00000000 00:00 0 
7fa6f7bfd000-7fa6f7cfd000 rw-p 00000000 00:00 0 
7fa6f7cfd000-7fa6f7d00000 ---p 00000000 00:00 0 
7fa6f7d00000-7fa6f7dfe000 rw-p 00000000 00:00 0 
7fa6f7dfe000-7fa6f7e01000 ---p 00000000 00:00 0 
7fa6f7e01000-7fa6f7eff000 rw-p 00000000 00:00 0 
7fa6f7eff000-7fa6f7f02000 ---p 00000000 00:00 0 
7fa6f7f02000-7fa6f8000000 rw-p 00000000 00:00 0 
7fa6f8000000-7fa6f8021000 rw-p 00000000 00:00 0 
7fa6f8021000-7fa6fc000000 ---p 00000000 00:00 0 
7fa6fc000000-7fa6fc021000 rw-p 00000000 00:00 0 
7fa6fc021000-7fa700000000 ---p 00000000 00:00 0 
7fa700000000-7fa700021000 rw-p 00000000 00:00 0 
7fa700021000-7fa704000000 ---p 00000000 00:00 0 
7fa704000000-7fa704021000 rw-p 00000000 00:00 0 
7fa704021000-7fa708000000 ---p 00000000 00:00 0 
7fa708000000-7fa708021000 rw-p 00000000 00:00 0 
7fa708021000-7fa70c000000 ---p 00000000 00:00 0 
7fa70c000000-7fa70c021000 rw-p 00000000 00:00 0 
7fa70c021000-7fa710000000 ---p 00000000 00:00 0 
7fa710000000-7fa710021000 rw-p 00000000 00:00 0 
7fa710021000-7fa714000000 ---p 00000000 00:00 0 
7fa714000000-7fa714002000 r--s 00008000 08:04 23986179                   /home/borche/.gradle/caches/modules-2/files-2.1/org.robolectric/robolectric-utils/3.0/4bcecd8115fe7296088bb1636e6cbd7ae8927392/robolectric-utils-3.0.jar
7fa714002000-7fa714006000 r--s 00021000 08:04 23861298                   /home/borche/.gradle/caches/modules-2/files-2.1/org.robolectric/robolectric-resources/3.0/1ab609054aab67cd13a434567467f4b4774f2465/robolectric-resources-3.0.jar
7fa714006000-7fa71400a000 r--s 00025000 08:04 23861288                   /home/borche/.gradle/caches/modules-2/files-2.1/org.robolectric/robolectric/3.0/f888cea3bc1a24110e315eb9827ab593610ea62f/robolectric-3.0.jar
7fa71400a000-7fa714012000 r--s 00045000 08:04 21103549                   /home/borche/.gradle/caches/modules-2/files-2.1/junit/junit/4.12/2973d150c0dc1fefe998f834810d68f278ea58ec/junit-4.12.jar
7fa714012000-7fa71401a000 r--s 00045000 08:04 3411802                    /home/borche/.gradle/wrapper/dists/gradle-2.14.1-all/8bnwg5hd3w55iofp58khbp6yv/gradle-2.14.1/lib/plugins/junit-4.12.jar
7fa71401a000-7fa71401d000 ---p 00000000 00:00 0 
7fa71401d000-7fa71411b000 rw-p 00000000 00:00 0 
7fa71411b000-7fa71411e000 ---p 00000000 00:00 0 
7fa71411e000-7fa71421c000 rw-p 00000000 00:00 0 
7fa71421c000-7fa7144f5000 r--p 00000000 08:03 2636406                    /usr/lib/locale/locale-archive
7fa7144f5000-7fa7144f8000 ---p 00000000 00:00 0 
7fa7144f8000-7fa7145f6000 rw-p 00000000 00:00 0 
7fa7145f6000-7fa7145f9000 ---p 00000000 00:00 0 
7fa7145f9000-7fa7146f7000 rw-p 00000000 00:00 0 
7fa7146f7000-7fa7146f8000 ---p 00000000 00:00 0 
7fa7146f8000-7fa715000000 rw-p 00000000 00:00 0 
7fa715000000-7fa7157b0000 rwxp 00000000 00:00 0 
7fa7157b0000-7fa724000000 ---p 00000000 00:00 0 
7fa724000000-7fa724563000 rw-p 00000000 00:00 0 
7fa724563000-7fa728000000 ---p 00000000 00:00 0 
7fa728000000-7fa728001000 r--s 0000c000 08:04 22418170                   /home/borche/.gradle/caches/modules-2/files-2.1/org.ow2.asm/asm/5.0.1/2fd56467a018aafe6ec6a73ccba520be4a7e1565/asm-5.0.1.jar
7fa728001000-7fa728002000 r--s 00002000 08:04 23861296                   /home/borche/.gradle/caches/modules-2/files-2.1/org.robolectric/robolectric-annotations/3.0/2a6cfc072d7680694c1ff893c5dc8fec33163110/robolectric-annotations-3.0.jar
7fa728002000-7fa728004000 r--s 00009000 08:04 22020858                   /home/borche/.gradle/caches/modules-2/files-2.1/org.objenesis/objenesis/2.1/87c0ea803b69252868d09308b4618f766f135a96/objenesis-2.1.jar
7fa728004000-7fa728006000 r--s 00009000 08:04 21103551                   /home/borche/.gradle/caches/modules-2/files-2.1/org.hamcrest/hamcrest-core/1.3/42a25dc3219429f0e5d060061f71acb49bf010a0/hamcrest-core-1.3.jar
7fa728006000-7fa72800b000 r--s 00041000 08:04 3411702                    /home/borche/.gradle/wrapper/dists/gradle-2.14.1-all/8bnwg5hd3w55iofp58khbp6yv/gradle-2.14.1/lib/commons-lang-2.6.jar
7fa72800b000-7fa72800f000 r--s 00026000 08:04 3411725                    /home/borche/.gradle/wrapper/dists/gradle-2.14.1-all/8bnwg5hd3w55iofp58khbp6yv/gradle-2.14.1/lib/kryo-2.20.jar
7fa72800f000-7fa728012000 r--s 0000d000 08:04 3411722                    /home/borche/.gradle/wrapper/dists/gradle-2.14.1-all/8bnwg5hd3w55iofp58khbp6yv/gradle-2.14.1/lib/native-platform-0.10.jar
7fa728012000-7fa728014000 r--s 00000000 08:04 3411726                    /home/borche/.gradle/wrapper/dists/gradle-2.14.1-all/8bnwg5hd3w55iofp58khbp6yv/gradle-2.14.1/lib/jul-to-slf4j-1.7.10.jar
7fa728014000-7fa72801a000 r--s 0002e000 08:04 3411774                    /home/borche/.gradle/wrapper/dists/gradle-2.14.1-all/8bnwg5hd3w55iofp58khbp6yv/gradle-2.14.1/lib/plugins/gradle-testing-jvm-2.14.1.jar
7fa72801a000-7fa72801f000 r--s 00015000 08:04 3411772                    /home/borche/.gradle/wrapper/dists/gradle-2.14.1-all/8bnwg5hd3w55iofp58khbp6yv/gradle-2.14.1/lib/plugins/gradle-testing-base-2.14.1.jar
7fa72801f000-7fa728027000 r--s 0003a000 08:04 3411693                    /home/borche/.gradle/wrapper/dists/gradle-2.14.1-all/8bnwg5hd3w55iofp58khbp6yv/gradle-2.14.1/lib/gradle-base-services-2.14.1.jar
7fa728027000-7fa72805e000 r--s 001bd000 08:04 3411695                    /home/borche/.gradle/wrapper/dists/gradle-2.14.1-all/8bnwg5hd3w55iofp58khbp6yv/gradle-2.14.1/lib/gradle-core-2.14.1.jar
7fa72805e000-7fa728859000 rw-p 00000000 00:00 0 
7fa728859000-7fa728a31000 r--s 03d2a000 08:03 2638123                    /usr/lib/jvm/java-8-oracle/jre/lib/rt.jar
7fa728a31000-7fa72a402000 rw-p 00000000 00:00 0 
7fa72a402000-7fa72a403000 ---p 00000000 00:00 0 
7fa72a403000-7fa72a503000 rw-p 00000000 00:00 0 
7fa72a503000-7fa72a504000 ---p 00000000 00:00 0 
7fa72a504000-7fa72a604000 rw-p 00000000 00:00 0 
7fa72a604000-7fa72a605000 ---p 00000000 00:00 0 
7fa72a605000-7fa72a705000 rw-p 00000000 00:00 0 
7fa72a705000-7fa72a706000 ---p 00000000 00:00 0 
7fa72a706000-7fa72a81e000 rw-p 00000000 00:00 0 
7fa72a81e000-7fa72a8b0000 ---p 00000000 00:00 0 
7fa72a8b0000-7fa72a8f9000 rw-p 00000000 00:00 0 
7fa72a8f9000-7fa72a906000 ---p 00000000 00:00 0 
7fa72a906000-7fa72a926000 rw-p 00000000 00:00 0 
7fa72a926000-7fa72acc7000 ---p 00000000 00:00 0 
7fa72acc7000-7fa72ace1000 r-xp 00000000 08:03 2638154                    /usr/lib/jvm/java-8-oracle/jre/lib/amd64/libzip.so
7fa72ace1000-7fa72aee1000 ---p 0001a000 08:03 2638154                    /usr/lib/jvm/java-8-oracle/jre/lib/amd64/libzip.so
7fa72aee1000-7fa72aee2000 rw-p 0001a000 08:03 2638154                    /usr/lib/jvm/java-8-oracle/jre/lib/amd64/libzip.so
7fa72aee2000-7fa72aeed000 r-xp 00000000 08:03 263244                     /lib/x86_64-linux-gnu/libnss_files-2.23.so
7fa72aeed000-7fa72b0ec000 ---p 0000b000 08:03 263244                     /lib/x86_64-linux-gnu/libnss_files-2.23.so
7fa72b0ec000-7fa72b0ed000 r--p 0000a000 08:03 263244                     /lib/x86_64-linux-gnu/libnss_files-2.23.so
7fa72b0ed000-7fa72b0ee000 rw-p 0000b000 08:03 263244                     /lib/x86_64-linux-gnu/libnss_files-2.23.so
7fa72b0ee000-7fa72b0f4000 rw-p 00000000 00:00 0 
7fa72b0f4000-7fa72b0ff000 r-xp 00000000 08:03 263229                     /lib/x86_64-linux-gnu/libnss_nis-2.23.so
7fa72b0ff000-7fa72b2fe000 ---p 0000b000 08:03 263229                     /lib/x86_64-linux-gnu/libnss_nis-2.23.so
7fa72b2fe000-7fa72b2ff000 r--p 0000a000 08:03 263229                     /lib/x86_64-linux-gnu/libnss_nis-2.23.so
7fa72b2ff000-7fa72b300000 rw-p 0000b000 08:03 263229                     /lib/x86_64-linux-gnu/libnss_nis-2.23.so
7fa72b300000-7fa72b316000 r-xp 00000000 08:03 263240                     /lib/x86_64-linux-gnu/libnsl-2.23.so
7fa72b316000-7fa72b515000 ---p 00016000 08:03 263240                     /lib/x86_64-linux-gnu/libnsl-2.23.so
7fa72b515000-7fa72b516000 r--p 00015000 08:03 263240                     /lib/x86_64-linux-gnu/libnsl-2.23.so
7fa72b516000-7fa72b517000 rw-p 00016000 08:03 263240                     /lib/x86_64-linux-gnu/libnsl-2.23.so
7fa72b517000-7fa72b519000 rw-p 00000000 00:00 0 
7fa72b519000-7fa72b521000 r-xp 00000000 08:03 263241                     /lib/x86_64-linux-gnu/libnss_compat-2.23.so
7fa72b521000-7fa72b720000 ---p 00008000 08:03 263241                     /lib/x86_64-linux-gnu/libnss_compat-2.23.so
7fa72b720000-7fa72b721000 r--p 00007000 08:03 263241                     /lib/x86_64-linux-gnu/libnss_compat-2.23.so
7fa72b721000-7fa72b722000 rw-p 00008000 08:03 263241                     /lib/x86_64-linux-gnu/libnss_compat-2.23.so
7fa72b722000-7fa72b74d000 r-xp 00000000 08:03 2638181                    /usr/lib/jvm/java-8-oracle/jre/lib/amd64/libjava.so
7fa72b74d000-7fa72b94c000 ---p 0002b000 08:03 2638181                    /usr/lib/jvm/java-8-oracle/jre/lib/amd64/libjava.so
7fa72b94c000-7fa72b94e000 rw-p 0002a000 08:03 2638181                    /usr/lib/jvm/java-8-oracle/jre/lib/amd64/libjava.so
7fa72b94e000-7fa72b95b000 r-xp 00000000 08:03 2638132                    /usr/lib/jvm/java-8-oracle/jre/lib/amd64/libverify.so
7fa72b95b000-7fa72bb5a000 ---p 0000d000 08:03 2638132                    /usr/lib/jvm/java-8-oracle/jre/lib/amd64/libverify.so
7fa72bb5a000-7fa72bb5c000 rw-p 0000c000 08:03 2638132                    /usr/lib/jvm/java-8-oracle/jre/lib/amd64/libverify.so
7fa72bb5c000-7fa72bb63000 r-xp 00000000 08:03 263228                     /lib/x86_64-linux-gnu/librt-2.23.so
7fa72bb63000-7fa72bd62000 ---p 00007000 08:03 263228                     /lib/x86_64-linux-gnu/librt-2.23.so
7fa72bd62000-7fa72bd63000 r--p 00006000 08:03 263228                     /lib/x86_64-linux-gnu/librt-2.23.so
7fa72bd63000-7fa72bd64000 rw-p 00007000 08:03 263228                     /lib/x86_64-linux-gnu/librt-2.23.so
7fa72bd64000-7fa72be6c000 r-xp 00000000 08:03 263238                     /lib/x86_64-linux-gnu/libm-2.23.so
7fa72be6c000-7fa72c06b000 ---p 00108000 08:03 263238                     /lib/x86_64-linux-gnu/libm-2.23.so
7fa72c06b000-7fa72c06c000 r--p 00107000 08:03 263238                     /lib/x86_64-linux-gnu/libm-2.23.so
7fa72c06c000-7fa72c06d000 rw-p 00108000 08:03 263238                     /lib/x86_64-linux-gnu/libm-2.23.so
7fa72c06d000-7fa72cd3a000 r-xp 00000000 08:03 2638185                    /usr/lib/jvm/java-8-oracle/jre/lib/amd64/server/libjvm.so
7fa72cd3a000-7fa72cf39000 ---p 00ccd000 08:03 2638185                    /usr/lib/jvm/java-8-oracle/jre/lib/amd64/server/libjvm.so
7fa72cf39000-7fa72d012000 rw-p 00ccc000 08:03 2638185                    /usr/lib/jvm/java-8-oracle/jre/lib/amd64/server/libjvm.so
7fa72d012000-7fa72d05d000 rw-p 00000000 00:00 0 
7fa72d05d000-7fa72d21c000 r-xp 00000000 08:03 263233                     /lib/x86_64-linux-gnu/libc-2.23.so
7fa72d21c000-7fa72d41c000 ---p 001bf000 08:03 263233                     /lib/x86_64-linux-gnu/libc-2.23.so
7fa72d41c000-7fa72d420000 r--p 001bf000 08:03 263233                     /lib/x86_64-linux-gnu/libc-2.23.so
7fa72d420000-7fa72d422000 rw-p 001c3000 08:03 263233                     /lib/x86_64-linux-gnu/libc-2.23.so
7fa72d422000-7fa72d426000 rw-p 00000000 00:00 0 
7fa72d426000-7fa72d429000 r-xp 00000000 08:03 263232                     /lib/x86_64-linux-gnu/libdl-2.23.so
7fa72d429000-7fa72d628000 ---p 00003000 08:03 263232                     /lib/x86_64-linux-gnu/libdl-2.23.so
7fa72d628000-7fa72d629000 r--p 00002000 08:03 263232                     /lib/x86_64-linux-gnu/libdl-2.23.so
7fa72d629000-7fa72d62a000 rw-p 00003000 08:03 263232                     /lib/x86_64-linux-gnu/libdl-2.23.so
7fa72d62a000-7fa72d63f000 r-xp 00000000 08:03 2637266                    /usr/lib/jvm/java-8-oracle/lib/amd64/jli/libjli.so
7fa72d63f000-7fa72d83f000 ---p 00015000 08:03 2637266                    /usr/lib/jvm/java-8-oracle/lib/amd64/jli/libjli.so
7fa72d83f000-7fa72d840000 rw-p 00015000 08:03 2637266                    /usr/lib/jvm/java-8-oracle/lib/amd64/jli/libjli.so
7fa72d840000-7fa72d858000 r-xp 00000000 08:03 263239                     /lib/x86_64-linux-gnu/libpthread-2.23.so
7fa72d858000-7fa72da57000 ---p 00018000 08:03 263239                     /lib/x86_64-linux-gnu/libpthread-2.23.so
7fa72da57000-7fa72da58000 r--p 00017000 08:03 263239                     /lib/x86_64-linux-gnu/libpthread-2.23.so
7fa72da58000-7fa72da59000 rw-p 00018000 08:03 263239                     /lib/x86_64-linux-gnu/libpthread-2.23.so
7fa72da59000-7fa72da5d000 rw-p 00000000 00:00 0 
7fa72da5d000-7fa72da83000 r-xp 00000000 08:03 263186                     /lib/x86_64-linux-gnu/ld-2.23.so
7fa72da83000-7fa72da84000 r--s 00007000 08:04 3411700                    /home/borche/.gradle/wrapper/dists/gradle-2.14.1-all/8bnwg5hd3w55iofp58khbp6yv/gradle-2.14.1/lib/slf4j-api-1.7.10.jar
7fa72da84000-7fa72da8a000 r--s 00025000 08:04 3411714                    /home/borche/.gradle/wrapper/dists/gradle-2.14.1-all/8bnwg5hd3w55iofp58khbp6yv/gradle-2.14.1/lib/gradle-messaging-2.14.1.jar
7fa72da8a000-7fa72daca000 rw-p 00000000 00:00 0 
7fa72daca000-7fa72db5d000 ---p 00000000 00:00 0 
7fa72db5d000-7fa72db60000 ---p 00000000 00:00 0 
7fa72db60000-7fa72dc62000 rw-p 00000000 00:00 0 
7fa72dc62000-7fa72dc64000 r--s 00009000 08:04 3411699                    /home/borche/.gradle/wrapper/dists/gradle-2.14.1-all/8bnwg5hd3w55iofp58khbp6yv/gradle-2.14.1/lib/gradle-native-2.14.1.jar
7fa72dc64000-7fa72dc66000 r--s 00005000 08:04 3411696                    /home/borche/.gradle/wrapper/dists/gradle-2.14.1-all/8bnwg5hd3w55iofp58khbp6yv/gradle-2.14.1/lib/gradle-cli-2.14.1.jar
7fa72dc66000-7fa72dc6b000 r--s 0001c000 08:04 3411715                    /home/borche/.gradle/wrapper/dists/gradle-2.14.1-all/8bnwg5hd3w55iofp58khbp6yv/gradle-2.14.1/lib/gradle-logging-2.14.1.jar
7fa72dc6b000-7fa72dc6c000 r--s 00005000 08:04 3411397                    /home/borche/.gradle/caches/2.14.1/workerMain/gradle-worker.jar
7fa72dc6c000-7fa72dc76000 rw-p 00000000 00:00 0 
7fa72dc76000-7fa72dc7e000 rw-s 00000000 08:03 663093                     /tmp/hsperfdata_borche/10350
7fa72dc7e000-7fa72dc7f000 rw-p 00000000 00:00 0 
7fa72dc7f000-7fa72dc80000 r--p 00000000 00:00 0 
7fa72dc80000-7fa72dc82000 rw-p 00000000 00:00 0 
7fa72dc82000-7fa72dc83000 r--p 00025000 08:03 263186                     /lib/x86_64-linux-gnu/ld-2.23.so
7fa72dc83000-7fa72dc84000 rw-p 00026000 08:03 263186                     /lib/x86_64-linux-gnu/ld-2.23.so
7fa72dc84000-7fa72dc85000 rw-p 00000000 00:00 0 
7ffd8caf7000-7ffd8cb19000 rw-p 00000000 00:00 0                          [stack]
7ffd8cb64000-7ffd8cb66000 r--p 00000000 00:00 0                          [vvar]
7ffd8cb66000-7ffd8cb68000 r-xp 00000000 00:00 0                          [vdso]
ffffffffff600000-ffffffffff601000 r-xp 00000000 00:00 0                  [vsyscall]

VM Arguments:
jvm_args: -Djava.awt.headless=true -Djava.security.manager=worker.org.gradle.process.internal.worker.child.BootstrapSecurityManager -Xmx512m -Dfile.encoding=UTF-8 -Duser.country=US -Duser.language=en -Duser.variant -ea 
java_command: worker.org.gradle.process.internal.worker.GradleWorkerMain 'Gradle Test Executor 2'
java_class_path (initial): /home/borche/.gradle/caches/2.14.1/workerMain/gradle-worker.jar
Launcher Type: SUN_STANDARD

Environment Variables:
JAVA_HOME=/usr/lib/jvm/java-8-oracle
PATH=/home/borche/bin:/home/borche/.local/bin:/home/borche/.local/lib/apache-jena-3.1.1/bin:/usr/local/sbin:/usr/local/bin:/usr/sbin:/usr/bin:/sbin:/bin:/usr/games:/usr/local/games:/snap/bin:/usr/lib/jvm/java-8-oracle/bin:/usr/lib/jvm/java-8-oracle/db/bin:/usr/lib/jvm/java-8-oracle/jre/bin
SHELL=/bin/bash
DISPLAY=:0

Signal Handlers:
SIGSEGV: [libjvm.so+0xac64b0], sa_mask[0]=11111111011111111101111111111110, sa_flags=SA_RESTART|SA_SIGINFO
SIGBUS: [libjvm.so+0xac64b0], sa_mask[0]=11111111011111111101111111111110, sa_flags=SA_RESTART|SA_SIGINFO
SIGFPE: [libjvm.so+0x91f950], sa_mask[0]=11111111011111111101111111111110, sa_flags=SA_RESTART|SA_SIGINFO
SIGPIPE: [libjvm.so+0x91f950], sa_mask[0]=11111111011111111101111111111110, sa_flags=SA_RESTART|SA_SIGINFO
SIGXFSZ: [libjvm.so+0x91f950], sa_mask[0]=11111111011111111101111111111110, sa_flags=SA_RESTART|SA_SIGINFO
SIGILL: [libjvm.so+0x91f950], sa_mask[0]=11111111011111111101111111111110, sa_flags=SA_RESTART|SA_SIGINFO
SIGUSR1: SIG_DFL, sa_mask[0]=00000000000000000000000000000000, sa_flags=none
SIGUSR2: [libjvm.so+0x920f80], sa_mask[0]=00100000000000000000000000000000, sa_flags=SA_RESTART|SA_SIGINFO
SIGHUP: [libjvm.so+0x922380], sa_mask[0]=11111111011111111101111111111110, sa_flags=SA_RESTART|SA_SIGINFO
SIGINT: [libjvm.so+0x922380], sa_mask[0]=11111111011111111101111111111110, sa_flags=SA_RESTART|SA_SIGINFO
SIGTERM: [libjvm.so+0x922380], sa_mask[0]=11111111011111111101111111111110, sa_flags=SA_RESTART|SA_SIGINFO
SIGQUIT: [libjvm.so+0x922380], sa_mask[0]=11111111011111111101111111111110, sa_flags=SA_RESTART|SA_SIGINFO


---------------  S Y S T E M  ---------------

OS:DISTRIB_ID=Ubuntu
DISTRIB_RELEASE=16.04
DISTRIB_CODENAME=xenial
DISTRIB_DESCRIPTION="Ubuntu 16.04.1 LTS"

uname:Linux 4.4.0-59-generic #80-Ubuntu SMP Fri Jan 6 17:47:47 UTC 2017 x86_64
libc:glibc 2.23 NPTL 2.23 
rlimit: STACK 8192k, CORE 0k, NPROC 14976, NOFILE 65536, AS infinity
load average:4.25 1.81 0.78

/proc/meminfo:
MemTotal:        3930724 kB
MemFree:         1420044 kB
MemAvailable:    1906924 kB
Buffers:          104688 kB
Cached:           710428 kB
SwapCached:            0 kB
Active:          1834032 kB
Inactive:         519176 kB
Active(anon):    1539868 kB
Inactive(anon):   142788 kB
Active(file):     294164 kB
Inactive(file):   376388 kB
Unevictable:         344 kB
Mlocked:             344 kB
SwapTotal:       8000508 kB
SwapFree:        8000508 kB
Dirty:              4912 kB
Writeback:             0 kB
AnonPages:       1540868 kB
Mapped:           238828 kB
Shmem:            144308 kB
Slab:              77056 kB
SReclaimable:      44228 kB
SUnreclaim:        32828 kB
KernelStack:        9552 kB
PageTables:        28672 kB
NFS_Unstable:          0 kB
Bounce:                0 kB
WritebackTmp:          0 kB
CommitLimit:     9965868 kB
Committed_AS:    4639640 kB
VmallocTotal:   34359738367 kB
VmallocUsed:           0 kB
VmallocChunk:          0 kB
HardwareCorrupted:     0 kB
AnonHugePages:    604160 kB
CmaTotal:              0 kB
CmaFree:               0 kB
HugePages_Total:       0
HugePages_Free:        0
HugePages_Rsvd:        0
HugePages_Surp:        0
Hugepagesize:       2048 kB
DirectMap4k:      108288 kB
DirectMap2M:     3971072 kB


CPU:total 4 (2 cores per cpu, 2 threads per core) family 6 model 42 stepping 7, cmov, cx8, fxsr, mmx, sse, sse2, sse3, ssse3, sse4.1, sse4.2, popcnt, avx, clmul, ht, tsc, tscinvbit

/proc/cpuinfo:
processor	: 0
vendor_id	: GenuineIntel
cpu family	: 6
model		: 42
model name	: Intel(R) Core(TM) i3-2328M CPU @ 2.20GHz
stepping	: 7
microcode	: 0x29
cpu MHz		: 2199.914
cache size	: 3072 KB
physical id	: 0
siblings	: 4
core id		: 0
cpu cores	: 2
apicid		: 0
initial apicid	: 0
fpu		: yes
fpu_exception	: yes
cpuid level	: 13
wp		: yes
flags		: fpu vme de pse tsc msr pae mce cx8 apic sep mtrr pge mca cmov pat pse36 clflush dts acpi mmx fxsr sse sse2 ss ht tm pbe syscall nx rdtscp lm constant_tsc arch_perfmon pebs bts rep_good nopl xtopology nonstop_tsc aperfmperf eagerfpu pni pclmulqdq dtes64 monitor ds_cpl vmx est tm2 ssse3 cx16 xtpr pdcm pcid sse4_1 sse4_2 x2apic popcnt tsc_deadline_timer xsave avx lahf_lm epb tpr_shadow vnmi flexpriority ept vpid xsaveopt dtherm arat pln pts
bugs		:
bogomips	: 4390.08
clflush size	: 64
cache_alignment	: 64
address sizes	: 36 bits physical, 48 bits virtual
power management:

processor	: 1
vendor_id	: GenuineIntel
cpu family	: 6
model		: 42
model name	: Intel(R) Core(TM) i3-2328M CPU @ 2.20GHz
stepping	: 7
microcode	: 0x29
cpu MHz		: 2199.914
cache size	: 3072 KB
physical id	: 0
siblings	: 4
core id		: 0
cpu cores	: 2
apicid		: 1
initial apicid	: 1
fpu		: yes
fpu_exception	: yes
cpuid level	: 13
wp		: yes
flags		: fpu vme de pse tsc msr pae mce cx8 apic sep mtrr pge mca cmov pat pse36 clflush dts acpi mmx fxsr sse sse2 ss ht tm pbe syscall nx rdtscp lm constant_tsc arch_perfmon pebs bts rep_good nopl xtopology nonstop_tsc aperfmperf eagerfpu pni pclmulqdq dtes64 monitor ds_cpl vmx est tm2 ssse3 cx16 xtpr pdcm pcid sse4_1 sse4_2 x2apic popcnt tsc_deadline_timer xsave avx lahf_lm epb tpr_shadow vnmi flexpriority ept vpid xsaveopt dtherm arat pln pts
bugs		:
bogomips	: 4390.08
clflush size	: 64
cache_alignment	: 64
address sizes	: 36 bits physical, 48 bits virtual
power management:

processor	: 2
vendor_id	: GenuineIntel
cpu family	: 6
model		: 42
model name	: Intel(R) Core(TM) i3-2328M CPU @ 2.20GHz
stepping	: 7
microcode	: 0x29
cpu MHz		: 2200.000
cache size	: 3072 KB
physical id	: 0
siblings	: 4
core id		: 1
cpu cores	: 2
apicid		: 2
initial apicid	: 2
fpu		: yes
fpu_exception	: yes
cpuid level	: 13
wp		: yes
flags		: fpu vme de pse tsc msr pae mce cx8 apic sep mtrr pge mca cmov pat pse36 clflush dts acpi mmx fxsr sse sse2 ss ht tm pbe syscall nx rdtscp lm constant_tsc arch_perfmon pebs bts rep_good nopl xtopology nonstop_tsc aperfmperf eagerfpu pni pclmulqdq dtes64 monitor ds_cpl vmx est tm2 ssse3 cx16 xtpr pdcm pcid sse4_1 sse4_2 x2apic popcnt tsc_deadline_timer xsave avx lahf_lm epb tpr_shadow vnmi flexpriority ept vpid xsaveopt dtherm arat pln pts
bugs		:
bogomips	: 4390.08
clflush size	: 64
cache_alignment	: 64
address sizes	: 36 bits physical, 48 bits virtual
power management:

processor	: 3
vendor_id	: GenuineIntel
cpu family	: 6
model		: 42
model name	: Intel(R) Core(TM) i3-2328M CPU @ 2.20GHz
stepping	: 7
microcode	: 0x29
cpu MHz		: 2200.000
cache size	: 3072 KB
physical id	: 0
siblings	: 4
core id		: 1
cpu cores	: 2
apicid		: 3
initial apicid	: 3
fpu		: yes
fpu_exception	: yes
cpuid level	: 13
wp		: yes
flags		: fpu vme de pse tsc msr pae mce cx8 apic sep mtrr pge mca cmov pat pse36 clflush dts acpi mmx fxsr sse sse2 ss ht tm pbe syscall nx rdtscp lm constant_tsc arch_perfmon pebs bts rep_good nopl xtopology nonstop_tsc aperfmperf eagerfpu pni pclmulqdq dtes64 monitor ds_cpl vmx est tm2 ssse3 cx16 xtpr pdcm pcid sse4_1 sse4_2 x2apic popcnt tsc_deadline_timer xsave avx lahf_lm epb tpr_shadow vnmi flexpriority ept vpid xsaveopt dtherm arat pln pts
bugs		:
bogomips	: 4390.08
clflush size	: 64
cache_alignment	: 64
address sizes	: 36 bits physical, 48 bits virtual
power management:



Memory: 4k page, physical 3930724k(1420044k free), swap 8000508k(8000508k free)

vm_info: Java HotSpot(TM) 64-Bit Server VM (25.111-b14) for linux-amd64 JRE (1.8.0_111-b14), built on Sep 22 2016 16:14:03 by "java_re" with gcc 4.3.0 20080428 (Red Hat 4.3.0-8)

time: Tue Jan 17 10:26:45 2017
elapsed time: 12 seconds (0d 0h 0m 12s)

